2023-04-09 01:30:17.364 [info] Extension host with pid 283 started
2023-04-09 01:30:17.374 [info] Lock '/home/ascenderuser/.vscode-server/data/User/workspaceStorage/b2cf6719777e73c29148595f67d97134/vscode.lock': Lock acquired.
2023-04-09 01:30:17.432 [info] ExtensionService#_doActivateExtension vscode.emmet, startup: false, activationEvent: 'onLanguage'
2023-04-09 01:30:17.433 [info] ExtensionService#_doActivateExtension ms-python.python, startup: false, activationEvent: 'onLanguage:python'
2023-04-09 01:30:17.433 [info] ExtensionService#_doActivateExtension ms-toolsai.jupyter, startup: false, activationEvent: 'onLanguage:python'
2023-04-09 01:30:17.938 [info] ExtensionService#_doActivateExtension ms-toolsai.jupyter-renderers, startup: false, activationEvent: 'api', root cause: ms-toolsai.jupyter
2023-04-09 01:30:18.069 [info] ExtensionService#_doActivateExtension ms-python.vscode-pylance, startup: false, activationEvent: 'onLanguage:python'
2023-04-09 01:30:18.355 [info] ExtensionService#_doActivateExtension vscode.git-base, startup: true, activationEvent: '*', root cause: vscode.git
2023-04-09 01:30:18.376 [info] ExtensionService#_doActivateExtension vscode.git, startup: true, activationEvent: '*'
2023-04-09 01:30:18.376 [info] ExtensionService#_doActivateExtension vscode.github, startup: true, activationEvent: '*'
2023-04-09 01:30:18.482 [info] Eager extensions activated
2023-04-09 01:30:18.482 [info] ExtensionService#_doActivateExtension vscode.debug-auto-launch, startup: false, activationEvent: 'onStartupFinished'
2023-04-09 01:30:18.482 [info] ExtensionService#_doActivateExtension vscode.merge-conflict, startup: false, activationEvent: 'onStartupFinished'
2023-04-09 01:30:18.736 [warning] [Decorations] CAPPING events from decorations provider vscode.git 9792
2023-04-09 01:30:19.416 [warning] [Decorations] CAPPING events from decorations provider vscode.git 9792
2023-04-09 01:30:21.619 [warning] [Decorations] CAPPING events from decorations provider vscode.git 9793
2023-04-09 01:30:21.628 [error] Error: Module 'pip' not installed.
	at au.execModule (/home/ascenderuser/.vscode-server/extensions/ms-toolsai.jupyter-2023.3.1000892223/out/extension.node.js:7:27794)
	at processTicksAndRejections (node:internal/process/task_queues:96:5)
	at async Kd.getPackageInformation (/home/ascenderuser/.vscode-server/extensions/ms-toolsai.jupyter-2023.3.1000892223/out/extension.node.js:7:19123)
2023-04-09 01:30:26.715 [warning] [Decorations] CAPPING events from decorations provider vscode.git 9793
2023-04-09 01:30:31.808 [warning] [Decorations] CAPPING events from decorations provider vscode.git 9793
2023-04-09 01:30:36.899 [warning] [Decorations] CAPPING events from decorations provider vscode.git 9793
2023-04-09 01:30:41.989 [warning] [Decorations] CAPPING events from decorations provider vscode.git 9793
2023-04-09 01:30:42.678 [info] ExtensionService#_doActivateExtension vscode.configuration-editing, startup: false, activationEvent: 'onLanguage:jsonc'
2023-04-09 01:30:42.678 [info] ExtensionService#_doActivateExtension vscode.json-language-features, startup: false, activationEvent: 'onLanguage:jsonc'
2023-04-09 01:30:42.678 [info] ExtensionService#_doActivateExtension vscode.typescript-language-features, startup: false, activationEvent: 'onLanguage:jsonc'
2023-04-09 01:30:47.085 [warning] [Decorations] CAPPING events from decorations provider vscode.git 9794
2023-04-09 01:30:52.183 [warning] [Decorations] CAPPING events from decorations provider vscode.git 9795
2023-04-09 01:30:57.278 [warning] [Decorations] CAPPING events from decorations provider vscode.git 9795
2023-04-09 01:31:02.370 [warning] [Decorations] CAPPING events from decorations provider vscode.git 9795
2023-04-09 01:31:07.467 [warning] [Decorations] CAPPING events from decorations provider vscode.git 9795
2023-04-09 01:31:08.075 [info] ExtensionService#_doActivateExtension vscode.npm, startup: false, activationEvent: 'onTerminalQuickFixRequest:ms-vscode.npm-command'
2023-04-09 01:31:12.557 [warning] [Decorations] CAPPING events from decorations provider vscode.git 9795
2023-04-09 01:31:17.653 [warning] [Decorations] CAPPING events from decorations provider vscode.git 9795
2023-04-09 01:31:22.748 [warning] [Decorations] CAPPING events from decorations provider vscode.git 9795
2023-04-09 01:31:25.794 [info] Extension host terminating: received terminate message from renderer
2023-04-09 01:31:25.794 [info] Lock '/home/ascenderuser/.vscode-server/data/User/workspaceStorage/b2cf6719777e73c29148595f67d97134/vscode.lock': Marking the lockfile as scheduled to be released in 6000 ms.
2023-04-09 01:31:25.818 [error] Canceled: Canceled
	at new l (/vscode/vscode-server/bin/linux-x64/7f329fe6c66b0f86ae1574c2911b681ad5a45d63/out/vs/workbench/api/node/extensionHostProcess.js:99:105190)
	at c.O (/vscode/vscode-server/bin/linux-x64/7f329fe6c66b0f86ae1574c2911b681ad5a45d63/out/vs/workbench/api/node/extensionHostProcess.js:109:11692)
	at Proxy.G.<computed>.Q.charCodeAt.G.<computed> (/vscode/vscode-server/bin/linux-x64/7f329fe6c66b0f86ae1574c2911b681ad5a45d63/out/vs/workbench/api/node/extensionHostProcess.js:109:8967)
	at m.g (/vscode/vscode-server/bin/linux-x64/7f329fe6c66b0f86ae1574c2911b681ad5a45d63/out/vs/workbench/api/node/extensionHostProcess.js:99:125211)
	at m.executeCommand (/vscode/vscode-server/bin/linux-x64/7f329fe6c66b0f86ae1574c2911b681ad5a45d63/out/vs/workbench/api/node/extensionHostProcess.js:99:124587)
	at L.registerCommand.description (/vscode/vscode-server/bin/linux-x64/7f329fe6c66b0f86ae1574c2911b681ad5a45d63/out/vs/workbench/api/node/extensionHostProcess.js:99:123880)
	at m.h (/vscode/vscode-server/bin/linux-x64/7f329fe6c66b0f86ae1574c2911b681ad5a45d63/out/vs/workbench/api/node/extensionHostProcess.js:99:125797)
	at m.g (/vscode/vscode-server/bin/linux-x64/7f329fe6c66b0f86ae1574c2911b681ad5a45d63/out/vs/workbench/api/node/extensionHostProcess.js:99:124687)
	at m.executeCommand (/vscode/vscode-server/bin/linux-x64/7f329fe6c66b0f86ae1574c2911b681ad5a45d63/out/vs/workbench/api/node/extensionHostProcess.js:99:124587)
	at Object.executeCommand (/vscode/vscode-server/bin/linux-x64/7f329fe6c66b0f86ae1574c2911b681ad5a45d63/out/vs/workbench/api/node/extensionHostProcess.js:115:23801)
	at D (/vscode/vscode-server/bin/linux-x64/7f329fe6c66b0f86ae1574c2911b681ad5a45d63/extensions/git/dist/main.js:2:1467156)
	at E.invoke (/vscode/vscode-server/bin/linux-x64/7f329fe6c66b0f86ae1574c2911b681ad5a45d63/out/vs/workbench/api/node/extensionHostProcess.js:63:145)
	at h.deliver (/vscode/vscode-server/bin/linux-x64/7f329fe6c66b0f86ae1574c2911b681ad5a45d63/out/vs/workbench/api/node/extensionHostProcess.js:63:2121)
	at n.fire (/vscode/vscode-server/bin/linux-x64/7f329fe6c66b0f86ae1574c2911b681ad5a45d63/out/vs/workbench/api/node/extensionHostProcess.js:63:1729)
	at Object.m [as dispose] (/vscode/vscode-server/bin/linux-x64/7f329fe6c66b0f86ae1574c2911b681ad5a45d63/extensions/git/dist/main.js:2:1481885)
	at /vscode/vscode-server/bin/linux-x64/7f329fe6c66b0f86ae1574c2911b681ad5a45d63/extensions/git/dist/main.js:2:1485952
	at Array.forEach (<anonymous>)
	at g.dispose (/vscode/vscode-server/bin/linux-x64/7f329fe6c66b0f86ae1574c2911b681ad5a45d63/extensions/git/dist/main.js:2:1485938)
	at t.<anonymous> (/vscode/vscode-server/bin/linux-x64/7f329fe6c66b0f86ae1574c2911b681ad5a45d63/out/vs/workbench/api/node/extensionHostProcess.js:97:12398)
	at t.dispose (/vscode/vscode-server/bin/linux-x64/7f329fe6c66b0f86ae1574c2911b681ad5a45d63/out/vs/workbench/api/node/extensionHostProcess.js:97:12533)
	at t.<anonymous> (/vscode/vscode-server/bin/linux-x64/7f329fe6c66b0f86ae1574c2911b681ad5a45d63/extensions/git/dist/main.js:2:1469286)
	at t.dispose (/vscode/vscode-server/bin/linux-x64/7f329fe6c66b0f86ae1574c2911b681ad5a45d63/out/vs/workbench/api/node/extensionHostProcess.js:97:12533)
	at I (/vscode/vscode-server/bin/linux-x64/7f329fe6c66b0f86ae1574c2911b681ad5a45d63/out/vs/workbench/api/node/extensionHostProcess.js:10:12084)
	at E.Y (/vscode/vscode-server/bin/linux-x64/7f329fe6c66b0f86ae1574c2911b681ad5a45d63/out/vs/workbench/api/node/extensionHostProcess.js:111:11147)
	at /vscode/vscode-server/bin/linux-x64/7f329fe6c66b0f86ae1574c2911b681ad5a45d63/out/vs/workbench/api/node/extensionHostProcess.js:111:9131
	at Array.map (<anonymous>)
	at E.R (/vscode/vscode-server/bin/linux-x64/7f329fe6c66b0f86ae1574c2911b681ad5a45d63/out/vs/workbench/api/node/extensionHostProcess.js:111:9118)
	at E.terminate (/vscode/vscode-server/bin/linux-x64/7f329fe6c66b0f86ae1574c2911b681ad5a45d63/out/vs/workbench/api/node/extensionHostProcess.js:111:9389)
	at d.terminate (/vscode/vscode-server/bin/linux-x64/7f329fe6c66b0f86ae1574c2911b681ad5a45d63/out/vs/workbench/api/node/extensionHostProcess.js:115:1544)
	at p (/vscode/vscode-server/bin/linux-x64/7f329fe6c66b0f86ae1574c2911b681ad5a45d63/out/vs/workbench/api/node/extensionHostProcess.js:125:18690)
	at /vscode/vscode-server/bin/linux-x64/7f329fe6c66b0f86ae1574c2911b681ad5a45d63/out/vs/workbench/api/node/extensionHostProcess.js:125:16600
	at E.invoke (/vscode/vscode-server/bin/linux-x64/7f329fe6c66b0f86ae1574c2911b681ad5a45d63/out/vs/workbench/api/node/extensionHostProcess.js:63:145)
	at h.deliver (/vscode/vscode-server/bin/linux-x64/7f329fe6c66b0f86ae1574c2911b681ad5a45d63/out/vs/workbench/api/node/extensionHostProcess.js:63:2121)
	at n.fire (/vscode/vscode-server/bin/linux-x64/7f329fe6c66b0f86ae1574c2911b681ad5a45d63/out/vs/workbench/api/node/extensionHostProcess.js:63:1729)
	at p.fire (/vscode/vscode-server/bin/linux-x64/7f329fe6c66b0f86ae1574c2911b681ad5a45d63/out/vs/workbench/api/node/extensionHostProcess.js:72:14916)
	at s.E (/vscode/vscode-server/bin/linux-x64/7f329fe6c66b0f86ae1574c2911b681ad5a45d63/out/vs/workbench/api/node/extensionHostProcess.js:72:18982)
	at /vscode/vscode-server/bin/linux-x64/7f329fe6c66b0f86ae1574c2911b681ad5a45d63/out/vs/workbench/api/node/extensionHostProcess.js:72:16970
	at E.invoke (/vscode/vscode-server/bin/linux-x64/7f329fe6c66b0f86ae1574c2911b681ad5a45d63/out/vs/workbench/api/node/extensionHostProcess.js:63:145)
	at h.deliver (/vscode/vscode-server/bin/linux-x64/7f329fe6c66b0f86ae1574c2911b681ad5a45d63/out/vs/workbench/api/node/extensionHostProcess.js:63:2121)
	at n.fire (/vscode/vscode-server/bin/linux-x64/7f329fe6c66b0f86ae1574c2911b681ad5a45d63/out/vs/workbench/api/node/extensionHostProcess.js:63:1729)
	at d.acceptChunk (/vscode/vscode-server/bin/linux-x64/7f329fe6c66b0f86ae1574c2911b681ad5a45d63/out/vs/workbench/api/node/extensionHostProcess.js:72:12647)
	at /vscode/vscode-server/bin/linux-x64/7f329fe6c66b0f86ae1574c2911b681ad5a45d63/out/vs/workbench/api/node/extensionHostProcess.js:72:11934
	at E.invoke (/vscode/vscode-server/bin/linux-x64/7f329fe6c66b0f86ae1574c2911b681ad5a45d63/out/vs/workbench/api/node/extensionHostProcess.js:63:145)
	at h.deliver (/vscode/vscode-server/bin/linux-x64/7f329fe6c66b0f86ae1574c2911b681ad5a45d63/out/vs/workbench/api/node/extensionHostProcess.js:63:2121)
	at n.fire (/vscode/vscode-server/bin/linux-x64/7f329fe6c66b0f86ae1574c2911b681ad5a45d63/out/vs/workbench/api/node/extensionHostProcess.js:63:1729)
	at n.u (/vscode/vscode-server/bin/linux-x64/7f329fe6c66b0f86ae1574c2911b681ad5a45d63/out/vs/workbench/api/node/extensionHostProcess.js:72:28919)
	at n.acceptFrame (/vscode/vscode-server/bin/linux-x64/7f329fe6c66b0f86ae1574c2911b681ad5a45d63/out/vs/workbench/api/node/extensionHostProcess.js:72:28725)
	at E.l (/vscode/vscode-server/bin/linux-x64/7f329fe6c66b0f86ae1574c2911b681ad5a45d63/out/vs/workbench/api/node/extensionHostProcess.js:72:27312)
	at /vscode/vscode-server/bin/linux-x64/7f329fe6c66b0f86ae1574c2911b681ad5a45d63/out/vs/workbench/api/node/extensionHostProcess.js:72:24635
	at Socket.s (/vscode/vscode-server/bin/linux-x64/7f329fe6c66b0f86ae1574c2911b681ad5a45d63/out/vs/workbench/api/node/extensionHostProcess.js:72:22469)
	at Socket.emit (node:events:526:28)
	at addChunk (node:internal/streams/readable:315:12)
	at readableAddChunk (node:internal/streams/readable:289:9)
	at Socket.Readable.push (node:internal/streams/readable:228:10)
	at TCP.onStreamRead (node:internal/stream_base_commons:190:23) setContext undefined
2023-04-09 01:31:25.830 [info] Extension host with pid 283 exiting with code 0
