2023-04-09 04:00:18.225 [info] Extension host with pid 281 started
2023-04-09 04:00:18.231 [info] Lock '/home/ascenderuser/.vscode-server/data/User/workspaceStorage/b2cf6719777e73c29148595f67d97134/vscode.lock': Lock acquired.
2023-04-09 04:00:18.262 [info] ExtensionService#_doActivateExtension ms-python.python, startup: false, activationEvent: 'onLanguage:python'
2023-04-09 04:00:18.262 [info] ExtensionService#_doActivateExtension ms-toolsai.jupyter, startup: false, activationEvent: 'onLanguage:python'
2023-04-09 04:00:18.263 [info] ExtensionService#_doActivateExtension vscode.emmet, startup: false, activationEvent: 'onLanguage'
2023-04-09 04:00:18.706 [info] ExtensionService#_doActivateExtension ms-toolsai.jupyter-renderers, startup: false, activationEvent: 'api', root cause: ms-toolsai.jupyter
2023-04-09 04:00:18.800 [info] ExtensionService#_doActivateExtension ms-python.vscode-pylance, startup: false, activationEvent: 'onLanguage:python'
2023-04-09 04:00:19.040 [info] ExtensionService#_doActivateExtension vscode.git-base, startup: true, activationEvent: '*', root cause: vscode.git
2023-04-09 04:00:19.047 [info] ExtensionService#_doActivateExtension vscode.git, startup: true, activationEvent: '*'
2023-04-09 04:00:19.047 [info] ExtensionService#_doActivateExtension vscode.github, startup: true, activationEvent: '*'
2023-04-09 04:00:19.145 [info] Eager extensions activated
2023-04-09 04:00:19.145 [info] ExtensionService#_doActivateExtension vscode.debug-auto-launch, startup: false, activationEvent: 'onStartupFinished'
2023-04-09 04:00:19.145 [info] ExtensionService#_doActivateExtension vscode.merge-conflict, startup: false, activationEvent: 'onStartupFinished'
2023-04-09 04:00:19.299 [warning] [Decorations] CAPPING events from decorations provider vscode.git 850
2023-04-09 04:00:19.472 [warning] [Decorations] CAPPING events from decorations provider vscode.git 850
2023-04-09 04:00:23.362 [warning] [Decorations] CAPPING events from decorations provider vscode.git 851
2023-04-09 04:00:26.646 [info] ExtensionService#_doActivateExtension vscode.npm, startup: false, activationEvent: 'onTerminalQuickFixRequest:ms-vscode.npm-command'
2023-04-09 04:00:29.359 [warning] [Decorations] CAPPING events from decorations provider vscode.git 869
2023-04-09 04:00:34.404 [warning] [Decorations] CAPPING events from decorations provider vscode.git 869
2023-04-09 04:00:39.446 [warning] [Decorations] CAPPING events from decorations provider vscode.git 869
2023-04-09 04:00:44.487 [warning] [Decorations] CAPPING events from decorations provider vscode.git 869
2023-04-09 04:00:49.525 [warning] [Decorations] CAPPING events from decorations provider vscode.git 869
2023-04-09 04:00:54.568 [warning] [Decorations] CAPPING events from decorations provider vscode.git 869
2023-04-09 04:00:59.612 [warning] [Decorations] CAPPING events from decorations provider vscode.git 869
2023-04-09 04:01:04.653 [warning] [Decorations] CAPPING events from decorations provider vscode.git 869
2023-04-09 04:01:09.696 [warning] [Decorations] CAPPING events from decorations provider vscode.git 869
2023-04-09 04:01:14.734 [warning] [Decorations] CAPPING events from decorations provider vscode.git 869
2023-04-09 04:01:15.323 [info] ExtensionService#_doActivateExtension vscode.configuration-editing, startup: false, activationEvent: 'onLanguage:jsonc'
2023-04-09 04:01:15.323 [info] ExtensionService#_doActivateExtension vscode.json-language-features, startup: false, activationEvent: 'onLanguage:jsonc'
2023-04-09 04:01:15.323 [info] ExtensionService#_doActivateExtension vscode.typescript-language-features, startup: false, activationEvent: 'onLanguage:jsonc'
2023-04-09 04:01:19.781 [warning] [Decorations] CAPPING events from decorations provider vscode.git 870
2023-04-09 04:01:24.825 [warning] [Decorations] CAPPING events from decorations provider vscode.git 873
2023-04-09 04:01:32.723 [warning] [Decorations] CAPPING events from decorations provider vscode.git 873
2023-04-09 04:01:37.763 [warning] [Decorations] CAPPING events from decorations provider vscode.git 873
2023-04-09 04:01:42.800 [warning] [Decorations] CAPPING events from decorations provider vscode.git 873
2023-04-09 04:01:48.369 [warning] [Decorations] CAPPING events from decorations provider vscode.git 873
2023-04-09 04:33:06.902 [warning] [Decorations] CAPPING events from decorations provider vscode.git 873
2023-04-09 04:33:11.946 [warning] [Decorations] CAPPING events from decorations provider vscode.git 873
2023-04-09 04:33:16.984 [warning] [Decorations] CAPPING events from decorations provider vscode.git 873
2023-04-09 04:33:22.020 [warning] [Decorations] CAPPING events from decorations provider vscode.git 873
2023-04-09 04:33:27.061 [warning] [Decorations] CAPPING events from decorations provider vscode.git 873
2023-04-09 04:33:32.098 [warning] [Decorations] CAPPING events from decorations provider vscode.git 873
2023-04-09 04:33:37.133 [warning] [Decorations] CAPPING events from decorations provider vscode.git 873
2023-04-09 04:33:42.177 [warning] [Decorations] CAPPING events from decorations provider vscode.git 873
2023-04-09 04:35:23.860 [warning] [Decorations] CAPPING events from decorations provider vscode.git 873
2023-04-09 04:36:05.132 [warning] [Decorations] CAPPING events from decorations provider vscode.git 873
2023-04-09 04:36:10.171 [warning] [Decorations] CAPPING events from decorations provider vscode.git 873
2023-04-09 04:36:15.209 [warning] [Decorations] CAPPING events from decorations provider vscode.git 873
2023-04-09 04:36:20.250 [warning] [Decorations] CAPPING events from decorations provider vscode.git 873
2023-04-09 04:36:25.289 [warning] [Decorations] CAPPING events from decorations provider vscode.git 873
2023-04-09 04:36:30.331 [warning] [Decorations] CAPPING events from decorations provider vscode.git 873
2023-04-09 04:38:38.672 [warning] [Decorations] CAPPING events from decorations provider vscode.git 873
2023-04-09 04:38:43.713 [warning] [Decorations] CAPPING events from decorations provider vscode.git 873
2023-04-09 04:38:48.755 [warning] [Decorations] CAPPING events from decorations provider vscode.git 873
