2023-04-09 03:03:52.766 [info] Log level: Info
2023-04-09 03:03:52.766 [info] Validating found git in: "git"
2023-04-09 03:03:52.766 [info] Using git "2.25.1" from "git"
2023-04-09 03:03:52.766 [info] > git rev-parse --show-toplevel [83ms]
2023-04-09 03:03:52.766 [info] > git rev-parse --git-dir --git-common-dir [81ms]
2023-04-09 03:03:52.766 [info] Open repository: /home/ascenderuser
2023-04-09 03:03:52.766 [info] > git rev-parse --show-toplevel [26ms]
2023-04-09 03:03:52.775 [info] > git rev-parse --show-toplevel [11ms]
2023-04-09 03:03:52.783 [info] > git config --get commit.template [41ms]
2023-04-09 03:03:52.791 [info] > git rev-parse --show-toplevel [9ms]
2023-04-09 03:03:52.810 [info] > git rev-parse --show-toplevel [12ms]
2023-04-09 03:03:53.019 [info] > git rev-parse --show-toplevel [202ms]
2023-04-09 03:03:53.025 [info] > git for-each-ref --format=%(refname)%00%(upstream:short)%00%(objectname)%00%(upstream:track)%00%(upstream:remotename)%00%(upstream:remoteref) refs/heads/develop refs/remotes/develop [220ms]
2023-04-09 03:03:53.036 [info] > git rev-parse --show-toplevel [11ms]
2023-04-09 03:03:53.043 [info] > git log --format=%H%n%aN%n%aE%n%at%n%ct%n%P%n%D%n%B -z -n527 -- /home/ascenderuser/.vscode/settings.json [24ms]
2023-04-09 03:03:53.061 [info] > git rev-parse --show-toplevel [18ms]
2023-04-09 03:03:53.070 [info] > git rev-parse --show-toplevel [2ms]
2023-04-09 03:03:53.081 [info] > git rev-parse --show-toplevel [6ms]
2023-04-09 03:03:53.086 [info] > git rev-parse --show-toplevel [1ms]
2023-04-09 03:03:53.091 [info] > git rev-parse --show-toplevel [1ms]
2023-04-09 03:03:53.096 [info] > git status -z -uall [63ms]
2023-04-09 03:03:53.096 [info] > git rev-parse --show-toplevel [1ms]
2023-04-09 03:03:53.211 [info] > git rev-parse --show-toplevel [110ms]
2023-04-09 03:03:53.232 [info] > git rev-parse --show-toplevel [16ms]
2023-04-09 03:03:53.237 [info] > git config --get commit.template [50ms]
2023-04-09 03:03:53.677 [info] > git rev-parse --show-toplevel [440ms]
2023-04-09 03:03:53.724 [info] > git rev-parse --show-toplevel [43ms]
2023-04-09 03:03:53.732 [info] > git check-ignore -v -z --stdin [26ms]
2023-04-09 03:03:53.733 [info] > git log --format=%H%n%aN%n%aE%n%at%n%ct%n%P%n%D%n%B -z -n527 -- /home/ascenderuser/.vscode/settings.json [14ms]
2023-04-09 03:03:53.733 [info] > git for-each-ref --format=%(refname)%00%(upstream:short)%00%(objectname)%00%(upstream:track)%00%(upstream:remotename)%00%(upstream:remoteref) refs/heads/develop refs/remotes/develop [20ms]
2023-04-09 03:03:53.740 [info] > git rev-parse --show-toplevel [9ms]
2023-04-09 03:03:53.756 [info] > git show --textconv :.vscode/settings.json [8ms]
2023-04-09 03:03:53.770 [info] > git ls-files --stage -- /home/ascenderuser/.vscode/settings.json [16ms]
2023-04-09 03:03:53.785 [info] > git status -z -uall [46ms]
2023-04-09 03:03:58.807 [info] > git config --get commit.template [5ms]
2023-04-09 03:03:58.808 [info] > git for-each-ref --format=%(refname)%00%(upstream:short)%00%(objectname)%00%(upstream:track)%00%(upstream:remotename)%00%(upstream:remoteref) refs/heads/develop refs/remotes/develop [1ms]
2023-04-09 03:03:58.831 [info] > git status -z -uall [19ms]
2023-04-09 03:04:03.905 [info] > git config --get commit.template [5ms]
2023-04-09 03:04:03.905 [info] > git for-each-ref --format=%(refname)%00%(upstream:short)%00%(objectname)%00%(upstream:track)%00%(upstream:remotename)%00%(upstream:remoteref) refs/heads/develop refs/remotes/develop [1ms]
2023-04-09 03:04:03.927 [info] > git status -z -uall [18ms]
2023-04-09 03:04:08.995 [info] > git config --get commit.template [5ms]
2023-04-09 03:04:08.995 [info] > git for-each-ref --format=%(refname)%00%(upstream:short)%00%(objectname)%00%(upstream:track)%00%(upstream:remotename)%00%(upstream:remoteref) refs/heads/develop refs/remotes/develop [0ms]
2023-04-09 03:04:09.017 [info] > git status -z -uall [18ms]
2023-04-09 03:04:14.075 [info] > git config --get commit.template [1ms]
2023-04-09 03:04:14.080 [info] > git for-each-ref --format=%(refname)%00%(upstream:short)%00%(objectname)%00%(upstream:track)%00%(upstream:remotename)%00%(upstream:remoteref) refs/heads/develop refs/remotes/develop [1ms]
2023-04-09 03:04:14.104 [info] > git status -z -uall [19ms]
2023-04-09 03:04:19.166 [info] > git config --get commit.template [6ms]
2023-04-09 03:04:19.166 [info] > git for-each-ref --format=%(refname)%00%(upstream:short)%00%(objectname)%00%(upstream:track)%00%(upstream:remotename)%00%(upstream:remoteref) refs/heads/develop refs/remotes/develop [1ms]
2023-04-09 03:04:19.191 [info] > git status -z -uall [21ms]
2023-04-09 03:04:24.254 [info] > git config --get commit.template [6ms]
2023-04-09 03:04:24.255 [info] > git for-each-ref --format=%(refname)%00%(upstream:short)%00%(objectname)%00%(upstream:track)%00%(upstream:remotename)%00%(upstream:remoteref) refs/heads/develop refs/remotes/develop [1ms]
2023-04-09 03:04:24.279 [info] > git status -z -uall [20ms]
2023-04-09 03:04:28.718 [info] > git check-ignore -v -z --stdin [0ms]
2023-04-09 03:04:29.341 [info] > git config --get commit.template [5ms]
2023-04-09 03:04:29.341 [info] > git for-each-ref --format=%(refname)%00%(upstream:short)%00%(objectname)%00%(upstream:track)%00%(upstream:remotename)%00%(upstream:remoteref) refs/heads/develop refs/remotes/develop [0ms]
2023-04-09 03:04:29.364 [info] > git status -z -uall [19ms]
2023-04-09 03:04:29.947 [info] > git check-ignore -v -z --stdin [8ms]
2023-04-09 03:04:32.518 [info] > git log --format=%H%n%aN%n%aE%n%at%n%ct%n%P%n%D%n%B -z -n527 -- /home/ascenderuser/.venv/pyvenv.cfg [3ms]
2023-04-09 03:04:32.719 [info] > git show --textconv :.venv/pyvenv.cfg [6ms]
2023-04-09 03:04:32.720 [info] > git ls-files --stage -- /home/ascenderuser/.venv/pyvenv.cfg [2ms]
2023-04-09 03:04:34.427 [info] > git config --get commit.template [5ms]
2023-04-09 03:04:34.427 [info] > git for-each-ref --format=%(refname)%00%(upstream:short)%00%(objectname)%00%(upstream:track)%00%(upstream:remotename)%00%(upstream:remoteref) refs/heads/develop refs/remotes/develop [1ms]
2023-04-09 03:04:34.450 [info] > git status -z -uall [18ms]
2023-04-09 03:04:39.517 [info] > git config --get commit.template [0ms]
2023-04-09 03:04:39.523 [info] > git for-each-ref --format=%(refname)%00%(upstream:short)%00%(objectname)%00%(upstream:track)%00%(upstream:remotename)%00%(upstream:remoteref) refs/heads/develop refs/remotes/develop [1ms]
2023-04-09 03:04:39.545 [info] > git status -z -uall [18ms]
2023-04-09 03:04:44.605 [info] > git config --get commit.template [0ms]
2023-04-09 03:04:44.610 [info] > git for-each-ref --format=%(refname)%00%(upstream:short)%00%(objectname)%00%(upstream:track)%00%(upstream:remotename)%00%(upstream:remoteref) refs/heads/develop refs/remotes/develop [0ms]
2023-04-09 03:04:44.633 [info] > git status -z -uall [19ms]
2023-04-09 03:04:49.695 [info] > git config --get commit.template [6ms]
2023-04-09 03:04:49.695 [info] > git for-each-ref --format=%(refname)%00%(upstream:short)%00%(objectname)%00%(upstream:track)%00%(upstream:remotename)%00%(upstream:remoteref) refs/heads/develop refs/remotes/develop [1ms]
2023-04-09 03:04:49.719 [info] > git status -z -uall [19ms]
2023-04-09 03:04:54.783 [info] > git config --get commit.template [6ms]
2023-04-09 03:04:54.783 [info] > git for-each-ref --format=%(refname)%00%(upstream:short)%00%(objectname)%00%(upstream:track)%00%(upstream:remotename)%00%(upstream:remoteref) refs/heads/develop refs/remotes/develop [1ms]
2023-04-09 03:04:54.806 [info] > git status -z -uall [19ms]
2023-04-09 03:04:59.867 [info] > git config --get commit.template [5ms]
2023-04-09 03:04:59.868 [info] > git for-each-ref --format=%(refname)%00%(upstream:short)%00%(objectname)%00%(upstream:track)%00%(upstream:remotename)%00%(upstream:remoteref) refs/heads/develop refs/remotes/develop [1ms]
2023-04-09 03:04:59.890 [info] > git status -z -uall [18ms]
2023-04-09 03:05:04.944 [info] > git config --get commit.template [0ms]
2023-04-09 03:05:04.950 [info] > git for-each-ref --format=%(refname)%00%(upstream:short)%00%(objectname)%00%(upstream:track)%00%(upstream:remotename)%00%(upstream:remoteref) refs/heads/develop refs/remotes/develop [0ms]
2023-04-09 03:05:04.973 [info] > git status -z -uall [19ms]
2023-04-09 03:05:10.031 [info] > git config --get commit.template [1ms]
2023-04-09 03:05:10.037 [info] > git for-each-ref --format=%(refname)%00%(upstream:short)%00%(objectname)%00%(upstream:track)%00%(upstream:remotename)%00%(upstream:remoteref) refs/heads/develop refs/remotes/develop [1ms]
2023-04-09 03:05:10.060 [info] > git status -z -uall [18ms]
2023-04-09 03:05:15.123 [info] > git config --get commit.template [6ms]
2023-04-09 03:05:15.123 [info] > git for-each-ref --format=%(refname)%00%(upstream:short)%00%(objectname)%00%(upstream:track)%00%(upstream:remotename)%00%(upstream:remoteref) refs/heads/develop refs/remotes/develop [0ms]
2023-04-09 03:05:15.147 [info] > git status -z -uall [19ms]
2023-04-09 03:05:20.204 [info] > git config --get commit.template [1ms]
2023-04-09 03:05:20.209 [info] > git for-each-ref --format=%(refname)%00%(upstream:short)%00%(objectname)%00%(upstream:track)%00%(upstream:remotename)%00%(upstream:remoteref) refs/heads/develop refs/remotes/develop [1ms]
2023-04-09 03:05:20.233 [info] > git status -z -uall [20ms]
2023-04-09 03:05:25.303 [info] > git config --get commit.template [0ms]
2023-04-09 03:05:25.308 [info] > git for-each-ref --format=%(refname)%00%(upstream:short)%00%(objectname)%00%(upstream:track)%00%(upstream:remotename)%00%(upstream:remoteref) refs/heads/develop refs/remotes/develop [1ms]
2023-04-09 03:05:25.331 [info] > git status -z -uall [19ms]
2023-04-09 03:05:30.389 [info] > git config --get commit.template [5ms]
2023-04-09 03:05:30.389 [info] > git for-each-ref --format=%(refname)%00%(upstream:short)%00%(objectname)%00%(upstream:track)%00%(upstream:remotename)%00%(upstream:remoteref) refs/heads/develop refs/remotes/develop [1ms]
2023-04-09 03:05:30.411 [info] > git status -z -uall [19ms]
