2023-04-09 04:00:19.173 [info] Log level: Info
2023-04-09 04:00:19.173 [info] Validating found git in: "git"
2023-04-09 04:00:19.173 [info] Using git "2.25.1" from "git"
2023-04-09 04:00:19.173 [info] > git rev-parse --show-toplevel [19ms]
2023-04-09 04:00:19.196 [info] > git rev-parse --git-dir --git-common-dir [17ms]
2023-04-09 04:00:19.200 [info] Open repository: /home/ascenderuser
2023-04-09 04:00:19.214 [info] > git rev-parse --show-toplevel [8ms]
2023-04-09 04:00:19.222 [info] > git rev-parse --show-toplevel [3ms]
2023-04-09 04:00:19.228 [info] > git config --get commit.template [14ms]
2023-04-09 04:00:19.229 [info] > git rev-parse --show-toplevel [1ms]
2023-04-09 04:00:19.241 [info] > git for-each-ref --format=%(refname)%00%(upstream:short)%00%(objectname)%00%(upstream:track)%00%(upstream:remotename)%00%(upstream:remoteref) refs/heads/develop refs/remotes/develop [1ms]
2023-04-09 04:00:19.247 [info] > git rev-parse --show-toplevel [13ms]
2023-04-09 04:00:19.262 [info] > git rev-parse --show-toplevel [8ms]
2023-04-09 04:00:19.268 [info] > git status -z -uall [21ms]
2023-04-09 04:00:19.268 [info] > git rev-parse --show-toplevel [1ms]
2023-04-09 04:00:19.275 [info] > git log --format=%H%n%aN%n%aE%n%at%n%ct%n%P%n%D%n%B -z -n516 -- /home/ascenderuser/src/ch03/nn-mnist.py [14ms]
2023-04-09 04:00:19.372 [info] > git rev-parse --show-toplevel [98ms]
2023-04-09 04:00:19.395 [info] > git rev-parse --show-toplevel [17ms]
2023-04-09 04:00:19.401 [info] > git config --get commit.template [34ms]
2023-04-09 04:00:19.403 [info] > git rev-parse --show-toplevel [3ms]
2023-04-09 04:00:19.417 [info] > git rev-parse --show-toplevel [8ms]
2023-04-09 04:00:19.434 [info] > git for-each-ref --format=%(refname)%00%(upstream:short)%00%(objectname)%00%(upstream:track)%00%(upstream:remotename)%00%(upstream:remoteref) refs/heads/develop refs/remotes/develop [19ms]
2023-04-09 04:00:19.458 [info] > git rev-parse --show-toplevel [35ms]
2023-04-09 04:00:19.465 [info] > git status -z -uall [24ms]
2023-04-09 04:00:19.476 [info] > git rev-parse --show-toplevel [13ms]
2023-04-09 04:00:19.483 [info] > git rev-parse --show-toplevel [2ms]
2023-04-09 04:00:19.493 [info] > git rev-parse --show-toplevel [5ms]
2023-04-09 04:00:19.499 [info] > git rev-parse --show-toplevel [0ms]
2023-04-09 04:00:19.505 [info] > git rev-parse --show-toplevel [0ms]
2023-04-09 04:00:19.510 [info] > git rev-parse --show-toplevel [0ms]
2023-04-09 04:00:19.664 [info] > git show --textconv :src/ch03/nn-mnist.py [6ms]
2023-04-09 04:00:19.675 [info] > git ls-files --stage -- /home/ascenderuser/src/ch03/nn-mnist.py [12ms]
2023-04-09 04:00:19.681 [info] > git cat-file -s e22e8fa7a7987351362119480aa75abce76d6b42 [1ms]
2023-04-09 04:00:19.733 [info] > git check-ignore -v -z --stdin [5ms]
2023-04-09 04:00:19.734 [info] > git rev-list --count a8f6ae54d3f86c2ee66fea5a3604e6e3d7bf8d2e.. -- /home/ascenderuser/src/ch03/nn-mnist.py [1ms]
2023-04-09 04:00:19.741 [info] > git log --format=%H%n%aN%n%aE%n%at%n%ct%n%P%n%D%n%B -z -n2 -- /home/ascenderuser/src/ch03/nn-mnist.py [1ms]
2023-04-09 04:00:23.327 [info] > git config --get commit.template [1ms]
2023-04-09 04:00:23.333 [info] > git for-each-ref --format=%(refname)%00%(upstream:short)%00%(objectname)%00%(upstream:track)%00%(upstream:remotename)%00%(upstream:remoteref) refs/heads/develop refs/remotes/develop [1ms]
2023-04-09 04:00:23.356 [info] > git status -z -uall [18ms]
2023-04-09 04:00:25.911 [info] > git check-ignore -v -z --stdin [2ms]
2023-04-09 04:00:29.328 [info] > git config --get commit.template [1ms]
2023-04-09 04:00:29.334 [info] > git for-each-ref --format=%(refname)%00%(upstream:short)%00%(objectname)%00%(upstream:track)%00%(upstream:remotename)%00%(upstream:remoteref) refs/heads/develop refs/remotes/develop [1ms]
2023-04-09 04:00:29.355 [info] > git status -z -uall [17ms]
2023-04-09 04:00:32.906 [info] > git check-ignore -v -z --stdin [2ms]
2023-04-09 04:00:33.814 [info] > git log --format=%H%n%aN%n%aE%n%at%n%ct%n%P%n%D%n%B -z -n516 -- /home/ascenderuser/pyproject.toml [1ms]
2023-04-09 04:00:34.012 [info] > git show --textconv :pyproject.toml [6ms]
2023-04-09 04:00:34.013 [info] > git ls-files --stage -- /home/ascenderuser/pyproject.toml [2ms]
2023-04-09 04:00:34.019 [info] > git cat-file -s 94ab7563ab1264afc07cd53cf8736975756d6e99 [1ms]
2023-04-09 04:00:34.373 [info] > git config --get commit.template [1ms]
2023-04-09 04:00:34.379 [info] > git for-each-ref --format=%(refname)%00%(upstream:short)%00%(objectname)%00%(upstream:track)%00%(upstream:remotename)%00%(upstream:remoteref) refs/heads/develop refs/remotes/develop [1ms]
2023-04-09 04:00:34.400 [info] > git status -z -uall [17ms]
2023-04-09 04:00:39.416 [info] > git config --get commit.template [0ms]
2023-04-09 04:00:39.420 [info] > git for-each-ref --format=%(refname)%00%(upstream:short)%00%(objectname)%00%(upstream:track)%00%(upstream:remotename)%00%(upstream:remoteref) refs/heads/develop refs/remotes/develop [1ms]
2023-04-09 04:00:39.441 [info] > git status -z -uall [18ms]
2023-04-09 04:00:44.457 [info] > git config --get commit.template [0ms]
2023-04-09 04:00:44.462 [info] > git for-each-ref --format=%(refname)%00%(upstream:short)%00%(objectname)%00%(upstream:track)%00%(upstream:remotename)%00%(upstream:remoteref) refs/heads/develop refs/remotes/develop [1ms]
2023-04-09 04:00:44.483 [info] > git status -z -uall [17ms]
2023-04-09 04:00:44.942 [info] > git log --format=%H%n%aN%n%aE%n%at%n%ct%n%P%n%D%n%B -z -n516 -- /home/ascenderuser/poetry.lock [5ms]
2023-04-09 04:00:45.136 [info] > git show --textconv :poetry.lock [5ms]
2023-04-09 04:00:45.137 [info] > git ls-files --stage -- /home/ascenderuser/poetry.lock [2ms]
2023-04-09 04:00:45.143 [info] > git cat-file -s f7661f17daf3504a527da29e70553337ba395039 [1ms]
2023-04-09 04:00:49.501 [info] > git config --get commit.template [3ms]
2023-04-09 04:00:49.501 [info] > git for-each-ref --format=%(refname)%00%(upstream:short)%00%(objectname)%00%(upstream:track)%00%(upstream:remotename)%00%(upstream:remoteref) refs/heads/develop refs/remotes/develop [1ms]
2023-04-09 04:00:49.520 [info] > git status -z -uall [16ms]
2023-04-09 04:00:54.537 [info] > git config --get commit.template [0ms]
2023-04-09 04:00:54.542 [info] > git for-each-ref --format=%(refname)%00%(upstream:short)%00%(objectname)%00%(upstream:track)%00%(upstream:remotename)%00%(upstream:remoteref) refs/heads/develop refs/remotes/develop [1ms]
2023-04-09 04:00:54.562 [info] > git status -z -uall [17ms]
2023-04-09 04:00:59.582 [info] > git config --get commit.template [1ms]
2023-04-09 04:00:59.587 [info] > git for-each-ref --format=%(refname)%00%(upstream:short)%00%(objectname)%00%(upstream:track)%00%(upstream:remotename)%00%(upstream:remoteref) refs/heads/develop refs/remotes/develop [0ms]
2023-04-09 04:00:59.608 [info] > git status -z -uall [17ms]
2023-04-09 04:01:04.629 [info] > git config --get commit.template [4ms]
2023-04-09 04:01:04.629 [info] > git for-each-ref --format=%(refname)%00%(upstream:short)%00%(objectname)%00%(upstream:track)%00%(upstream:remotename)%00%(upstream:remoteref) refs/heads/develop refs/remotes/develop [1ms]
2023-04-09 04:01:04.650 [info] > git status -z -uall [17ms]
2023-04-09 04:01:07.619 [info] > git log --format=%H%n%aN%n%aE%n%at%n%ct%n%P%n%D%n%B -z -n516 -- /home/ascenderuser/src/ch03/nn-mnist.py [5ms]
2023-04-09 04:01:07.814 [info] > git show --textconv :src/ch03/nn-mnist.py [4ms]
2023-04-09 04:01:07.815 [info] > git ls-files --stage -- /home/ascenderuser/src/ch03/nn-mnist.py [2ms]
2023-04-09 04:01:07.820 [info] > git cat-file -s e22e8fa7a7987351362119480aa75abce76d6b42 [0ms]
2023-04-09 04:01:09.672 [info] > git config --get commit.template [4ms]
2023-04-09 04:01:09.672 [info] > git for-each-ref --format=%(refname)%00%(upstream:short)%00%(objectname)%00%(upstream:track)%00%(upstream:remotename)%00%(upstream:remoteref) refs/heads/develop refs/remotes/develop [1ms]
2023-04-09 04:01:09.692 [info] > git status -z -uall [17ms]
2023-04-09 04:01:14.709 [info] > git config --get commit.template [5ms]
2023-04-09 04:01:14.710 [info] > git for-each-ref --format=%(refname)%00%(upstream:short)%00%(objectname)%00%(upstream:track)%00%(upstream:remotename)%00%(upstream:remoteref) refs/heads/develop refs/remotes/develop [2ms]
2023-04-09 04:01:14.730 [info] > git status -z -uall [17ms]
2023-04-09 04:01:15.395 [info] > git log --format=%H%n%aN%n%aE%n%at%n%ct%n%P%n%D%n%B -z -n516 -- /home/ascenderuser/.vscode/settings.json [67ms]
2023-04-09 04:01:15.509 [info] > git show --textconv :.vscode/settings.json [6ms]
2023-04-09 04:01:15.510 [info] > git ls-files --stage -- /home/ascenderuser/.vscode/settings.json [3ms]
2023-04-09 04:01:15.517 [info] > git cat-file -s 6073cc4373d4892a9336df8fcfe7be033a44d227 [2ms]
2023-04-09 04:01:19.748 [info] > git config --get commit.template [1ms]
2023-04-09 04:01:19.754 [info] > git for-each-ref --format=%(refname)%00%(upstream:short)%00%(objectname)%00%(upstream:track)%00%(upstream:remotename)%00%(upstream:remoteref) refs/heads/develop refs/remotes/develop [1ms]
2023-04-09 04:01:19.778 [info] > git status -z -uall [19ms]
2023-04-09 04:01:24.791 [info] > git config --get commit.template [1ms]
2023-04-09 04:01:24.798 [info] > git for-each-ref --format=%(refname)%00%(upstream:short)%00%(objectname)%00%(upstream:track)%00%(upstream:remotename)%00%(upstream:remoteref) refs/heads/develop refs/remotes/develop [1ms]
2023-04-09 04:01:24.821 [info] > git status -z -uall [17ms]
2023-04-09 04:01:32.684 [info] > git config --get commit.template [2ms]
2023-04-09 04:01:32.691 [info] > git for-each-ref --format=%(refname)%00%(upstream:short)%00%(objectname)%00%(upstream:track)%00%(upstream:remotename)%00%(upstream:remoteref) refs/heads/develop refs/remotes/develop [1ms]
2023-04-09 04:01:32.717 [info] > git status -z -uall [19ms]
2023-04-09 04:01:35.703 [info] > git log --format=%H%n%aN%n%aE%n%at%n%ct%n%P%n%D%n%B -z -n516 -- /home/ascenderuser/src/ch03/nn-mnist.py [2ms]
2023-04-09 04:01:37.733 [info] > git config --get commit.template [1ms]
2023-04-09 04:01:37.738 [info] > git for-each-ref --format=%(refname)%00%(upstream:short)%00%(objectname)%00%(upstream:track)%00%(upstream:remotename)%00%(upstream:remoteref) refs/heads/develop refs/remotes/develop [1ms]
2023-04-09 04:01:37.759 [info] > git status -z -uall [18ms]
2023-04-09 04:01:42.776 [info] > git config --get commit.template [4ms]
2023-04-09 04:01:42.776 [info] > git for-each-ref --format=%(refname)%00%(upstream:short)%00%(objectname)%00%(upstream:track)%00%(upstream:remotename)%00%(upstream:remoteref) refs/heads/develop refs/remotes/develop [1ms]
2023-04-09 04:01:42.796 [info] > git status -z -uall [17ms]
2023-04-09 04:01:48.338 [info] > git config --get commit.template [0ms]
2023-04-09 04:01:48.344 [info] > git for-each-ref --format=%(refname)%00%(upstream:short)%00%(objectname)%00%(upstream:track)%00%(upstream:remotename)%00%(upstream:remoteref) refs/heads/develop refs/remotes/develop [1ms]
2023-04-09 04:01:48.365 [info] > git status -z -uall [17ms]
2023-04-09 04:33:06.866 [info] > git config --get commit.template [6ms]
2023-04-09 04:33:06.867 [info] > git for-each-ref --format=%(refname)%00%(upstream:short)%00%(objectname)%00%(upstream:track)%00%(upstream:remotename)%00%(upstream:remoteref) refs/heads/develop refs/remotes/develop [2ms]
2023-04-09 04:33:06.896 [info] > git status -z -uall [25ms]
2023-04-09 04:33:11.920 [info] > git config --get commit.template [5ms]
2023-04-09 04:33:11.920 [info] > git for-each-ref --format=%(refname)%00%(upstream:short)%00%(objectname)%00%(upstream:track)%00%(upstream:remotename)%00%(upstream:remoteref) refs/heads/develop refs/remotes/develop [1ms]
2023-04-09 04:33:11.941 [info] > git status -z -uall [18ms]
2023-04-09 04:33:16.960 [info] > git config --get commit.template [4ms]
2023-04-09 04:33:16.960 [info] > git for-each-ref --format=%(refname)%00%(upstream:short)%00%(objectname)%00%(upstream:track)%00%(upstream:remotename)%00%(upstream:remoteref) refs/heads/develop refs/remotes/develop [1ms]
2023-04-09 04:33:16.980 [info] > git status -z -uall [17ms]
2023-04-09 04:33:21.997 [info] > git config --get commit.template [5ms]
2023-04-09 04:33:21.997 [info] > git for-each-ref --format=%(refname)%00%(upstream:short)%00%(objectname)%00%(upstream:track)%00%(upstream:remotename)%00%(upstream:remoteref) refs/heads/develop refs/remotes/develop [1ms]
2023-04-09 04:33:22.016 [info] > git status -z -uall [16ms]
2023-04-09 04:33:27.036 [info] > git config --get commit.template [4ms]
2023-04-09 04:33:27.037 [info] > git for-each-ref --format=%(refname)%00%(upstream:short)%00%(objectname)%00%(upstream:track)%00%(upstream:remotename)%00%(upstream:remoteref) refs/heads/develop refs/remotes/develop [1ms]
2023-04-09 04:33:27.057 [info] > git status -z -uall [17ms]
2023-04-09 04:33:32.074 [info] > git config --get commit.template [4ms]
2023-04-09 04:33:32.075 [info] > git for-each-ref --format=%(refname)%00%(upstream:short)%00%(objectname)%00%(upstream:track)%00%(upstream:remotename)%00%(upstream:remoteref) refs/heads/develop refs/remotes/develop [1ms]
2023-04-09 04:33:32.094 [info] > git status -z -uall [16ms]
2023-04-09 04:33:37.110 [info] > git config --get commit.template [4ms]
2023-04-09 04:33:37.110 [info] > git for-each-ref --format=%(refname)%00%(upstream:short)%00%(objectname)%00%(upstream:track)%00%(upstream:remotename)%00%(upstream:remoteref) refs/heads/develop refs/remotes/develop [0ms]
2023-04-09 04:33:37.129 [info] > git status -z -uall [16ms]
2023-04-09 04:33:42.145 [info] > git config --get commit.template [1ms]
2023-04-09 04:33:42.151 [info] > git for-each-ref --format=%(refname)%00%(upstream:short)%00%(objectname)%00%(upstream:track)%00%(upstream:remotename)%00%(upstream:remoteref) refs/heads/develop refs/remotes/develop [1ms]
2023-04-09 04:33:42.173 [info] > git status -z -uall [17ms]
2023-04-09 04:35:23.821 [info] > git config --get commit.template [1ms]
2023-04-09 04:35:23.827 [info] > git for-each-ref --format=%(refname)%00%(upstream:short)%00%(objectname)%00%(upstream:track)%00%(upstream:remotename)%00%(upstream:remoteref) refs/heads/develop refs/remotes/develop [1ms]
2023-04-09 04:35:23.853 [info] > git status -z -uall [20ms]
2023-04-09 04:36:05.097 [info] > git config --get commit.template [0ms]
2023-04-09 04:36:05.104 [info] > git for-each-ref --format=%(refname)%00%(upstream:short)%00%(objectname)%00%(upstream:track)%00%(upstream:remotename)%00%(upstream:remoteref) refs/heads/develop refs/remotes/develop [0ms]
2023-04-09 04:36:05.127 [info] > git status -z -uall [18ms]
2023-04-09 04:36:10.145 [info] > git config --get commit.template [5ms]
2023-04-09 04:36:10.145 [info] > git for-each-ref --format=%(refname)%00%(upstream:short)%00%(objectname)%00%(upstream:track)%00%(upstream:remotename)%00%(upstream:remoteref) refs/heads/develop refs/remotes/develop [1ms]
2023-04-09 04:36:10.167 [info] > git status -z -uall [18ms]
2023-04-09 04:36:10.908 [info] > git check-ignore -v -z --stdin [3ms]
2023-04-09 04:36:11.814 [info] > git check-ignore -v -z --stdin [2ms]
2023-04-09 04:36:15.184 [info] > git config --get commit.template [5ms]
2023-04-09 04:36:15.184 [info] > git for-each-ref --format=%(refname)%00%(upstream:short)%00%(objectname)%00%(upstream:track)%00%(upstream:remotename)%00%(upstream:remoteref) refs/heads/develop refs/remotes/develop [1ms]
2023-04-09 04:36:15.205 [info] > git status -z -uall [17ms]
2023-04-09 04:36:20.222 [info] > git config --get commit.template [4ms]
2023-04-09 04:36:20.222 [info] > git for-each-ref --format=%(refname)%00%(upstream:short)%00%(objectname)%00%(upstream:track)%00%(upstream:remotename)%00%(upstream:remoteref) refs/heads/develop refs/remotes/develop [0ms]
2023-04-09 04:36:20.246 [info] > git status -z -uall [20ms]
2023-04-09 04:36:22.638 [info] > git log --format=%H%n%aN%n%aE%n%at%n%ct%n%P%n%D%n%B -z -n516 -- /home/ascenderuser/.devcontainer/devcontainer.json [6ms]
2023-04-09 04:36:22.893 [info] > git show --textconv :.devcontainer/devcontainer.json [5ms]
2023-04-09 04:36:22.894 [info] > git ls-files --stage -- /home/ascenderuser/.devcontainer/devcontainer.json [1ms]
2023-04-09 04:36:22.899 [info] > git cat-file -s b3326c3e22c16d252932786be06aa2a821e56960 [0ms]
2023-04-09 04:36:25.265 [info] > git config --get commit.template [5ms]
2023-04-09 04:36:25.265 [info] > git for-each-ref --format=%(refname)%00%(upstream:short)%00%(objectname)%00%(upstream:track)%00%(upstream:remotename)%00%(upstream:remoteref) refs/heads/develop refs/remotes/develop [1ms]
2023-04-09 04:36:25.286 [info] > git status -z -uall [18ms]
2023-04-09 04:36:30.304 [info] > git config --get commit.template [5ms]
2023-04-09 04:36:30.304 [info] > git for-each-ref --format=%(refname)%00%(upstream:short)%00%(objectname)%00%(upstream:track)%00%(upstream:remotename)%00%(upstream:remoteref) refs/heads/develop refs/remotes/develop [1ms]
2023-04-09 04:36:30.328 [info] > git status -z -uall [19ms]
2023-04-09 04:38:38.639 [info] > git config --get commit.template [1ms]
2023-04-09 04:38:38.645 [info] > git for-each-ref --format=%(refname)%00%(upstream:short)%00%(objectname)%00%(upstream:track)%00%(upstream:remotename)%00%(upstream:remoteref) refs/heads/develop refs/remotes/develop [1ms]
2023-04-09 04:38:38.666 [info] > git status -z -uall [17ms]
2023-04-09 04:38:39.841 [info] > git check-ignore -v -z --stdin [2ms]
2023-04-09 04:38:43.689 [info] > git config --get commit.template [6ms]
2023-04-09 04:38:43.689 [info] > git for-each-ref --format=%(refname)%00%(upstream:short)%00%(objectname)%00%(upstream:track)%00%(upstream:remotename)%00%(upstream:remoteref) refs/heads/develop refs/remotes/develop [1ms]
2023-04-09 04:38:43.709 [info] > git status -z -uall [17ms]
2023-04-09 04:38:48.729 [info] > git config --get commit.template [5ms]
2023-04-09 04:38:48.729 [info] > git for-each-ref --format=%(refname)%00%(upstream:short)%00%(objectname)%00%(upstream:track)%00%(upstream:remotename)%00%(upstream:remoteref) refs/heads/develop refs/remotes/develop [1ms]
2023-04-09 04:38:48.750 [info] > git status -z -uall [17ms]
