2023-04-09 03:51:04.888 [info] Log level: Info
2023-04-09 03:51:04.888 [info] Validating found git in: "git"
2023-04-09 03:51:04.888 [info] Using git "2.25.1" from "git"
2023-04-09 03:51:04.888 [info] > git rev-parse --show-toplevel [29ms]
2023-04-09 03:51:04.897 [info] > git rev-parse --git-dir --git-common-dir [1ms]
2023-04-09 03:51:04.901 [info] Open repository: /home/ascenderuser
2023-04-09 03:51:04.949 [info] > git rev-parse --show-toplevel [38ms]
2023-04-09 03:51:04.972 [info] > git rev-parse --show-toplevel [13ms]
2023-04-09 03:51:04.984 [info] > git config --get commit.template [65ms]
2023-04-09 03:51:04.998 [info] > git rev-parse --show-toplevel [15ms]
2023-04-09 03:51:05.024 [info] > git rev-parse --show-toplevel [15ms]
2023-04-09 03:51:05.050 [info] > git rev-parse --show-toplevel [14ms]
2023-04-09 03:51:05.061 [info] > git for-each-ref --format=%(refname)%00%(upstream:short)%00%(objectname)%00%(upstream:track)%00%(upstream:remotename)%00%(upstream:remoteref) refs/heads/develop refs/remotes/develop [40ms]
2023-04-09 03:51:05.093 [info] > git rev-parse --show-toplevel [33ms]
2023-04-09 03:51:05.107 [info] > git log --format=%H%n%aN%n%aE%n%at%n%ct%n%P%n%D%n%B -z -n527 -- /home/ascenderuser/src/ch03/nn-mnist.py [57ms]
2023-04-09 03:51:05.138 [info] > git status -z -uall [64ms]
2023-04-09 03:51:05.138 [info] > git rev-parse --show-toplevel [32ms]
2023-04-09 03:51:05.166 [info] > git rev-parse --show-toplevel [18ms]
2023-04-09 03:51:05.177 [info] > git config --get commit.template [11ms]
2023-04-09 03:51:05.178 [info] > git rev-parse --show-toplevel [3ms]
2023-04-09 03:51:05.197 [info] > git for-each-ref --format=%(refname)%00%(upstream:short)%00%(objectname)%00%(upstream:track)%00%(upstream:remotename)%00%(upstream:remoteref) refs/heads/develop refs/remotes/develop [1ms]
2023-04-09 03:51:05.205 [info] > git rev-parse --show-toplevel [19ms]
2023-04-09 03:51:05.215 [info] > git rev-parse --show-toplevel [1ms]
2023-04-09 03:51:05.237 [info] > git rev-parse --show-toplevel [13ms]
2023-04-09 03:51:05.247 [info] > git status -z -uall [42ms]
2023-04-09 03:51:05.249 [info] > git rev-parse --show-toplevel [4ms]
2023-04-09 03:51:05.261 [info] > git rev-parse --show-toplevel [3ms]
2023-04-09 03:51:05.268 [info] > git rev-parse --show-toplevel [1ms]
2023-04-09 03:51:05.277 [info] > git rev-parse --show-toplevel [1ms]
2023-04-09 03:51:05.284 [info] > git rev-parse --show-toplevel [1ms]
2023-04-09 03:51:05.455 [info] > git rev-list --count a8f6ae54d3f86c2ee66fea5a3604e6e3d7bf8d2e.. -- /home/ascenderuser/src/ch03/nn-mnist.py [2ms]
2023-04-09 03:51:05.466 [info] > git check-ignore -v -z --stdin [30ms]
2023-04-09 03:51:05.467 [info] > git log --format=%H%n%aN%n%aE%n%at%n%ct%n%P%n%D%n%B -z -n2 -- /home/ascenderuser/src/ch03/nn-mnist.py [2ms]
2023-04-09 03:51:05.617 [info] > git show --textconv :src/ch03/nn-mnist.py [8ms]
2023-04-09 03:51:05.618 [info] > git ls-files --stage -- /home/ascenderuser/src/ch03/nn-mnist.py [1ms]
2023-04-09 03:51:05.627 [info] > git cat-file -s e22e8fa7a7987351362119480aa75abce76d6b42 [1ms]
2023-04-09 03:51:32.641 [info] > git config --get commit.template [0ms]
2023-04-09 03:51:32.646 [info] > git for-each-ref --format=%(refname)%00%(upstream:short)%00%(objectname)%00%(upstream:track)%00%(upstream:remotename)%00%(upstream:remoteref) refs/heads/develop refs/remotes/develop [1ms]
2023-04-09 03:51:32.664 [info] > git status -z -uall [15ms]
2023-04-09 03:51:37.675 [info] > git config --get commit.template [1ms]
2023-04-09 03:51:37.680 [info] > git for-each-ref --format=%(refname)%00%(upstream:short)%00%(objectname)%00%(upstream:track)%00%(upstream:remotename)%00%(upstream:remoteref) refs/heads/develop refs/remotes/develop [0ms]
2023-04-09 03:51:37.699 [info] > git status -z -uall [16ms]
2023-04-09 03:51:42.712 [info] > git config --get commit.template [1ms]
2023-04-09 03:51:42.716 [info] > git for-each-ref --format=%(refname)%00%(upstream:short)%00%(objectname)%00%(upstream:track)%00%(upstream:remotename)%00%(upstream:remoteref) refs/heads/develop refs/remotes/develop [1ms]
2023-04-09 03:51:42.733 [info] > git status -z -uall [15ms]
2023-04-09 03:51:47.746 [info] > git config --get commit.template [4ms]
2023-04-09 03:51:47.746 [info] > git for-each-ref --format=%(refname)%00%(upstream:short)%00%(objectname)%00%(upstream:track)%00%(upstream:remotename)%00%(upstream:remoteref) refs/heads/develop refs/remotes/develop [0ms]
2023-04-09 03:51:47.764 [info] > git status -z -uall [15ms]
2023-04-09 03:51:52.774 [info] > git config --get commit.template [1ms]
2023-04-09 03:51:52.778 [info] > git for-each-ref --format=%(refname)%00%(upstream:short)%00%(objectname)%00%(upstream:track)%00%(upstream:remotename)%00%(upstream:remoteref) refs/heads/develop refs/remotes/develop [1ms]
2023-04-09 03:51:52.797 [info] > git status -z -uall [16ms]
2023-04-09 03:51:57.808 [info] > git config --get commit.template [4ms]
2023-04-09 03:51:57.808 [info] > git for-each-ref --format=%(refname)%00%(upstream:short)%00%(objectname)%00%(upstream:track)%00%(upstream:remotename)%00%(upstream:remoteref) refs/heads/develop refs/remotes/develop [0ms]
2023-04-09 03:51:57.826 [info] > git status -z -uall [15ms]
2023-04-09 03:52:02.837 [info] > git config --get commit.template [1ms]
2023-04-09 03:52:02.841 [info] > git for-each-ref --format=%(refname)%00%(upstream:short)%00%(objectname)%00%(upstream:track)%00%(upstream:remotename)%00%(upstream:remoteref) refs/heads/develop refs/remotes/develop [1ms]
2023-04-09 03:52:02.859 [info] > git status -z -uall [15ms]
2023-04-09 03:52:07.877 [info] > git config --get commit.template [6ms]
2023-04-09 03:52:07.878 [info] > git for-each-ref --format=%(refname)%00%(upstream:short)%00%(objectname)%00%(upstream:track)%00%(upstream:remotename)%00%(upstream:remoteref) refs/heads/develop refs/remotes/develop [2ms]
2023-04-09 03:52:07.897 [info] > git status -z -uall [15ms]
2023-04-09 03:52:12.913 [info] > git config --get commit.template [4ms]
2023-04-09 03:52:12.913 [info] > git for-each-ref --format=%(refname)%00%(upstream:short)%00%(objectname)%00%(upstream:track)%00%(upstream:remotename)%00%(upstream:remoteref) refs/heads/develop refs/remotes/develop [1ms]
2023-04-09 03:52:12.931 [info] > git status -z -uall [15ms]
2023-04-09 03:52:15.755 [info] > git check-ignore -v -z --stdin [2ms]
2023-04-09 03:52:16.556 [info] > git check-ignore -v -z --stdin [3ms]
2023-04-09 03:52:17.945 [info] > git config --get commit.template [4ms]
2023-04-09 03:52:17.949 [info] > git for-each-ref --format=%(refname)%00%(upstream:short)%00%(objectname)%00%(upstream:track)%00%(upstream:remotename)%00%(upstream:remoteref) refs/heads/develop refs/remotes/develop [4ms]
2023-04-09 03:52:17.952 [info] > git check-ignore -v -z --stdin [3ms]
2023-04-09 03:52:17.968 [info] > git status -z -uall [17ms]
2023-04-09 03:52:22.980 [info] > git config --get commit.template [0ms]
2023-04-09 03:52:22.983 [info] > git for-each-ref --format=%(refname)%00%(upstream:short)%00%(objectname)%00%(upstream:track)%00%(upstream:remotename)%00%(upstream:remoteref) refs/heads/develop refs/remotes/develop [0ms]
2023-04-09 03:52:23.001 [info] > git status -z -uall [14ms]
2023-04-09 03:52:28.016 [info] > git config --get commit.template [1ms]
2023-04-09 03:52:28.020 [info] > git for-each-ref --format=%(refname)%00%(upstream:short)%00%(objectname)%00%(upstream:track)%00%(upstream:remotename)%00%(upstream:remoteref) refs/heads/develop refs/remotes/develop [1ms]
2023-04-09 03:52:28.039 [info] > git status -z -uall [16ms]
2023-04-09 03:52:33.054 [info] > git config --get commit.template [5ms]
2023-04-09 03:52:33.054 [info] > git for-each-ref --format=%(refname)%00%(upstream:short)%00%(objectname)%00%(upstream:track)%00%(upstream:remotename)%00%(upstream:remoteref) refs/heads/develop refs/remotes/develop [2ms]
2023-04-09 03:52:33.072 [info] > git status -z -uall [15ms]
2023-04-09 03:52:33.202 [info] > git log --format=%H%n%aN%n%aE%n%at%n%ct%n%P%n%D%n%B -z -n527 -- /home/ascenderuser/.venv/pyvenv.cfg [30ms]
2023-04-09 03:52:33.442 [info] > git show --textconv :.venv/pyvenv.cfg [4ms]
2023-04-09 03:52:33.443 [info] > git ls-files --stage -- /home/ascenderuser/.venv/pyvenv.cfg [1ms]
2023-04-09 03:52:36.071 [info] > git check-ignore -v -z --stdin [3ms]
2023-04-09 03:52:38.086 [info] > git config --get commit.template [3ms]
2023-04-09 03:52:38.086 [info] > git for-each-ref --format=%(refname)%00%(upstream:short)%00%(objectname)%00%(upstream:track)%00%(upstream:remotename)%00%(upstream:remoteref) refs/heads/develop refs/remotes/develop [1ms]
2023-04-09 03:52:38.103 [info] > git status -z -uall [15ms]
2023-04-09 03:52:43.120 [info] > git config --get commit.template [5ms]
2023-04-09 03:52:43.120 [info] > git for-each-ref --format=%(refname)%00%(upstream:short)%00%(objectname)%00%(upstream:track)%00%(upstream:remotename)%00%(upstream:remoteref) refs/heads/develop refs/remotes/develop [0ms]
2023-04-09 03:52:43.139 [info] > git status -z -uall [16ms]
2023-04-09 03:52:48.151 [info] > git config --get commit.template [3ms]
2023-04-09 03:52:48.156 [info] > git for-each-ref --format=%(refname)%00%(upstream:short)%00%(objectname)%00%(upstream:track)%00%(upstream:remotename)%00%(upstream:remoteref) refs/heads/develop refs/remotes/develop [5ms]
2023-04-09 03:52:48.160 [info] > git check-ignore -v -z --stdin [6ms]
2023-04-09 03:52:48.176 [info] > git status -z -uall [15ms]
2023-04-09 03:52:52.930 [info] > git log --format=%H%n%aN%n%aE%n%at%n%ct%n%P%n%D%n%B -z -n527 -- /home/ascenderuser/Dockerfile [1ms]
2023-04-09 03:52:53.125 [info] > git show --textconv :Dockerfile [4ms]
2023-04-09 03:52:53.127 [info] > git ls-files --stage -- /home/ascenderuser/Dockerfile [2ms]
2023-04-09 03:52:53.132 [info] > git cat-file -s a177aacf8b3ead7849d6ded744320f6d670a7940 [1ms]
2023-04-09 03:52:53.182 [info] > git config --get commit.template [1ms]
2023-04-09 03:52:53.186 [info] > git for-each-ref --format=%(refname)%00%(upstream:short)%00%(objectname)%00%(upstream:track)%00%(upstream:remotename)%00%(upstream:remoteref) refs/heads/develop refs/remotes/develop [1ms]
2023-04-09 03:52:53.204 [info] > git status -z -uall [15ms]
2023-04-09 03:52:58.214 [info] > git config --get commit.template [1ms]
2023-04-09 03:52:58.218 [info] > git for-each-ref --format=%(refname)%00%(upstream:short)%00%(objectname)%00%(upstream:track)%00%(upstream:remotename)%00%(upstream:remoteref) refs/heads/develop refs/remotes/develop [1ms]
2023-04-09 03:52:58.237 [info] > git status -z -uall [15ms]
2023-04-09 03:53:03.246 [info] > git config --get commit.template [1ms]
2023-04-09 03:53:03.250 [info] > git for-each-ref --format=%(refname)%00%(upstream:short)%00%(objectname)%00%(upstream:track)%00%(upstream:remotename)%00%(upstream:remoteref) refs/heads/develop refs/remotes/develop [0ms]
2023-04-09 03:53:03.268 [info] > git status -z -uall [15ms]
2023-04-09 03:53:08.279 [info] > git config --get commit.template [5ms]
2023-04-09 03:53:08.280 [info] > git for-each-ref --format=%(refname)%00%(upstream:short)%00%(objectname)%00%(upstream:track)%00%(upstream:remotename)%00%(upstream:remoteref) refs/heads/develop refs/remotes/develop [1ms]
2023-04-09 03:53:08.299 [info] > git status -z -uall [17ms]
2023-04-09 03:53:08.544 [info] > git check-ignore -v -z --stdin [5ms]
2023-04-09 03:53:13.322 [info] > git config --get commit.template [4ms]
2023-04-09 03:53:13.322 [info] > git for-each-ref --format=%(refname)%00%(upstream:short)%00%(objectname)%00%(upstream:track)%00%(upstream:remotename)%00%(upstream:remoteref) refs/heads/develop refs/remotes/develop [0ms]
2023-04-09 03:53:13.343 [info] > git status -z -uall [17ms]
2023-04-09 03:53:18.156 [info] > git check-ignore -v -z --stdin [3ms]
2023-04-09 03:53:18.363 [info] > git config --get commit.template [4ms]
2023-04-09 03:53:18.363 [info] > git for-each-ref --format=%(refname)%00%(upstream:short)%00%(objectname)%00%(upstream:track)%00%(upstream:remotename)%00%(upstream:remoteref) refs/heads/develop refs/remotes/develop [0ms]
2023-04-09 03:53:18.386 [info] > git status -z -uall [20ms]
2023-04-09 03:53:23.411 [info] > git config --get commit.template [4ms]
2023-04-09 03:53:23.411 [info] > git for-each-ref --format=%(refname)%00%(upstream:short)%00%(objectname)%00%(upstream:track)%00%(upstream:remotename)%00%(upstream:remoteref) refs/heads/develop refs/remotes/develop [1ms]
2023-04-09 03:53:23.431 [info] > git status -z -uall [17ms]
2023-04-09 03:53:28.449 [info] > git config --get commit.template [4ms]
2023-04-09 03:53:28.449 [info] > git for-each-ref --format=%(refname)%00%(upstream:short)%00%(objectname)%00%(upstream:track)%00%(upstream:remotename)%00%(upstream:remoteref) refs/heads/develop refs/remotes/develop [1ms]
2023-04-09 03:53:28.470 [info] > git status -z -uall [18ms]
2023-04-09 03:53:33.491 [info] > git config --get commit.template [1ms]
2023-04-09 03:53:33.497 [info] > git for-each-ref --format=%(refname)%00%(upstream:short)%00%(objectname)%00%(upstream:track)%00%(upstream:remotename)%00%(upstream:remoteref) refs/heads/develop refs/remotes/develop [1ms]
2023-04-09 03:53:33.518 [info] > git status -z -uall [18ms]
2023-04-09 03:53:38.540 [info] > git config --get commit.template [5ms]
2023-04-09 03:53:38.540 [info] > git for-each-ref --format=%(refname)%00%(upstream:short)%00%(objectname)%00%(upstream:track)%00%(upstream:remotename)%00%(upstream:remoteref) refs/heads/develop refs/remotes/develop [0ms]
2023-04-09 03:53:38.560 [info] > git status -z -uall [17ms]
2023-04-09 03:53:42.391 [info] > git log --format=%H%n%aN%n%aE%n%at%n%ct%n%P%n%D%n%B -z -n527 -- /home/ascenderuser/src/ch03/nn-mnist.py [4ms]
2023-04-09 03:53:42.579 [info] > git show --textconv :src/ch03/nn-mnist.py [5ms]
2023-04-09 03:53:42.580 [info] > git ls-files --stage -- /home/ascenderuser/src/ch03/nn-mnist.py [1ms]
2023-04-09 03:53:42.585 [info] > git cat-file -s e22e8fa7a7987351362119480aa75abce76d6b42 [1ms]
2023-04-09 03:53:43.579 [info] > git config --get commit.template [5ms]
2023-04-09 03:53:43.579 [info] > git for-each-ref --format=%(refname)%00%(upstream:short)%00%(objectname)%00%(upstream:track)%00%(upstream:remotename)%00%(upstream:remoteref) refs/heads/develop refs/remotes/develop [1ms]
2023-04-09 03:53:43.600 [info] > git status -z -uall [18ms]
2023-04-09 03:53:48.621 [info] > git config --get commit.template [4ms]
2023-04-09 03:53:48.622 [info] > git for-each-ref --format=%(refname)%00%(upstream:short)%00%(objectname)%00%(upstream:track)%00%(upstream:remotename)%00%(upstream:remoteref) refs/heads/develop refs/remotes/develop [0ms]
2023-04-09 03:53:48.642 [info] > git status -z -uall [18ms]
2023-04-09 03:53:53.663 [info] > git config --get commit.template [5ms]
2023-04-09 03:53:53.663 [info] > git for-each-ref --format=%(refname)%00%(upstream:short)%00%(objectname)%00%(upstream:track)%00%(upstream:remotename)%00%(upstream:remoteref) refs/heads/develop refs/remotes/develop [1ms]
2023-04-09 03:53:53.686 [info] > git status -z -uall [20ms]
2023-04-09 03:53:58.706 [info] > git config --get commit.template [5ms]
2023-04-09 03:53:58.706 [info] > git for-each-ref --format=%(refname)%00%(upstream:short)%00%(objectname)%00%(upstream:track)%00%(upstream:remotename)%00%(upstream:remoteref) refs/heads/develop refs/remotes/develop [1ms]
2023-04-09 03:53:58.726 [info] > git status -z -uall [16ms]
2023-04-09 03:54:03.739 [info] > git config --get commit.template [1ms]
2023-04-09 03:54:03.743 [info] > git for-each-ref --format=%(refname)%00%(upstream:short)%00%(objectname)%00%(upstream:track)%00%(upstream:remotename)%00%(upstream:remoteref) refs/heads/develop refs/remotes/develop [0ms]
2023-04-09 03:54:03.764 [info] > git status -z -uall [18ms]
2023-04-09 03:54:08.782 [info] > git config --get commit.template [5ms]
2023-04-09 03:54:08.782 [info] > git for-each-ref --format=%(refname)%00%(upstream:short)%00%(objectname)%00%(upstream:track)%00%(upstream:remotename)%00%(upstream:remoteref) refs/heads/develop refs/remotes/develop [1ms]
2023-04-09 03:54:08.802 [info] > git status -z -uall [17ms]
2023-04-09 03:54:13.820 [info] > git config --get commit.template [4ms]
2023-04-09 03:54:13.821 [info] > git for-each-ref --format=%(refname)%00%(upstream:short)%00%(objectname)%00%(upstream:track)%00%(upstream:remotename)%00%(upstream:remoteref) refs/heads/develop refs/remotes/develop [1ms]
2023-04-09 03:54:13.842 [info] > git status -z -uall [17ms]
2023-04-09 03:54:27.958 [info] > git config --get commit.template [0ms]
2023-04-09 03:54:27.964 [info] > git for-each-ref --format=%(refname)%00%(upstream:short)%00%(objectname)%00%(upstream:track)%00%(upstream:remotename)%00%(upstream:remoteref) refs/heads/develop refs/remotes/develop [1ms]
2023-04-09 03:54:27.986 [info] > git status -z -uall [19ms]
2023-04-09 03:54:33.005 [info] > git config --get commit.template [1ms]
2023-04-09 03:54:33.009 [info] > git for-each-ref --format=%(refname)%00%(upstream:short)%00%(objectname)%00%(upstream:track)%00%(upstream:remotename)%00%(upstream:remoteref) refs/heads/develop refs/remotes/develop [0ms]
2023-04-09 03:54:33.029 [info] > git status -z -uall [17ms]
2023-04-09 03:54:38.050 [info] > git config --get commit.template [4ms]
2023-04-09 03:54:38.050 [info] > git for-each-ref --format=%(refname)%00%(upstream:short)%00%(objectname)%00%(upstream:track)%00%(upstream:remotename)%00%(upstream:remoteref) refs/heads/develop refs/remotes/develop [0ms]
2023-04-09 03:54:38.070 [info] > git status -z -uall [17ms]
2023-04-09 03:54:43.086 [info] > git config --get commit.template [0ms]
2023-04-09 03:54:43.091 [info] > git for-each-ref --format=%(refname)%00%(upstream:short)%00%(objectname)%00%(upstream:track)%00%(upstream:remotename)%00%(upstream:remoteref) refs/heads/develop refs/remotes/develop [1ms]
2023-04-09 03:54:43.111 [info] > git status -z -uall [17ms]
2023-04-09 03:55:06.437 [info] > git config --get commit.template [5ms]
2023-04-09 03:55:06.437 [info] > git for-each-ref --format=%(refname)%00%(upstream:short)%00%(objectname)%00%(upstream:track)%00%(upstream:remotename)%00%(upstream:remoteref) refs/heads/develop refs/remotes/develop [0ms]
2023-04-09 03:55:06.459 [info] > git status -z -uall [18ms]
2023-04-09 03:55:11.476 [info] > git config --get commit.template [4ms]
2023-04-09 03:55:11.476 [info] > git for-each-ref --format=%(refname)%00%(upstream:short)%00%(objectname)%00%(upstream:track)%00%(upstream:remotename)%00%(upstream:remoteref) refs/heads/develop refs/remotes/develop [1ms]
2023-04-09 03:55:11.496 [info] > git status -z -uall [17ms]
2023-04-09 03:55:16.518 [info] > git config --get commit.template [5ms]
2023-04-09 03:55:16.518 [info] > git for-each-ref --format=%(refname)%00%(upstream:short)%00%(objectname)%00%(upstream:track)%00%(upstream:remotename)%00%(upstream:remoteref) refs/heads/develop refs/remotes/develop [0ms]
2023-04-09 03:55:16.538 [info] > git status -z -uall [17ms]
2023-04-09 03:55:21.557 [info] > git config --get commit.template [4ms]
2023-04-09 03:55:21.557 [info] > git for-each-ref --format=%(refname)%00%(upstream:short)%00%(objectname)%00%(upstream:track)%00%(upstream:remotename)%00%(upstream:remoteref) refs/heads/develop refs/remotes/develop [0ms]
2023-04-09 03:55:21.578 [info] > git status -z -uall [18ms]
2023-04-09 03:55:26.597 [info] > git config --get commit.template [4ms]
2023-04-09 03:55:26.597 [info] > git for-each-ref --format=%(refname)%00%(upstream:short)%00%(objectname)%00%(upstream:track)%00%(upstream:remotename)%00%(upstream:remoteref) refs/heads/develop refs/remotes/develop [1ms]
2023-04-09 03:55:26.617 [info] > git status -z -uall [17ms]
2023-04-09 03:55:31.640 [info] > git config --get commit.template [5ms]
2023-04-09 03:55:31.640 [info] > git for-each-ref --format=%(refname)%00%(upstream:short)%00%(objectname)%00%(upstream:track)%00%(upstream:remotename)%00%(upstream:remoteref) refs/heads/develop refs/remotes/develop [0ms]
2023-04-09 03:55:31.661 [info] > git status -z -uall [17ms]
2023-04-09 03:55:36.678 [info] > git config --get commit.template [4ms]
2023-04-09 03:55:36.678 [info] > git for-each-ref --format=%(refname)%00%(upstream:short)%00%(objectname)%00%(upstream:track)%00%(upstream:remotename)%00%(upstream:remoteref) refs/heads/develop refs/remotes/develop [0ms]
2023-04-09 03:55:36.699 [info] > git status -z -uall [18ms]
2023-04-09 03:55:41.721 [info] > git config --get commit.template [5ms]
2023-04-09 03:55:41.721 [info] > git for-each-ref --format=%(refname)%00%(upstream:short)%00%(objectname)%00%(upstream:track)%00%(upstream:remotename)%00%(upstream:remoteref) refs/heads/develop refs/remotes/develop [1ms]
2023-04-09 03:55:41.740 [info] > git status -z -uall [16ms]
2023-04-09 03:55:46.758 [info] > git config --get commit.template [1ms]
2023-04-09 03:55:46.763 [info] > git for-each-ref --format=%(refname)%00%(upstream:short)%00%(objectname)%00%(upstream:track)%00%(upstream:remotename)%00%(upstream:remoteref) refs/heads/develop refs/remotes/develop [0ms]
2023-04-09 03:55:46.786 [info] > git status -z -uall [18ms]
2023-04-09 03:55:51.802 [info] > git config --get commit.template [4ms]
2023-04-09 03:55:51.802 [info] > git for-each-ref --format=%(refname)%00%(upstream:short)%00%(objectname)%00%(upstream:track)%00%(upstream:remotename)%00%(upstream:remoteref) refs/heads/develop refs/remotes/develop [1ms]
2023-04-09 03:55:51.822 [info] > git status -z -uall [17ms]
2023-04-09 03:55:56.838 [info] > git config --get commit.template [1ms]
2023-04-09 03:55:56.843 [info] > git for-each-ref --format=%(refname)%00%(upstream:short)%00%(objectname)%00%(upstream:track)%00%(upstream:remotename)%00%(upstream:remoteref) refs/heads/develop refs/remotes/develop [1ms]
2023-04-09 03:55:56.867 [info] > git status -z -uall [20ms]
2023-04-09 03:56:01.889 [info] > git config --get commit.template [6ms]
2023-04-09 03:56:01.889 [info] > git for-each-ref --format=%(refname)%00%(upstream:short)%00%(objectname)%00%(upstream:track)%00%(upstream:remotename)%00%(upstream:remoteref) refs/heads/develop refs/remotes/develop [0ms]
2023-04-09 03:56:01.909 [info] > git status -z -uall [17ms]
2023-04-09 03:56:06.921 [info] > git config --get commit.template [0ms]
2023-04-09 03:56:06.926 [info] > git for-each-ref --format=%(refname)%00%(upstream:short)%00%(objectname)%00%(upstream:track)%00%(upstream:remotename)%00%(upstream:remoteref) refs/heads/develop refs/remotes/develop [1ms]
2023-04-09 03:56:06.945 [info] > git status -z -uall [16ms]
2023-04-09 03:56:11.964 [info] > git config --get commit.template [4ms]
2023-04-09 03:56:11.964 [info] > git for-each-ref --format=%(refname)%00%(upstream:short)%00%(objectname)%00%(upstream:track)%00%(upstream:remotename)%00%(upstream:remoteref) refs/heads/develop refs/remotes/develop [0ms]
2023-04-09 03:56:11.984 [info] > git status -z -uall [17ms]
2023-04-09 03:56:17.006 [info] > git config --get commit.template [5ms]
2023-04-09 03:56:17.007 [info] > git for-each-ref --format=%(refname)%00%(upstream:short)%00%(objectname)%00%(upstream:track)%00%(upstream:remotename)%00%(upstream:remoteref) refs/heads/develop refs/remotes/develop [1ms]
2023-04-09 03:56:17.027 [info] > git status -z -uall [17ms]
2023-04-09 03:56:22.048 [info] > git config --get commit.template [4ms]
2023-04-09 03:56:22.049 [info] > git for-each-ref --format=%(refname)%00%(upstream:short)%00%(objectname)%00%(upstream:track)%00%(upstream:remotename)%00%(upstream:remoteref) refs/heads/develop refs/remotes/develop [0ms]
2023-04-09 03:56:22.069 [info] > git status -z -uall [17ms]
2023-04-09 03:56:27.093 [info] > git config --get commit.template [2ms]
2023-04-09 03:56:27.099 [info] > git for-each-ref --format=%(refname)%00%(upstream:short)%00%(objectname)%00%(upstream:track)%00%(upstream:remotename)%00%(upstream:remoteref) refs/heads/develop refs/remotes/develop [0ms]
2023-04-09 03:56:27.123 [info] > git status -z -uall [19ms]
2023-04-09 03:56:32.143 [info] > git config --get commit.template [4ms]
2023-04-09 03:56:32.143 [info] > git for-each-ref --format=%(refname)%00%(upstream:short)%00%(objectname)%00%(upstream:track)%00%(upstream:remotename)%00%(upstream:remoteref) refs/heads/develop refs/remotes/develop [0ms]
2023-04-09 03:56:32.163 [info] > git status -z -uall [17ms]
2023-04-09 03:56:37.180 [info] > git config --get commit.template [4ms]
2023-04-09 03:56:37.180 [info] > git for-each-ref --format=%(refname)%00%(upstream:short)%00%(objectname)%00%(upstream:track)%00%(upstream:remotename)%00%(upstream:remoteref) refs/heads/develop refs/remotes/develop [2ms]
2023-04-09 03:56:37.200 [info] > git status -z -uall [17ms]
2023-04-09 03:56:42.221 [info] > git config --get commit.template [4ms]
2023-04-09 03:56:42.221 [info] > git for-each-ref --format=%(refname)%00%(upstream:short)%00%(objectname)%00%(upstream:track)%00%(upstream:remotename)%00%(upstream:remoteref) refs/heads/develop refs/remotes/develop [1ms]
2023-04-09 03:56:42.242 [info] > git status -z -uall [18ms]
2023-04-09 03:56:47.260 [info] > git config --get commit.template [4ms]
2023-04-09 03:56:47.260 [info] > git for-each-ref --format=%(refname)%00%(upstream:short)%00%(objectname)%00%(upstream:track)%00%(upstream:remotename)%00%(upstream:remoteref) refs/heads/develop refs/remotes/develop [0ms]
2023-04-09 03:56:47.281 [info] > git status -z -uall [17ms]
2023-04-09 03:56:52.298 [info] > git config --get commit.template [4ms]
2023-04-09 03:56:52.298 [info] > git for-each-ref --format=%(refname)%00%(upstream:short)%00%(objectname)%00%(upstream:track)%00%(upstream:remotename)%00%(upstream:remoteref) refs/heads/develop refs/remotes/develop [1ms]
2023-04-09 03:56:52.319 [info] > git status -z -uall [18ms]
2023-04-09 03:56:57.336 [info] > git config --get commit.template [4ms]
2023-04-09 03:56:57.336 [info] > git for-each-ref --format=%(refname)%00%(upstream:short)%00%(objectname)%00%(upstream:track)%00%(upstream:remotename)%00%(upstream:remoteref) refs/heads/develop refs/remotes/develop [0ms]
2023-04-09 03:56:57.356 [info] > git status -z -uall [17ms]
2023-04-09 03:57:01.866 [info] > git check-ignore -v -z --stdin [5ms]
2023-04-09 03:57:02.376 [info] > git config --get commit.template [4ms]
2023-04-09 03:57:02.377 [info] > git for-each-ref --format=%(refname)%00%(upstream:short)%00%(objectname)%00%(upstream:track)%00%(upstream:remotename)%00%(upstream:remoteref) refs/heads/develop refs/remotes/develop [1ms]
2023-04-09 03:57:02.396 [info] > git status -z -uall [17ms]
2023-04-09 03:57:03.394 [info] > git check-ignore -v -z --stdin [5ms]
2023-04-09 03:57:07.419 [info] > git config --get commit.template [5ms]
2023-04-09 03:57:07.420 [info] > git for-each-ref --format=%(refname)%00%(upstream:short)%00%(objectname)%00%(upstream:track)%00%(upstream:remotename)%00%(upstream:remoteref) refs/heads/develop refs/remotes/develop [1ms]
2023-04-09 03:57:07.440 [info] > git status -z -uall [17ms]
2023-04-09 03:57:12.460 [info] > git config --get commit.template [4ms]
2023-04-09 03:57:12.460 [info] > git for-each-ref --format=%(refname)%00%(upstream:short)%00%(objectname)%00%(upstream:track)%00%(upstream:remotename)%00%(upstream:remoteref) refs/heads/develop refs/remotes/develop [0ms]
2023-04-09 03:57:12.481 [info] > git status -z -uall [18ms]
2023-04-09 03:57:17.502 [info] > git config --get commit.template [4ms]
2023-04-09 03:57:17.503 [info] > git for-each-ref --format=%(refname)%00%(upstream:short)%00%(objectname)%00%(upstream:track)%00%(upstream:remotename)%00%(upstream:remoteref) refs/heads/develop refs/remotes/develop [1ms]
2023-04-09 03:57:17.523 [info] > git status -z -uall [17ms]
2023-04-09 03:57:22.541 [info] > git config --get commit.template [4ms]
2023-04-09 03:57:22.541 [info] > git for-each-ref --format=%(refname)%00%(upstream:short)%00%(objectname)%00%(upstream:track)%00%(upstream:remotename)%00%(upstream:remoteref) refs/heads/develop refs/remotes/develop [0ms]
2023-04-09 03:57:22.562 [info] > git status -z -uall [17ms]
2023-04-09 03:57:27.583 [info] > git config --get commit.template [4ms]
2023-04-09 03:57:27.583 [info] > git for-each-ref --format=%(refname)%00%(upstream:short)%00%(objectname)%00%(upstream:track)%00%(upstream:remotename)%00%(upstream:remoteref) refs/heads/develop refs/remotes/develop [0ms]
2023-04-09 03:57:27.604 [info] > git status -z -uall [18ms]
2023-04-09 03:57:32.616 [info] > git config --get commit.template [0ms]
2023-04-09 03:57:32.621 [info] > git for-each-ref --format=%(refname)%00%(upstream:short)%00%(objectname)%00%(upstream:track)%00%(upstream:remotename)%00%(upstream:remoteref) refs/heads/develop refs/remotes/develop [0ms]
2023-04-09 03:57:32.641 [info] > git status -z -uall [17ms]
2023-04-09 03:57:37.663 [info] > git config --get commit.template [5ms]
2023-04-09 03:57:37.663 [info] > git for-each-ref --format=%(refname)%00%(upstream:short)%00%(objectname)%00%(upstream:track)%00%(upstream:remotename)%00%(upstream:remoteref) refs/heads/develop refs/remotes/develop [0ms]
2023-04-09 03:57:37.684 [info] > git status -z -uall [17ms]
2023-04-09 03:57:42.701 [info] > git config --get commit.template [0ms]
2023-04-09 03:57:42.707 [info] > git for-each-ref --format=%(refname)%00%(upstream:short)%00%(objectname)%00%(upstream:track)%00%(upstream:remotename)%00%(upstream:remoteref) refs/heads/develop refs/remotes/develop [1ms]
2023-04-09 03:57:42.727 [info] > git status -z -uall [17ms]
2023-04-09 03:58:04.360 [info] > git config --get commit.template [1ms]
2023-04-09 03:58:04.366 [info] > git for-each-ref --format=%(refname)%00%(upstream:short)%00%(objectname)%00%(upstream:track)%00%(upstream:remotename)%00%(upstream:remoteref) refs/heads/develop refs/remotes/develop [1ms]
2023-04-09 03:58:04.389 [info] > git status -z -uall [17ms]
2023-04-09 03:58:09.412 [info] > git config --get commit.template [4ms]
2023-04-09 03:58:09.412 [info] > git for-each-ref --format=%(refname)%00%(upstream:short)%00%(objectname)%00%(upstream:track)%00%(upstream:remotename)%00%(upstream:remoteref) refs/heads/develop refs/remotes/develop [1ms]
2023-04-09 03:58:09.432 [info] > git status -z -uall [17ms]
2023-04-09 03:58:14.454 [info] > git config --get commit.template [4ms]
2023-04-09 03:58:14.455 [info] > git for-each-ref --format=%(refname)%00%(upstream:short)%00%(objectname)%00%(upstream:track)%00%(upstream:remotename)%00%(upstream:remoteref) refs/heads/develop refs/remotes/develop [1ms]
2023-04-09 03:58:14.479 [info] > git status -z -uall [21ms]
2023-04-09 03:58:19.499 [info] > git config --get commit.template [4ms]
2023-04-09 03:58:19.499 [info] > git for-each-ref --format=%(refname)%00%(upstream:short)%00%(objectname)%00%(upstream:track)%00%(upstream:remotename)%00%(upstream:remoteref) refs/heads/develop refs/remotes/develop [0ms]
2023-04-09 03:58:19.520 [info] > git status -z -uall [18ms]
2023-04-09 03:58:24.549 [info] > git config --get commit.template [8ms]
2023-04-09 03:58:24.549 [info] > git for-each-ref --format=%(refname)%00%(upstream:short)%00%(objectname)%00%(upstream:track)%00%(upstream:remotename)%00%(upstream:remoteref) refs/heads/develop refs/remotes/develop [1ms]
2023-04-09 03:58:24.573 [info] > git status -z -uall [19ms]
2023-04-09 03:58:29.590 [info] > git config --get commit.template [5ms]
2023-04-09 03:58:29.590 [info] > git for-each-ref --format=%(refname)%00%(upstream:short)%00%(objectname)%00%(upstream:track)%00%(upstream:remotename)%00%(upstream:remoteref) refs/heads/develop refs/remotes/develop [1ms]
2023-04-09 03:58:29.611 [info] > git status -z -uall [17ms]
2023-04-09 03:58:34.632 [info] > git config --get commit.template [4ms]
2023-04-09 03:58:34.633 [info] > git for-each-ref --format=%(refname)%00%(upstream:short)%00%(objectname)%00%(upstream:track)%00%(upstream:remotename)%00%(upstream:remoteref) refs/heads/develop refs/remotes/develop [0ms]
2023-04-09 03:58:34.653 [info] > git status -z -uall [17ms]
2023-04-09 03:58:39.672 [info] > git config --get commit.template [5ms]
2023-04-09 03:58:39.673 [info] > git for-each-ref --format=%(refname)%00%(upstream:short)%00%(objectname)%00%(upstream:track)%00%(upstream:remotename)%00%(upstream:remoteref) refs/heads/develop refs/remotes/develop [1ms]
2023-04-09 03:58:39.693 [info] > git status -z -uall [17ms]
2023-04-09 03:58:44.710 [info] > git config --get commit.template [5ms]
2023-04-09 03:58:44.710 [info] > git for-each-ref --format=%(refname)%00%(upstream:short)%00%(objectname)%00%(upstream:track)%00%(upstream:remotename)%00%(upstream:remoteref) refs/heads/develop refs/remotes/develop [0ms]
2023-04-09 03:58:44.730 [info] > git status -z -uall [16ms]
2023-04-09 03:58:49.748 [info] > git config --get commit.template [0ms]
2023-04-09 03:58:49.753 [info] > git for-each-ref --format=%(refname)%00%(upstream:short)%00%(objectname)%00%(upstream:track)%00%(upstream:remotename)%00%(upstream:remoteref) refs/heads/develop refs/remotes/develop [1ms]
2023-04-09 03:58:49.773 [info] > git status -z -uall [17ms]
