2023-04-09 03:21:45.185 [info] Log level: Info
2023-04-09 03:21:45.185 [info] Validating found git in: "git"
2023-04-09 03:21:45.185 [info] Using git "2.25.1" from "git"
2023-04-09 03:21:45.185 [info] > git rev-parse --show-toplevel [43ms]
2023-04-09 03:21:45.185 [info] > git rev-parse --git-dir --git-common-dir [33ms]
2023-04-09 03:21:45.185 [info] Open repository: /home/ascenderuser
2023-04-09 03:21:45.188 [info] > git rev-parse --show-toplevel [4ms]
2023-04-09 03:21:45.192 [info] > git rev-parse --show-toplevel [1ms]
2023-04-09 03:21:45.194 [info] > git config --get commit.template [7ms]
2023-04-09 03:21:45.195 [info] > git rev-parse --show-toplevel [1ms]
2023-04-09 03:21:45.204 [info] > git for-each-ref --format=%(refname)%00%(upstream:short)%00%(objectname)%00%(upstream:track)%00%(upstream:remotename)%00%(upstream:remoteref) refs/heads/develop refs/remotes/develop [3ms]
2023-04-09 03:21:45.207 [info] > git rev-parse --show-toplevel [10ms]
2023-04-09 03:21:45.209 [info] > git rev-parse --show-toplevel [0ms]
2023-04-09 03:21:45.212 [info] > git rev-parse --show-toplevel [1ms]
2023-04-09 03:21:45.215 [info] > git rev-parse --show-toplevel [0ms]
2023-04-09 03:21:45.217 [info] > git rev-parse --show-toplevel [0ms]
2023-04-09 03:21:45.221 [info] > git rev-parse --show-toplevel [0ms]
2023-04-09 03:21:45.225 [info] > git rev-parse --show-toplevel [1ms]
2023-04-09 03:21:45.232 [info] > git rev-parse --show-toplevel [3ms]
2023-04-09 03:21:45.243 [info] > git status -z -uall [37ms]
2023-04-09 03:21:45.243 [info] > git rev-parse --show-toplevel [10ms]
2023-04-09 03:21:45.247 [info] > git log --format=%H%n%aN%n%aE%n%at%n%ct%n%P%n%D%n%B -z -n527 -- /home/ascenderuser/.venv/pyvenv.cfg [7ms]
2023-04-09 03:21:45.712 [info] > git rev-parse --show-toplevel [466ms]
2023-04-09 03:21:45.735 [info] > git rev-parse --show-toplevel [20ms]
2023-04-09 03:21:45.740 [info] > git config --get commit.template [35ms]
2023-04-09 03:21:45.747 [info] > git rev-parse --show-toplevel [8ms]
2023-04-09 03:21:45.759 [info] > git check-ignore -v -z --stdin [13ms]
2023-04-09 03:21:45.762 [info] > git for-each-ref --format=%(refname)%00%(upstream:short)%00%(objectname)%00%(upstream:track)%00%(upstream:remotename)%00%(upstream:remoteref) refs/heads/develop refs/remotes/develop [5ms]
2023-04-09 03:21:45.765 [info] > git rev-parse --show-toplevel [13ms]
2023-04-09 03:21:45.772 [info] > git rev-parse --show-toplevel [3ms]
2023-04-09 03:21:45.791 [info] > git status -z -uall [26ms]
2023-04-09 03:21:46.594 [info] > git show --textconv :.venv/pyvenv.cfg [34ms]
2023-04-09 03:21:46.594 [info] > git ls-files --stage -- /home/ascenderuser/.venv/pyvenv.cfg [31ms]
2023-04-09 03:21:46.596 [info] > git log --format=%H%n%aN%n%aE%n%at%n%ct%n%P%n%D%n%B -z -n527 -- /home/ascenderuser/.venv/pyvenv.cfg [40ms]
2023-04-09 03:21:48.808 [info] > git config --get commit.template [4ms]
2023-04-09 03:21:48.809 [info] > git for-each-ref --format=%(refname)%00%(upstream:short)%00%(objectname)%00%(upstream:track)%00%(upstream:remotename)%00%(upstream:remoteref) refs/heads/develop refs/remotes/develop [1ms]
2023-04-09 03:21:48.833 [info] > git status -z -uall [21ms]
2023-04-09 03:21:53.903 [info] > git config --get commit.template [4ms]
2023-04-09 03:21:53.904 [info] > git for-each-ref --format=%(refname)%00%(upstream:short)%00%(objectname)%00%(upstream:track)%00%(upstream:remotename)%00%(upstream:remoteref) refs/heads/develop refs/remotes/develop [1ms]
2023-04-09 03:21:53.925 [info] > git status -z -uall [18ms]
2023-04-09 03:21:58.980 [info] > git config --get commit.template [4ms]
2023-04-09 03:21:58.981 [info] > git for-each-ref --format=%(refname)%00%(upstream:short)%00%(objectname)%00%(upstream:track)%00%(upstream:remotename)%00%(upstream:remoteref) refs/heads/develop refs/remotes/develop [0ms]
2023-04-09 03:21:59.003 [info] > git status -z -uall [19ms]
2023-04-09 03:22:04.056 [info] > git config --get commit.template [0ms]
2023-04-09 03:22:04.060 [info] > git for-each-ref --format=%(refname)%00%(upstream:short)%00%(objectname)%00%(upstream:track)%00%(upstream:remotename)%00%(upstream:remoteref) refs/heads/develop refs/remotes/develop [1ms]
2023-04-09 03:22:04.085 [info] > git status -z -uall [22ms]
2023-04-09 03:22:09.142 [info] > git config --get commit.template [4ms]
2023-04-09 03:22:09.142 [info] > git for-each-ref --format=%(refname)%00%(upstream:short)%00%(objectname)%00%(upstream:track)%00%(upstream:remotename)%00%(upstream:remoteref) refs/heads/develop refs/remotes/develop [1ms]
2023-04-09 03:22:09.163 [info] > git status -z -uall [18ms]
2023-04-09 03:22:14.218 [info] > git config --get commit.template [0ms]
2023-04-09 03:22:14.222 [info] > git for-each-ref --format=%(refname)%00%(upstream:short)%00%(objectname)%00%(upstream:track)%00%(upstream:remotename)%00%(upstream:remoteref) refs/heads/develop refs/remotes/develop [1ms]
2023-04-09 03:22:14.245 [info] > git status -z -uall [20ms]
2023-04-09 03:22:19.308 [info] > git config --get commit.template [5ms]
2023-04-09 03:22:19.308 [info] > git for-each-ref --format=%(refname)%00%(upstream:short)%00%(objectname)%00%(upstream:track)%00%(upstream:remotename)%00%(upstream:remoteref) refs/heads/develop refs/remotes/develop [1ms]
2023-04-09 03:22:19.330 [info] > git status -z -uall [19ms]
2023-04-09 03:22:23.177 [info] > git check-ignore -v -z --stdin [1ms]
2023-04-09 03:22:24.389 [info] > git config --get commit.template [4ms]
2023-04-09 03:22:24.389 [info] > git for-each-ref --format=%(refname)%00%(upstream:short)%00%(objectname)%00%(upstream:track)%00%(upstream:remotename)%00%(upstream:remoteref) refs/heads/develop refs/remotes/develop [1ms]
2023-04-09 03:22:24.411 [info] > git status -z -uall [19ms]
2023-04-09 03:22:29.483 [info] > git config --get commit.template [7ms]
2023-04-09 03:22:29.483 [info] > git for-each-ref --format=%(refname)%00%(upstream:short)%00%(objectname)%00%(upstream:track)%00%(upstream:remotename)%00%(upstream:remoteref) refs/heads/develop refs/remotes/develop [1ms]
2023-04-09 03:22:29.505 [info] > git status -z -uall [18ms]
2023-04-09 03:22:34.568 [info] > git config --get commit.template [5ms]
2023-04-09 03:22:34.569 [info] > git for-each-ref --format=%(refname)%00%(upstream:short)%00%(objectname)%00%(upstream:track)%00%(upstream:remotename)%00%(upstream:remoteref) refs/heads/develop refs/remotes/develop [1ms]
2023-04-09 03:22:34.591 [info] > git status -z -uall [18ms]
2023-04-09 03:22:39.653 [info] > git config --get commit.template [5ms]
2023-04-09 03:22:39.653 [info] > git for-each-ref --format=%(refname)%00%(upstream:short)%00%(objectname)%00%(upstream:track)%00%(upstream:remotename)%00%(upstream:remoteref) refs/heads/develop refs/remotes/develop [1ms]
2023-04-09 03:22:39.676 [info] > git status -z -uall [20ms]
2023-04-09 03:22:44.737 [info] > git config --get commit.template [5ms]
2023-04-09 03:22:44.737 [info] > git for-each-ref --format=%(refname)%00%(upstream:short)%00%(objectname)%00%(upstream:track)%00%(upstream:remotename)%00%(upstream:remoteref) refs/heads/develop refs/remotes/develop [1ms]
2023-04-09 03:22:44.758 [info] > git status -z -uall [18ms]
2023-04-09 03:22:47.092 [info] > git log --format=%H%n%aN%n%aE%n%at%n%ct%n%P%n%D%n%B -z -n527 -- /home/ascenderuser/pyproject.toml [2ms]
2023-04-09 03:22:47.290 [info] > git show --textconv :pyproject.toml [4ms]
2023-04-09 03:22:47.291 [info] > git ls-files --stage -- /home/ascenderuser/pyproject.toml [1ms]
2023-04-09 03:22:47.297 [info] > git cat-file -s f352abc11c5c561e8a0582ddf98da70786c700b2 [1ms]
2023-04-09 03:22:47.920 [info] > git log --format=%H%n%aN%n%aE%n%at%n%ct%n%P%n%D%n%B -z -n527 -- /home/ascenderuser/poetry.toml [1ms]
2023-04-09 03:22:48.134 [info] > git show --textconv :poetry.toml [4ms]
2023-04-09 03:22:48.134 [info] > git ls-files --stage -- /home/ascenderuser/poetry.toml [0ms]
2023-04-09 03:22:48.138 [info] > git cat-file -s efa46ec0ec02bc3c1cba02f3c7a7e88def85f056 [1ms]
2023-04-09 03:22:49.197 [info] > git log --format=%H%n%aN%n%aE%n%at%n%ct%n%P%n%D%n%B -z -n527 -- /home/ascenderuser/poetry.lock [4ms]
2023-04-09 03:22:49.400 [info] > git show --textconv :poetry.lock [5ms]
2023-04-09 03:22:49.400 [info] > git ls-files --stage -- /home/ascenderuser/poetry.lock [1ms]
2023-04-09 03:22:49.405 [info] > git cat-file -s ab381b175a7a562952a40943b199e1fc3f163ed5 [1ms]
2023-04-09 03:22:49.816 [info] > git config --get commit.template [4ms]
2023-04-09 03:22:49.816 [info] > git for-each-ref --format=%(refname)%00%(upstream:short)%00%(objectname)%00%(upstream:track)%00%(upstream:remotename)%00%(upstream:remoteref) refs/heads/develop refs/remotes/develop [0ms]
2023-04-09 03:22:49.838 [info] > git status -z -uall [18ms]
2023-04-09 03:22:53.280 [info] > git log --format=%H%n%aN%n%aE%n%at%n%ct%n%P%n%D%n%B -z -n527 -- /home/ascenderuser/pyproject.toml [4ms]
2023-04-09 03:22:53.483 [info] > git show --textconv :pyproject.toml [7ms]
2023-04-09 03:22:53.483 [info] > git ls-files --stage -- /home/ascenderuser/pyproject.toml [1ms]
2023-04-09 03:22:53.487 [info] > git cat-file -s f352abc11c5c561e8a0582ddf98da70786c700b2 [0ms]
2023-04-09 03:22:54.894 [info] > git config --get commit.template [4ms]
2023-04-09 03:22:54.894 [info] > git for-each-ref --format=%(refname)%00%(upstream:short)%00%(objectname)%00%(upstream:track)%00%(upstream:remotename)%00%(upstream:remoteref) refs/heads/develop refs/remotes/develop [0ms]
2023-04-09 03:22:54.916 [info] > git status -z -uall [18ms]
2023-04-09 03:22:59.972 [info] > git config --get commit.template [1ms]
2023-04-09 03:22:59.978 [info] > git for-each-ref --format=%(refname)%00%(upstream:short)%00%(objectname)%00%(upstream:track)%00%(upstream:remotename)%00%(upstream:remoteref) refs/heads/develop refs/remotes/develop [0ms]
2023-04-09 03:23:00.000 [info] > git status -z -uall [17ms]
2023-04-09 03:23:05.054 [info] > git config --get commit.template [1ms]
2023-04-09 03:23:05.060 [info] > git for-each-ref --format=%(refname)%00%(upstream:short)%00%(objectname)%00%(upstream:track)%00%(upstream:remotename)%00%(upstream:remoteref) refs/heads/develop refs/remotes/develop [0ms]
2023-04-09 03:23:05.081 [info] > git status -z -uall [18ms]
2023-04-09 03:23:06.145 [info] > git check-ignore -v -z --stdin [1ms]
2023-04-09 03:23:08.973 [info] > git check-ignore -v -z --stdin [1ms]
2023-04-09 03:23:10.135 [info] > git config --get commit.template [0ms]
2023-04-09 03:23:10.140 [info] > git for-each-ref --format=%(refname)%00%(upstream:short)%00%(objectname)%00%(upstream:track)%00%(upstream:remotename)%00%(upstream:remoteref) refs/heads/develop refs/remotes/develop [1ms]
2023-04-09 03:23:10.163 [info] > git status -z -uall [18ms]
2023-04-09 03:23:15.223 [info] > git config --get commit.template [4ms]
2023-04-09 03:23:15.224 [info] > git for-each-ref --format=%(refname)%00%(upstream:short)%00%(objectname)%00%(upstream:track)%00%(upstream:remotename)%00%(upstream:remoteref) refs/heads/develop refs/remotes/develop [1ms]
2023-04-09 03:23:15.246 [info] > git status -z -uall [18ms]
2023-04-09 03:23:20.310 [info] > git config --get commit.template [6ms]
2023-04-09 03:23:20.311 [info] > git for-each-ref --format=%(refname)%00%(upstream:short)%00%(objectname)%00%(upstream:track)%00%(upstream:remotename)%00%(upstream:remoteref) refs/heads/develop refs/remotes/develop [1ms]
2023-04-09 03:23:20.332 [info] > git status -z -uall [18ms]
2023-04-09 03:23:25.389 [info] > git config --get commit.template [4ms]
2023-04-09 03:23:25.389 [info] > git for-each-ref --format=%(refname)%00%(upstream:short)%00%(objectname)%00%(upstream:track)%00%(upstream:remotename)%00%(upstream:remoteref) refs/heads/develop refs/remotes/develop [1ms]
2023-04-09 03:23:25.411 [info] > git status -z -uall [19ms]
2023-04-09 03:23:30.471 [info] > git config --get commit.template [5ms]
2023-04-09 03:23:30.471 [info] > git for-each-ref --format=%(refname)%00%(upstream:short)%00%(objectname)%00%(upstream:track)%00%(upstream:remotename)%00%(upstream:remoteref) refs/heads/develop refs/remotes/develop [0ms]
2023-04-09 03:23:30.497 [info] > git status -z -uall [22ms]
2023-04-09 03:23:35.561 [info] > git config --get commit.template [5ms]
2023-04-09 03:23:35.561 [info] > git for-each-ref --format=%(refname)%00%(upstream:short)%00%(objectname)%00%(upstream:track)%00%(upstream:remotename)%00%(upstream:remoteref) refs/heads/develop refs/remotes/develop [1ms]
2023-04-09 03:23:35.588 [info] > git status -z -uall [23ms]
2023-04-09 03:23:40.660 [info] > git config --get commit.template [7ms]
2023-04-09 03:23:40.660 [info] > git for-each-ref --format=%(refname)%00%(upstream:short)%00%(objectname)%00%(upstream:track)%00%(upstream:remotename)%00%(upstream:remoteref) refs/heads/develop refs/remotes/develop [1ms]
2023-04-09 03:23:40.685 [info] > git status -z -uall [21ms]
2023-04-09 03:24:12.652 [info] > git config --get commit.template [0ms]
2023-04-09 03:24:12.657 [info] > git for-each-ref --format=%(refname)%00%(upstream:short)%00%(objectname)%00%(upstream:track)%00%(upstream:remotename)%00%(upstream:remoteref) refs/heads/develop refs/remotes/develop [0ms]
2023-04-09 03:24:12.687 [info] > git status -z -uall [27ms]
2023-04-09 03:24:17.765 [info] > git config --get commit.template [1ms]
2023-04-09 03:24:17.769 [info] > git for-each-ref --format=%(refname)%00%(upstream:short)%00%(objectname)%00%(upstream:track)%00%(upstream:remotename)%00%(upstream:remoteref) refs/heads/develop refs/remotes/develop [0ms]
2023-04-09 03:24:17.793 [info] > git status -z -uall [20ms]
2023-04-09 03:24:22.852 [info] > git config --get commit.template [1ms]
2023-04-09 03:24:22.857 [info] > git for-each-ref --format=%(refname)%00%(upstream:short)%00%(objectname)%00%(upstream:track)%00%(upstream:remotename)%00%(upstream:remoteref) refs/heads/develop refs/remotes/develop [1ms]
2023-04-09 03:24:22.882 [info] > git status -z -uall [22ms]
2023-04-09 03:24:28.542 [info] > git config --get commit.template [2ms]
2023-04-09 03:24:28.549 [info] > git for-each-ref --format=%(refname)%00%(upstream:short)%00%(objectname)%00%(upstream:track)%00%(upstream:remotename)%00%(upstream:remoteref) refs/heads/develop refs/remotes/develop [1ms]
2023-04-09 03:24:28.576 [info] > git status -z -uall [22ms]
2023-04-09 03:24:34.374 [info] > git config --get commit.template [1ms]
2023-04-09 03:24:34.379 [info] > git for-each-ref --format=%(refname)%00%(upstream:short)%00%(objectname)%00%(upstream:track)%00%(upstream:remotename)%00%(upstream:remoteref) refs/heads/develop refs/remotes/develop [1ms]
2023-04-09 03:24:34.403 [info] > git status -z -uall [20ms]
2023-04-09 03:24:35.010 [info] > git check-ignore -v -z --stdin [26ms]
2023-04-09 03:24:39.460 [info] > git config --get commit.template [1ms]
2023-04-09 03:24:39.467 [info] > git for-each-ref --format=%(refname)%00%(upstream:short)%00%(objectname)%00%(upstream:track)%00%(upstream:remotename)%00%(upstream:remoteref) refs/heads/develop refs/remotes/develop [0ms]
2023-04-09 03:24:39.491 [info] > git status -z -uall [20ms]
2023-04-09 03:24:44.554 [info] > git config --get commit.template [5ms]
2023-04-09 03:24:44.554 [info] > git for-each-ref --format=%(refname)%00%(upstream:short)%00%(objectname)%00%(upstream:track)%00%(upstream:remotename)%00%(upstream:remoteref) refs/heads/develop refs/remotes/develop [0ms]
2023-04-09 03:24:44.582 [info] > git status -z -uall [21ms]
2023-04-09 03:24:45.660 [info] > git check-ignore -v -z --stdin [1ms]
2023-04-09 03:24:46.724 [info] > git check-ignore -v -z --stdin [1ms]
2023-04-09 03:24:47.040 [info] > git log --format=%H%n%aN%n%aE%n%at%n%ct%n%P%n%D%n%B -z -n527 -- /home/ascenderuser/src/ch03/nn-mnist.py [110ms]
2023-04-09 03:24:47.328 [info] > git show --textconv :src/ch03/nn-mnist.py [30ms]
2023-04-09 03:24:47.328 [info] > git ls-files --stage -- /home/ascenderuser/src/ch03/nn-mnist.py [21ms]
2023-04-09 03:24:49.647 [info] > git config --get commit.template [6ms]
2023-04-09 03:24:49.647 [info] > git for-each-ref --format=%(refname)%00%(upstream:short)%00%(objectname)%00%(upstream:track)%00%(upstream:remotename)%00%(upstream:remoteref) refs/heads/develop refs/remotes/develop [0ms]
2023-04-09 03:24:49.674 [info] > git status -z -uall [23ms]
2023-04-09 03:24:59.438 [info] > git config --get commit.template [0ms]
2023-04-09 03:24:59.446 [info] > git for-each-ref --format=%(refname)%00%(upstream:short)%00%(objectname)%00%(upstream:track)%00%(upstream:remotename)%00%(upstream:remoteref) refs/heads/develop refs/remotes/develop [0ms]
2023-04-09 03:24:59.473 [info] > git status -z -uall [20ms]
2023-04-09 03:25:30.454 [info] > git config --get commit.template [0ms]
2023-04-09 03:25:30.460 [info] > git for-each-ref --format=%(refname)%00%(upstream:short)%00%(objectname)%00%(upstream:track)%00%(upstream:remotename)%00%(upstream:remoteref) refs/heads/develop refs/remotes/develop [1ms]
2023-04-09 03:25:30.488 [info] > git status -z -uall [25ms]
2023-04-09 03:25:35.547 [info] > git config --get commit.template [1ms]
2023-04-09 03:25:35.552 [info] > git for-each-ref --format=%(refname)%00%(upstream:short)%00%(objectname)%00%(upstream:track)%00%(upstream:remotename)%00%(upstream:remoteref) refs/heads/develop refs/remotes/develop [1ms]
2023-04-09 03:25:35.576 [info] > git status -z -uall [21ms]
2023-04-09 03:25:40.638 [info] > git config --get commit.template [0ms]
2023-04-09 03:25:40.644 [info] > git for-each-ref --format=%(refname)%00%(upstream:short)%00%(objectname)%00%(upstream:track)%00%(upstream:remotename)%00%(upstream:remoteref) refs/heads/develop refs/remotes/develop [1ms]
2023-04-09 03:25:40.671 [info] > git status -z -uall [22ms]
2023-04-09 03:25:45.734 [info] > git config --get commit.template [5ms]
2023-04-09 03:25:45.735 [info] > git for-each-ref --format=%(refname)%00%(upstream:short)%00%(objectname)%00%(upstream:track)%00%(upstream:remotename)%00%(upstream:remoteref) refs/heads/develop refs/remotes/develop [0ms]
2023-04-09 03:25:45.759 [info] > git status -z -uall [20ms]
2023-04-09 03:25:50.822 [info] > git config --get commit.template [5ms]
2023-04-09 03:25:50.822 [info] > git for-each-ref --format=%(refname)%00%(upstream:short)%00%(objectname)%00%(upstream:track)%00%(upstream:remotename)%00%(upstream:remoteref) refs/heads/develop refs/remotes/develop [1ms]
2023-04-09 03:25:50.847 [info] > git status -z -uall [22ms]
2023-04-09 03:25:55.913 [info] > git config --get commit.template [6ms]
2023-04-09 03:25:55.913 [info] > git for-each-ref --format=%(refname)%00%(upstream:short)%00%(objectname)%00%(upstream:track)%00%(upstream:remotename)%00%(upstream:remoteref) refs/heads/develop refs/remotes/develop [1ms]
2023-04-09 03:25:55.937 [info] > git status -z -uall [20ms]
2023-04-09 03:26:00.996 [info] > git config --get commit.template [1ms]
2023-04-09 03:26:01.001 [info] > git for-each-ref --format=%(refname)%00%(upstream:short)%00%(objectname)%00%(upstream:track)%00%(upstream:remotename)%00%(upstream:remoteref) refs/heads/develop refs/remotes/develop [1ms]
2023-04-09 03:26:01.024 [info] > git status -z -uall [20ms]
2023-04-09 03:26:06.091 [info] > git config --get commit.template [5ms]
2023-04-09 03:26:06.091 [info] > git for-each-ref --format=%(refname)%00%(upstream:short)%00%(objectname)%00%(upstream:track)%00%(upstream:remotename)%00%(upstream:remoteref) refs/heads/develop refs/remotes/develop [0ms]
2023-04-09 03:26:06.117 [info] > git status -z -uall [22ms]
