2023-04-09 03:51:03.585 [info] Extension host with pid 284 started
2023-04-09 03:51:03.595 [info] Lock '/home/ascenderuser/.vscode-server/data/User/workspaceStorage/b2cf6719777e73c29148595f67d97134/vscode.lock': Lock acquired.
2023-04-09 03:51:03.649 [info] ExtensionService#_doActivateExtension vscode.emmet, startup: false, activationEvent: 'onLanguage'
2023-04-09 03:51:03.651 [info] ExtensionService#_doActivateExtension ms-python.python, startup: false, activationEvent: 'onLanguage:python'
2023-04-09 03:51:03.651 [info] ExtensionService#_doActivateExtension ms-toolsai.jupyter, startup: false, activationEvent: 'onLanguage:python'
2023-04-09 03:51:04.336 [info] ExtensionService#_doActivateExtension ms-toolsai.jupyter-renderers, startup: false, activationEvent: 'api', root cause: ms-toolsai.jupyter
2023-04-09 03:51:04.474 [info] ExtensionService#_doActivateExtension ms-python.vscode-pylance, startup: false, activationEvent: 'onLanguage:python'
2023-04-09 03:51:04.697 [info] ExtensionService#_doActivateExtension vscode.git-base, startup: true, activationEvent: '*', root cause: vscode.git
2023-04-09 03:51:04.745 [info] ExtensionService#_doActivateExtension vscode.git, startup: true, activationEvent: '*'
2023-04-09 03:51:04.745 [info] ExtensionService#_doActivateExtension vscode.github, startup: true, activationEvent: '*'
2023-04-09 03:51:04.857 [info] Eager extensions activated
2023-04-09 03:51:04.857 [info] ExtensionService#_doActivateExtension vscode.debug-auto-launch, startup: false, activationEvent: 'onStartupFinished'
2023-04-09 03:51:04.858 [info] ExtensionService#_doActivateExtension vscode.merge-conflict, startup: false, activationEvent: 'onStartupFinished'
2023-04-09 03:52:33.167 [info] ExtensionService#_doActivateExtension vscode.npm, startup: false, activationEvent: 'onLanguage:properties'
2023-04-09 03:53:08.305 [warning] [Decorations] CAPPING events from decorations provider vscode.git 806
2023-04-09 03:53:13.349 [warning] [Decorations] CAPPING events from decorations provider vscode.git 840
2023-04-09 03:53:18.394 [warning] [Decorations] CAPPING events from decorations provider vscode.git 840
2023-04-09 03:53:23.436 [warning] [Decorations] CAPPING events from decorations provider vscode.git 840
2023-04-09 03:53:28.476 [warning] [Decorations] CAPPING events from decorations provider vscode.git 840
2023-04-09 03:53:33.522 [warning] [Decorations] CAPPING events from decorations provider vscode.git 840
2023-04-09 03:53:38.565 [warning] [Decorations] CAPPING events from decorations provider vscode.git 840
2023-04-09 03:53:43.606 [warning] [Decorations] CAPPING events from decorations provider vscode.git 840
2023-04-09 03:53:48.647 [warning] [Decorations] CAPPING events from decorations provider vscode.git 840
2023-04-09 03:53:53.690 [warning] [Decorations] CAPPING events from decorations provider vscode.git 840
2023-04-09 03:53:58.730 [warning] [Decorations] CAPPING events from decorations provider vscode.git 840
2023-04-09 03:54:03.769 [warning] [Decorations] CAPPING events from decorations provider vscode.git 840
2023-04-09 03:54:08.807 [warning] [Decorations] CAPPING events from decorations provider vscode.git 840
2023-04-09 03:54:13.847 [warning] [Decorations] CAPPING events from decorations provider vscode.git 840
2023-04-09 03:54:27.992 [warning] [Decorations] CAPPING events from decorations provider vscode.git 840
2023-04-09 03:54:33.035 [warning] [Decorations] CAPPING events from decorations provider vscode.git 840
2023-04-09 03:54:38.075 [warning] [Decorations] CAPPING events from decorations provider vscode.git 840
2023-04-09 03:54:43.116 [warning] [Decorations] CAPPING events from decorations provider vscode.git 840
2023-04-09 03:55:06.464 [warning] [Decorations] CAPPING events from decorations provider vscode.git 840
2023-04-09 03:55:11.502 [warning] [Decorations] CAPPING events from decorations provider vscode.git 840
2023-04-09 03:55:16.542 [warning] [Decorations] CAPPING events from decorations provider vscode.git 840
2023-04-09 03:55:21.584 [warning] [Decorations] CAPPING events from decorations provider vscode.git 840
2023-04-09 03:55:26.621 [warning] [Decorations] CAPPING events from decorations provider vscode.git 840
2023-04-09 03:55:31.665 [warning] [Decorations] CAPPING events from decorations provider vscode.git 840
2023-04-09 03:55:36.704 [warning] [Decorations] CAPPING events from decorations provider vscode.git 840
2023-04-09 03:55:41.745 [warning] [Decorations] CAPPING events from decorations provider vscode.git 840
2023-04-09 03:55:46.790 [warning] [Decorations] CAPPING events from decorations provider vscode.git 840
2023-04-09 03:55:51.826 [warning] [Decorations] CAPPING events from decorations provider vscode.git 840
2023-04-09 03:55:56.871 [warning] [Decorations] CAPPING events from decorations provider vscode.git 840
2023-04-09 03:56:01.914 [warning] [Decorations] CAPPING events from decorations provider vscode.git 840
2023-04-09 03:56:06.949 [warning] [Decorations] CAPPING events from decorations provider vscode.git 840
2023-04-09 03:56:11.988 [warning] [Decorations] CAPPING events from decorations provider vscode.git 840
2023-04-09 03:56:17.032 [warning] [Decorations] CAPPING events from decorations provider vscode.git 840
2023-04-09 03:56:22.076 [warning] [Decorations] CAPPING events from decorations provider vscode.git 840
2023-04-09 03:56:27.127 [warning] [Decorations] CAPPING events from decorations provider vscode.git 840
2023-04-09 03:56:32.168 [warning] [Decorations] CAPPING events from decorations provider vscode.git 840
2023-04-09 03:56:37.204 [warning] [Decorations] CAPPING events from decorations provider vscode.git 840
2023-04-09 03:56:42.247 [warning] [Decorations] CAPPING events from decorations provider vscode.git 840
2023-04-09 03:56:47.285 [warning] [Decorations] CAPPING events from decorations provider vscode.git 840
2023-04-09 03:56:52.323 [warning] [Decorations] CAPPING events from decorations provider vscode.git 840
2023-04-09 03:56:57.360 [warning] [Decorations] CAPPING events from decorations provider vscode.git 840
2023-04-09 03:57:02.401 [warning] [Decorations] CAPPING events from decorations provider vscode.git 840
2023-04-09 03:57:07.444 [warning] [Decorations] CAPPING events from decorations provider vscode.git 840
2023-04-09 03:57:12.485 [warning] [Decorations] CAPPING events from decorations provider vscode.git 840
2023-04-09 03:57:17.527 [warning] [Decorations] CAPPING events from decorations provider vscode.git 840
2023-04-09 03:57:22.566 [warning] [Decorations] CAPPING events from decorations provider vscode.git 840
2023-04-09 03:57:27.608 [warning] [Decorations] CAPPING events from decorations provider vscode.git 840
2023-04-09 03:57:32.645 [warning] [Decorations] CAPPING events from decorations provider vscode.git 840
2023-04-09 03:57:37.689 [warning] [Decorations] CAPPING events from decorations provider vscode.git 840
2023-04-09 03:57:42.732 [warning] [Decorations] CAPPING events from decorations provider vscode.git 840
2023-04-09 03:58:04.396 [warning] [Decorations] CAPPING events from decorations provider vscode.git 840
2023-04-09 03:58:09.437 [warning] [Decorations] CAPPING events from decorations provider vscode.git 841
2023-04-09 03:58:14.483 [warning] [Decorations] CAPPING events from decorations provider vscode.git 841
2023-04-09 03:58:19.528 [warning] [Decorations] CAPPING events from decorations provider vscode.git 841
2023-04-09 03:58:24.577 [warning] [Decorations] CAPPING events from decorations provider vscode.git 841
2023-04-09 03:58:29.615 [warning] [Decorations] CAPPING events from decorations provider vscode.git 841
2023-04-09 03:58:34.657 [warning] [Decorations] CAPPING events from decorations provider vscode.git 841
2023-04-09 03:58:39.698 [warning] [Decorations] CAPPING events from decorations provider vscode.git 841
2023-04-09 03:58:44.734 [warning] [Decorations] CAPPING events from decorations provider vscode.git 841
2023-04-09 03:58:49.778 [warning] [Decorations] CAPPING events from decorations provider vscode.git 841
2023-04-09 03:58:52.830 [info] Extension host terminating: received terminate message from renderer
2023-04-09 03:58:52.831 [info] Lock '/home/ascenderuser/.vscode-server/data/User/workspaceStorage/b2cf6719777e73c29148595f67d97134/vscode.lock': Marking the lockfile as scheduled to be released in 6000 ms.
2023-04-09 03:58:52.853 [error] Canceled: Canceled
	at new l (/vscode/vscode-server/bin/linux-x64/7f329fe6c66b0f86ae1574c2911b681ad5a45d63/out/vs/workbench/api/node/extensionHostProcess.js:99:105190)
	at c.O (/vscode/vscode-server/bin/linux-x64/7f329fe6c66b0f86ae1574c2911b681ad5a45d63/out/vs/workbench/api/node/extensionHostProcess.js:109:11692)
	at Proxy.G.<computed>.Q.charCodeAt.G.<computed> (/vscode/vscode-server/bin/linux-x64/7f329fe6c66b0f86ae1574c2911b681ad5a45d63/out/vs/workbench/api/node/extensionHostProcess.js:109:8967)
	at m.g (/vscode/vscode-server/bin/linux-x64/7f329fe6c66b0f86ae1574c2911b681ad5a45d63/out/vs/workbench/api/node/extensionHostProcess.js:99:125211)
	at m.executeCommand (/vscode/vscode-server/bin/linux-x64/7f329fe6c66b0f86ae1574c2911b681ad5a45d63/out/vs/workbench/api/node/extensionHostProcess.js:99:124587)
	at L.registerCommand.description (/vscode/vscode-server/bin/linux-x64/7f329fe6c66b0f86ae1574c2911b681ad5a45d63/out/vs/workbench/api/node/extensionHostProcess.js:99:123880)
	at m.h (/vscode/vscode-server/bin/linux-x64/7f329fe6c66b0f86ae1574c2911b681ad5a45d63/out/vs/workbench/api/node/extensionHostProcess.js:99:125797)
	at m.g (/vscode/vscode-server/bin/linux-x64/7f329fe6c66b0f86ae1574c2911b681ad5a45d63/out/vs/workbench/api/node/extensionHostProcess.js:99:124687)
	at m.executeCommand (/vscode/vscode-server/bin/linux-x64/7f329fe6c66b0f86ae1574c2911b681ad5a45d63/out/vs/workbench/api/node/extensionHostProcess.js:99:124587)
	at Object.executeCommand (/vscode/vscode-server/bin/linux-x64/7f329fe6c66b0f86ae1574c2911b681ad5a45d63/out/vs/workbench/api/node/extensionHostProcess.js:115:23801)
	at D (/vscode/vscode-server/bin/linux-x64/7f329fe6c66b0f86ae1574c2911b681ad5a45d63/extensions/git/dist/main.js:2:1467156)
	at E.invoke (/vscode/vscode-server/bin/linux-x64/7f329fe6c66b0f86ae1574c2911b681ad5a45d63/out/vs/workbench/api/node/extensionHostProcess.js:63:145)
	at h.deliver (/vscode/vscode-server/bin/linux-x64/7f329fe6c66b0f86ae1574c2911b681ad5a45d63/out/vs/workbench/api/node/extensionHostProcess.js:63:2121)
	at n.fire (/vscode/vscode-server/bin/linux-x64/7f329fe6c66b0f86ae1574c2911b681ad5a45d63/out/vs/workbench/api/node/extensionHostProcess.js:63:1729)
	at Object.m [as dispose] (/vscode/vscode-server/bin/linux-x64/7f329fe6c66b0f86ae1574c2911b681ad5a45d63/extensions/git/dist/main.js:2:1481885)
	at /vscode/vscode-server/bin/linux-x64/7f329fe6c66b0f86ae1574c2911b681ad5a45d63/extensions/git/dist/main.js:2:1485952
	at Array.forEach (<anonymous>)
	at g.dispose (/vscode/vscode-server/bin/linux-x64/7f329fe6c66b0f86ae1574c2911b681ad5a45d63/extensions/git/dist/main.js:2:1485938)
	at t.<anonymous> (/vscode/vscode-server/bin/linux-x64/7f329fe6c66b0f86ae1574c2911b681ad5a45d63/out/vs/workbench/api/node/extensionHostProcess.js:97:12398)
	at t.dispose (/vscode/vscode-server/bin/linux-x64/7f329fe6c66b0f86ae1574c2911b681ad5a45d63/out/vs/workbench/api/node/extensionHostProcess.js:97:12533)
	at t.<anonymous> (/vscode/vscode-server/bin/linux-x64/7f329fe6c66b0f86ae1574c2911b681ad5a45d63/extensions/git/dist/main.js:2:1469286)
	at t.dispose (/vscode/vscode-server/bin/linux-x64/7f329fe6c66b0f86ae1574c2911b681ad5a45d63/out/vs/workbench/api/node/extensionHostProcess.js:97:12533)
	at I (/vscode/vscode-server/bin/linux-x64/7f329fe6c66b0f86ae1574c2911b681ad5a45d63/out/vs/workbench/api/node/extensionHostProcess.js:10:12084)
	at E.Y (/vscode/vscode-server/bin/linux-x64/7f329fe6c66b0f86ae1574c2911b681ad5a45d63/out/vs/workbench/api/node/extensionHostProcess.js:111:11147)
	at /vscode/vscode-server/bin/linux-x64/7f329fe6c66b0f86ae1574c2911b681ad5a45d63/out/vs/workbench/api/node/extensionHostProcess.js:111:9131
	at Array.map (<anonymous>)
	at E.R (/vscode/vscode-server/bin/linux-x64/7f329fe6c66b0f86ae1574c2911b681ad5a45d63/out/vs/workbench/api/node/extensionHostProcess.js:111:9118)
	at E.terminate (/vscode/vscode-server/bin/linux-x64/7f329fe6c66b0f86ae1574c2911b681ad5a45d63/out/vs/workbench/api/node/extensionHostProcess.js:111:9389)
	at d.terminate (/vscode/vscode-server/bin/linux-x64/7f329fe6c66b0f86ae1574c2911b681ad5a45d63/out/vs/workbench/api/node/extensionHostProcess.js:115:1544)
	at p (/vscode/vscode-server/bin/linux-x64/7f329fe6c66b0f86ae1574c2911b681ad5a45d63/out/vs/workbench/api/node/extensionHostProcess.js:125:18690)
	at /vscode/vscode-server/bin/linux-x64/7f329fe6c66b0f86ae1574c2911b681ad5a45d63/out/vs/workbench/api/node/extensionHostProcess.js:125:16600
	at E.invoke (/vscode/vscode-server/bin/linux-x64/7f329fe6c66b0f86ae1574c2911b681ad5a45d63/out/vs/workbench/api/node/extensionHostProcess.js:63:145)
	at h.deliver (/vscode/vscode-server/bin/linux-x64/7f329fe6c66b0f86ae1574c2911b681ad5a45d63/out/vs/workbench/api/node/extensionHostProcess.js:63:2121)
	at n.fire (/vscode/vscode-server/bin/linux-x64/7f329fe6c66b0f86ae1574c2911b681ad5a45d63/out/vs/workbench/api/node/extensionHostProcess.js:63:1729)
	at p.fire (/vscode/vscode-server/bin/linux-x64/7f329fe6c66b0f86ae1574c2911b681ad5a45d63/out/vs/workbench/api/node/extensionHostProcess.js:72:14916)
	at s.E (/vscode/vscode-server/bin/linux-x64/7f329fe6c66b0f86ae1574c2911b681ad5a45d63/out/vs/workbench/api/node/extensionHostProcess.js:72:18982)
	at /vscode/vscode-server/bin/linux-x64/7f329fe6c66b0f86ae1574c2911b681ad5a45d63/out/vs/workbench/api/node/extensionHostProcess.js:72:16970
	at E.invoke (/vscode/vscode-server/bin/linux-x64/7f329fe6c66b0f86ae1574c2911b681ad5a45d63/out/vs/workbench/api/node/extensionHostProcess.js:63:145)
	at h.deliver (/vscode/vscode-server/bin/linux-x64/7f329fe6c66b0f86ae1574c2911b681ad5a45d63/out/vs/workbench/api/node/extensionHostProcess.js:63:2121)
	at n.fire (/vscode/vscode-server/bin/linux-x64/7f329fe6c66b0f86ae1574c2911b681ad5a45d63/out/vs/workbench/api/node/extensionHostProcess.js:63:1729)
	at d.acceptChunk (/vscode/vscode-server/bin/linux-x64/7f329fe6c66b0f86ae1574c2911b681ad5a45d63/out/vs/workbench/api/node/extensionHostProcess.js:72:12647)
	at /vscode/vscode-server/bin/linux-x64/7f329fe6c66b0f86ae1574c2911b681ad5a45d63/out/vs/workbench/api/node/extensionHostProcess.js:72:11934
	at E.invoke (/vscode/vscode-server/bin/linux-x64/7f329fe6c66b0f86ae1574c2911b681ad5a45d63/out/vs/workbench/api/node/extensionHostProcess.js:63:145)
	at h.deliver (/vscode/vscode-server/bin/linux-x64/7f329fe6c66b0f86ae1574c2911b681ad5a45d63/out/vs/workbench/api/node/extensionHostProcess.js:63:2121)
	at n.fire (/vscode/vscode-server/bin/linux-x64/7f329fe6c66b0f86ae1574c2911b681ad5a45d63/out/vs/workbench/api/node/extensionHostProcess.js:63:1729)
	at n.u (/vscode/vscode-server/bin/linux-x64/7f329fe6c66b0f86ae1574c2911b681ad5a45d63/out/vs/workbench/api/node/extensionHostProcess.js:72:28919)
	at n.acceptFrame (/vscode/vscode-server/bin/linux-x64/7f329fe6c66b0f86ae1574c2911b681ad5a45d63/out/vs/workbench/api/node/extensionHostProcess.js:72:28725)
	at E.l (/vscode/vscode-server/bin/linux-x64/7f329fe6c66b0f86ae1574c2911b681ad5a45d63/out/vs/workbench/api/node/extensionHostProcess.js:72:27312)
	at /vscode/vscode-server/bin/linux-x64/7f329fe6c66b0f86ae1574c2911b681ad5a45d63/out/vs/workbench/api/node/extensionHostProcess.js:72:24635
	at Socket.s (/vscode/vscode-server/bin/linux-x64/7f329fe6c66b0f86ae1574c2911b681ad5a45d63/out/vs/workbench/api/node/extensionHostProcess.js:72:22469)
	at Socket.emit (node:events:526:28)
	at addChunk (node:internal/streams/readable:315:12)
	at readableAddChunk (node:internal/streams/readable:289:9)
	at Socket.Readable.push (node:internal/streams/readable:228:10)
	at TCP.onStreamRead (node:internal/stream_base_commons:190:23) setContext undefined
2023-04-09 03:58:52.869 [info] Extension host with pid 284 exiting with code 0
