2023-04-08 16:13:50.942 [info] Log level: Info
2023-04-08 16:13:50.942 [info] Validating found git in: "git"
2023-04-08 16:13:50.942 [info] Using git "2.25.1" from "git"
2023-04-08 16:13:50.942 [info] > git rev-parse --show-toplevel [21ms]
2023-04-08 16:13:50.947 [info] > git rev-parse --git-dir --git-common-dir [31ms]
2023-04-08 16:13:50.952 [info] Open repository: /home/ascenderuser
2023-04-08 16:13:50.967 [info] > git rev-parse --show-toplevel [7ms]
2023-04-08 16:13:50.974 [info] > git rev-parse --show-toplevel [2ms]
2023-04-08 16:13:50.983 [info] > git config --get commit.template [16ms]
2023-04-08 16:13:50.985 [info] > git rev-parse --show-toplevel [3ms]
2023-04-08 16:13:51.000 [info] > git for-each-ref --format=%(refname)%00%(upstream:short)%00%(objectname)%00%(upstream:track)%00%(upstream:remotename)%00%(upstream:remoteref) refs/heads/develop refs/remotes/develop [3ms]
2023-04-08 16:13:51.007 [info] > git rev-parse --show-toplevel [17ms]
2023-04-08 16:13:51.022 [info] > git rev-parse --show-toplevel [10ms]
2023-04-08 16:13:51.031 [info] > git rev-parse --show-toplevel [2ms]
2023-04-08 16:13:51.038 [info] > git log --format=%H%n%aN%n%aE%n%at%n%ct%n%P%n%D%n%B -z -n527 -- /home/ascenderuser/src/ch03/nn-mnist.py [17ms]
2023-04-08 16:13:51.049 [info] > git rev-parse --show-toplevel [11ms]
2023-04-08 16:13:51.056 [info] > git rev-parse --show-toplevel [2ms]
2023-04-08 16:13:51.062 [info] > git rev-parse --show-toplevel [2ms]
2023-04-08 16:13:51.068 [info] > git rev-parse --show-toplevel [1ms]
2023-04-08 16:13:51.073 [info] > git status -z -uall [67ms]
2023-04-08 16:13:51.151 [info] > git rev-parse --show-toplevel [79ms]
2023-04-08 16:13:51.157 [info] > git config --get commit.template [7ms]
2023-04-08 16:13:51.158 [info] > git rev-parse --show-toplevel [2ms]
2023-04-08 16:13:51.173 [info] > git for-each-ref --format=%(refname)%00%(upstream:short)%00%(objectname)%00%(upstream:track)%00%(upstream:remotename)%00%(upstream:remoteref) refs/heads/develop refs/remotes/develop [5ms]
2023-04-08 16:13:51.179 [info] > git rev-parse --show-toplevel [16ms]
2023-04-08 16:13:51.187 [info] > git rev-parse --show-toplevel [3ms]
2023-04-08 16:13:51.617 [info] > git rev-parse --show-toplevel [421ms]
2023-04-08 16:13:51.652 [info] > git rev-parse --show-toplevel [29ms]
2023-04-08 16:13:51.663 [info] > git check-ignore -v -z --stdin [33ms]
2023-04-08 16:13:51.664 [info] > git rev-parse --show-toplevel [2ms]
2023-04-08 16:13:51.676 [info] > git status -z -uall [497ms]
2023-04-08 16:13:52.480 [info] > git show --textconv :src/ch03/nn-mnist.py [71ms]
2023-04-08 16:13:52.480 [info] > git ls-files --stage -- /home/ascenderuser/src/ch03/nn-mnist.py [47ms]
2023-04-08 16:13:52.482 [info] > git log --format=%H%n%aN%n%aE%n%at%n%ct%n%P%n%D%n%B -z -n527 -- /home/ascenderuser/src/ch03/nn-mnist.py [82ms]
2023-04-08 16:14:00.398 [info] > git config --get commit.template [1ms]
2023-04-08 16:14:00.405 [info] > git for-each-ref --format=%(refname)%00%(upstream:short)%00%(objectname)%00%(upstream:track)%00%(upstream:remotename)%00%(upstream:remoteref) refs/heads/develop refs/remotes/develop [1ms]
2023-04-08 16:14:00.429 [info] > git status -z -uall [18ms]
2023-04-08 16:14:05.528 [info] > git config --get commit.template [5ms]
2023-04-08 16:14:05.528 [info] > git for-each-ref --format=%(refname)%00%(upstream:short)%00%(objectname)%00%(upstream:track)%00%(upstream:remotename)%00%(upstream:remoteref) refs/heads/develop refs/remotes/develop [1ms]
2023-04-08 16:14:05.552 [info] > git status -z -uall [20ms]
2023-04-08 16:14:10.617 [info] > git config --get commit.template [6ms]
2023-04-08 16:14:10.617 [info] > git for-each-ref --format=%(refname)%00%(upstream:short)%00%(objectname)%00%(upstream:track)%00%(upstream:remotename)%00%(upstream:remoteref) refs/heads/develop refs/remotes/develop [1ms]
2023-04-08 16:14:10.640 [info] > git status -z -uall [18ms]
2023-04-08 16:14:15.705 [info] > git config --get commit.template [7ms]
2023-04-08 16:14:15.705 [info] > git for-each-ref --format=%(refname)%00%(upstream:short)%00%(objectname)%00%(upstream:track)%00%(upstream:remotename)%00%(upstream:remoteref) refs/heads/develop refs/remotes/develop [1ms]
2023-04-08 16:14:15.730 [info] > git status -z -uall [19ms]
2023-04-08 16:14:20.792 [info] > git config --get commit.template [6ms]
2023-04-08 16:14:20.792 [info] > git for-each-ref --format=%(refname)%00%(upstream:short)%00%(objectname)%00%(upstream:track)%00%(upstream:remotename)%00%(upstream:remoteref) refs/heads/develop refs/remotes/develop [0ms]
2023-04-08 16:14:20.816 [info] > git status -z -uall [19ms]
2023-04-08 16:14:25.880 [info] > git config --get commit.template [7ms]
2023-04-08 16:14:25.881 [info] > git for-each-ref --format=%(refname)%00%(upstream:short)%00%(objectname)%00%(upstream:track)%00%(upstream:remotename)%00%(upstream:remoteref) refs/heads/develop refs/remotes/develop [0ms]
2023-04-08 16:14:25.905 [info] > git status -z -uall [19ms]
2023-04-08 16:14:27.356 [info] > git check-ignore -v -z --stdin [0ms]
2023-04-08 16:14:35.314 [info] > git config --get commit.template [0ms]
2023-04-08 16:14:35.321 [info] > git for-each-ref --format=%(refname)%00%(upstream:short)%00%(objectname)%00%(upstream:track)%00%(upstream:remotename)%00%(upstream:remoteref) refs/heads/develop refs/remotes/develop [0ms]
2023-04-08 16:14:35.347 [info] > git status -z -uall [19ms]
2023-04-08 16:14:40.582 [info] > git config --get commit.template [1ms]
2023-04-08 16:14:40.592 [info] > git for-each-ref --format=%(refname)%00%(upstream:short)%00%(objectname)%00%(upstream:track)%00%(upstream:remotename)%00%(upstream:remoteref) refs/heads/develop refs/remotes/develop [1ms]
2023-04-08 16:14:40.616 [info] > git status -z -uall [17ms]
2023-04-08 16:14:45.676 [info] > git config --get commit.template [0ms]
2023-04-08 16:14:45.682 [info] > git for-each-ref --format=%(refname)%00%(upstream:short)%00%(objectname)%00%(upstream:track)%00%(upstream:remotename)%00%(upstream:remoteref) refs/heads/develop refs/remotes/develop [1ms]
2023-04-08 16:14:45.705 [info] > git status -z -uall [18ms]
2023-04-08 16:14:49.970 [info] > git check-ignore -v -z --stdin [5ms]
2023-04-08 16:14:50.077 [info] > git log --format=%H%n%aN%n%aE%n%at%n%ct%n%P%n%D%n%B -z -n527 -- /home/ascenderuser/.devcontainer/devcontainer.json [70ms]
2023-04-08 16:14:50.209 [info] > git show --textconv :.devcontainer/devcontainer.json [10ms]
2023-04-08 16:14:50.209 [info] > git ls-files --stage -- /home/ascenderuser/.devcontainer/devcontainer.json [4ms]
2023-04-08 16:14:50.766 [info] > git config --get commit.template [1ms]
2023-04-08 16:14:50.772 [info] > git for-each-ref --format=%(refname)%00%(upstream:short)%00%(objectname)%00%(upstream:track)%00%(upstream:remotename)%00%(upstream:remoteref) refs/heads/develop refs/remotes/develop [1ms]
2023-04-08 16:14:50.799 [info] > git status -z -uall [21ms]
2023-04-08 16:14:55.864 [info] > git config --get commit.template [7ms]
2023-04-08 16:14:55.864 [info] > git for-each-ref --format=%(refname)%00%(upstream:short)%00%(objectname)%00%(upstream:track)%00%(upstream:remotename)%00%(upstream:remoteref) refs/heads/develop refs/remotes/develop [1ms]
2023-04-08 16:14:55.889 [info] > git status -z -uall [19ms]
2023-04-08 16:15:00.955 [info] > git config --get commit.template [7ms]
2023-04-08 16:15:00.955 [info] > git for-each-ref --format=%(refname)%00%(upstream:short)%00%(objectname)%00%(upstream:track)%00%(upstream:remotename)%00%(upstream:remoteref) refs/heads/develop refs/remotes/develop [1ms]
2023-04-08 16:15:00.980 [info] > git status -z -uall [20ms]
2023-04-08 16:15:06.039 [info] > git config --get commit.template [1ms]
2023-04-08 16:15:06.046 [info] > git for-each-ref --format=%(refname)%00%(upstream:short)%00%(objectname)%00%(upstream:track)%00%(upstream:remotename)%00%(upstream:remoteref) refs/heads/develop refs/remotes/develop [1ms]
2023-04-08 16:15:06.070 [info] > git status -z -uall [19ms]
2023-04-08 16:15:11.131 [info] > git config --get commit.template [0ms]
2023-04-08 16:15:11.138 [info] > git for-each-ref --format=%(refname)%00%(upstream:short)%00%(objectname)%00%(upstream:track)%00%(upstream:remotename)%00%(upstream:remoteref) refs/heads/develop refs/remotes/develop [0ms]
2023-04-08 16:15:11.165 [info] > git status -z -uall [20ms]
2023-04-08 16:15:16.226 [info] > git config --get commit.template [5ms]
2023-04-08 16:15:16.227 [info] > git for-each-ref --format=%(refname)%00%(upstream:short)%00%(objectname)%00%(upstream:track)%00%(upstream:remotename)%00%(upstream:remoteref) refs/heads/develop refs/remotes/develop [1ms]
2023-04-08 16:15:16.251 [info] > git status -z -uall [19ms]
2023-04-08 16:15:21.315 [info] > git config --get commit.template [7ms]
2023-04-08 16:15:21.316 [info] > git for-each-ref --format=%(refname)%00%(upstream:short)%00%(objectname)%00%(upstream:track)%00%(upstream:remotename)%00%(upstream:remoteref) refs/heads/develop refs/remotes/develop [1ms]
2023-04-08 16:15:21.342 [info] > git status -z -uall [21ms]
2023-04-08 16:15:26.061 [info] > git check-ignore -v -z --stdin [1ms]
2023-04-08 16:15:26.398 [info] > git config --get commit.template [1ms]
2023-04-08 16:15:26.404 [info] > git for-each-ref --format=%(refname)%00%(upstream:short)%00%(objectname)%00%(upstream:track)%00%(upstream:remotename)%00%(upstream:remoteref) refs/heads/develop refs/remotes/develop [0ms]
2023-04-08 16:15:26.427 [info] > git status -z -uall [19ms]
2023-04-08 16:15:31.485 [info] > git config --get commit.template [0ms]
2023-04-08 16:15:31.492 [info] > git for-each-ref --format=%(refname)%00%(upstream:short)%00%(objectname)%00%(upstream:track)%00%(upstream:remotename)%00%(upstream:remoteref) refs/heads/develop refs/remotes/develop [1ms]
2023-04-08 16:15:31.518 [info] > git status -z -uall [20ms]
2023-04-08 16:15:36.577 [info] > git config --get commit.template [1ms]
2023-04-08 16:15:36.583 [info] > git for-each-ref --format=%(refname)%00%(upstream:short)%00%(objectname)%00%(upstream:track)%00%(upstream:remotename)%00%(upstream:remoteref) refs/heads/develop refs/remotes/develop [1ms]
2023-04-08 16:15:36.606 [info] > git status -z -uall [19ms]
2023-04-08 16:15:41.665 [info] > git config --get commit.template [1ms]
2023-04-08 16:15:41.672 [info] > git for-each-ref --format=%(refname)%00%(upstream:short)%00%(objectname)%00%(upstream:track)%00%(upstream:remotename)%00%(upstream:remoteref) refs/heads/develop refs/remotes/develop [1ms]
2023-04-08 16:15:41.698 [info] > git status -z -uall [20ms]
2023-04-08 16:15:46.763 [info] > git config --get commit.template [7ms]
2023-04-08 16:15:46.763 [info] > git for-each-ref --format=%(refname)%00%(upstream:short)%00%(objectname)%00%(upstream:track)%00%(upstream:remotename)%00%(upstream:remoteref) refs/heads/develop refs/remotes/develop [0ms]
2023-04-08 16:15:46.787 [info] > git status -z -uall [18ms]
2023-04-08 16:15:51.845 [info] > git config --get commit.template [1ms]
2023-04-08 16:15:51.852 [info] > git for-each-ref --format=%(refname)%00%(upstream:short)%00%(objectname)%00%(upstream:track)%00%(upstream:remotename)%00%(upstream:remoteref) refs/heads/develop refs/remotes/develop [1ms]
2023-04-08 16:15:51.877 [info] > git status -z -uall [19ms]
2023-04-08 16:15:56.937 [info] > git config --get commit.template [1ms]
2023-04-08 16:15:56.944 [info] > git for-each-ref --format=%(refname)%00%(upstream:short)%00%(objectname)%00%(upstream:track)%00%(upstream:remotename)%00%(upstream:remoteref) refs/heads/develop refs/remotes/develop [0ms]
2023-04-08 16:15:56.969 [info] > git status -z -uall [19ms]
2023-04-08 16:16:02.036 [info] > git config --get commit.template [8ms]
2023-04-08 16:16:02.036 [info] > git for-each-ref --format=%(refname)%00%(upstream:short)%00%(objectname)%00%(upstream:track)%00%(upstream:remotename)%00%(upstream:remoteref) refs/heads/develop refs/remotes/develop [2ms]
2023-04-08 16:16:02.062 [info] > git status -z -uall [19ms]
2023-04-08 16:16:07.129 [info] > git config --get commit.template [6ms]
2023-04-08 16:16:07.129 [info] > git for-each-ref --format=%(refname)%00%(upstream:short)%00%(objectname)%00%(upstream:track)%00%(upstream:remotename)%00%(upstream:remoteref) refs/heads/develop refs/remotes/develop [1ms]
2023-04-08 16:16:07.153 [info] > git status -z -uall [19ms]
2023-04-08 16:16:12.213 [info] > git config --get commit.template [0ms]
2023-04-08 16:16:12.221 [info] > git for-each-ref --format=%(refname)%00%(upstream:short)%00%(objectname)%00%(upstream:track)%00%(upstream:remotename)%00%(upstream:remoteref) refs/heads/develop refs/remotes/develop [0ms]
2023-04-08 16:16:12.245 [info] > git status -z -uall [19ms]
2023-04-08 16:16:17.312 [info] > git config --get commit.template [8ms]
2023-04-08 16:16:17.313 [info] > git for-each-ref --format=%(refname)%00%(upstream:short)%00%(objectname)%00%(upstream:track)%00%(upstream:remotename)%00%(upstream:remoteref) refs/heads/develop refs/remotes/develop [2ms]
2023-04-08 16:16:17.337 [info] > git status -z -uall [18ms]
2023-04-08 16:16:22.404 [info] > git config --get commit.template [8ms]
2023-04-08 16:16:22.404 [info] > git for-each-ref --format=%(refname)%00%(upstream:short)%00%(objectname)%00%(upstream:track)%00%(upstream:remotename)%00%(upstream:remoteref) refs/heads/develop refs/remotes/develop [1ms]
2023-04-08 16:16:22.429 [info] > git status -z -uall [19ms]
2023-04-08 16:16:27.492 [info] > git config --get commit.template [6ms]
2023-04-08 16:16:27.493 [info] > git for-each-ref --format=%(refname)%00%(upstream:short)%00%(objectname)%00%(upstream:track)%00%(upstream:remotename)%00%(upstream:remoteref) refs/heads/develop refs/remotes/develop [1ms]
2023-04-08 16:16:27.517 [info] > git status -z -uall [19ms]
2023-04-08 16:16:32.576 [info] > git config --get commit.template [1ms]
2023-04-08 16:16:32.583 [info] > git for-each-ref --format=%(refname)%00%(upstream:short)%00%(objectname)%00%(upstream:track)%00%(upstream:remotename)%00%(upstream:remoteref) refs/heads/develop refs/remotes/develop [0ms]
2023-04-08 16:16:32.608 [info] > git status -z -uall [19ms]
2023-04-08 16:16:37.674 [info] > git config --get commit.template [7ms]
2023-04-08 16:16:37.674 [info] > git for-each-ref --format=%(refname)%00%(upstream:short)%00%(objectname)%00%(upstream:track)%00%(upstream:remotename)%00%(upstream:remoteref) refs/heads/develop refs/remotes/develop [0ms]
2023-04-08 16:16:37.699 [info] > git status -z -uall [19ms]
2023-04-08 16:16:42.766 [info] > git config --get commit.template [8ms]
2023-04-08 16:16:42.766 [info] > git for-each-ref --format=%(refname)%00%(upstream:short)%00%(objectname)%00%(upstream:track)%00%(upstream:remotename)%00%(upstream:remoteref) refs/heads/develop refs/remotes/develop [0ms]
2023-04-08 16:16:42.791 [info] > git status -z -uall [19ms]
2023-04-08 16:16:47.849 [info] > git config --get commit.template [1ms]
2023-04-08 16:16:47.857 [info] > git for-each-ref --format=%(refname)%00%(upstream:short)%00%(objectname)%00%(upstream:track)%00%(upstream:remotename)%00%(upstream:remoteref) refs/heads/develop refs/remotes/develop [1ms]
2023-04-08 16:16:47.883 [info] > git status -z -uall [19ms]
2023-04-08 16:16:52.941 [info] > git config --get commit.template [0ms]
2023-04-08 16:16:52.949 [info] > git for-each-ref --format=%(refname)%00%(upstream:short)%00%(objectname)%00%(upstream:track)%00%(upstream:remotename)%00%(upstream:remoteref) refs/heads/develop refs/remotes/develop [1ms]
2023-04-08 16:16:52.974 [info] > git status -z -uall [18ms]
2023-04-08 16:16:58.042 [info] > git config --get commit.template [7ms]
2023-04-08 16:16:58.042 [info] > git for-each-ref --format=%(refname)%00%(upstream:short)%00%(objectname)%00%(upstream:track)%00%(upstream:remotename)%00%(upstream:remoteref) refs/heads/develop refs/remotes/develop [0ms]
2023-04-08 16:16:58.067 [info] > git status -z -uall [19ms]
2023-04-08 16:17:03.135 [info] > git config --get commit.template [7ms]
2023-04-08 16:17:03.136 [info] > git for-each-ref --format=%(refname)%00%(upstream:short)%00%(objectname)%00%(upstream:track)%00%(upstream:remotename)%00%(upstream:remoteref) refs/heads/develop refs/remotes/develop [0ms]
2023-04-08 16:17:03.160 [info] > git status -z -uall [19ms]
2023-04-08 16:17:08.227 [info] > git config --get commit.template [6ms]
2023-04-08 16:17:08.227 [info] > git for-each-ref --format=%(refname)%00%(upstream:short)%00%(objectname)%00%(upstream:track)%00%(upstream:remotename)%00%(upstream:remoteref) refs/heads/develop refs/remotes/develop [1ms]
2023-04-08 16:17:08.251 [info] > git status -z -uall [18ms]
2023-04-08 16:17:13.317 [info] > git config --get commit.template [7ms]
2023-04-08 16:17:13.318 [info] > git for-each-ref --format=%(refname)%00%(upstream:short)%00%(objectname)%00%(upstream:track)%00%(upstream:remotename)%00%(upstream:remoteref) refs/heads/develop refs/remotes/develop [1ms]
2023-04-08 16:17:13.343 [info] > git status -z -uall [19ms]
2023-04-08 16:17:18.406 [info] > git config --get commit.template [7ms]
2023-04-08 16:17:18.406 [info] > git for-each-ref --format=%(refname)%00%(upstream:short)%00%(objectname)%00%(upstream:track)%00%(upstream:remotename)%00%(upstream:remoteref) refs/heads/develop refs/remotes/develop [0ms]
2023-04-08 16:17:18.432 [info] > git status -z -uall [20ms]
2023-04-08 16:17:23.496 [info] > git config --get commit.template [7ms]
2023-04-08 16:17:23.496 [info] > git for-each-ref --format=%(refname)%00%(upstream:short)%00%(objectname)%00%(upstream:track)%00%(upstream:remotename)%00%(upstream:remoteref) refs/heads/develop refs/remotes/develop [1ms]
2023-04-08 16:17:23.521 [info] > git status -z -uall [19ms]
2023-04-08 16:17:28.587 [info] > git config --get commit.template [7ms]
2023-04-08 16:17:28.587 [info] > git for-each-ref --format=%(refname)%00%(upstream:short)%00%(objectname)%00%(upstream:track)%00%(upstream:remotename)%00%(upstream:remoteref) refs/heads/develop refs/remotes/develop [1ms]
2023-04-08 16:17:28.612 [info] > git status -z -uall [19ms]
2023-04-08 16:17:33.677 [info] > git config --get commit.template [7ms]
2023-04-08 16:17:33.677 [info] > git for-each-ref --format=%(refname)%00%(upstream:short)%00%(objectname)%00%(upstream:track)%00%(upstream:remotename)%00%(upstream:remoteref) refs/heads/develop refs/remotes/develop [0ms]
2023-04-08 16:17:33.702 [info] > git status -z -uall [19ms]
2023-04-08 16:17:38.767 [info] > git config --get commit.template [7ms]
2023-04-08 16:17:38.767 [info] > git for-each-ref --format=%(refname)%00%(upstream:short)%00%(objectname)%00%(upstream:track)%00%(upstream:remotename)%00%(upstream:remoteref) refs/heads/develop refs/remotes/develop [1ms]
2023-04-08 16:17:38.792 [info] > git status -z -uall [19ms]
2023-04-08 16:17:43.862 [info] > git config --get commit.template [7ms]
2023-04-08 16:17:43.862 [info] > git for-each-ref --format=%(refname)%00%(upstream:short)%00%(objectname)%00%(upstream:track)%00%(upstream:remotename)%00%(upstream:remoteref) refs/heads/develop refs/remotes/develop [1ms]
2023-04-08 16:17:43.886 [info] > git status -z -uall [19ms]
2023-04-08 16:17:48.949 [info] > git config --get commit.template [7ms]
2023-04-08 16:17:48.949 [info] > git for-each-ref --format=%(refname)%00%(upstream:short)%00%(objectname)%00%(upstream:track)%00%(upstream:remotename)%00%(upstream:remoteref) refs/heads/develop refs/remotes/develop [1ms]
2023-04-08 16:17:48.973 [info] > git status -z -uall [19ms]
2023-04-08 16:17:54.042 [info] > git config --get commit.template [10ms]
2023-04-08 16:17:54.058 [info] > git for-each-ref --format=%(refname)%00%(upstream:short)%00%(objectname)%00%(upstream:track)%00%(upstream:remotename)%00%(upstream:remoteref) refs/heads/develop refs/remotes/develop [16ms]
2023-04-08 16:17:54.085 [info] > git status -z -uall [19ms]
2023-04-08 16:18:00.681 [info] > git config --get commit.template [0ms]
2023-04-08 16:18:00.689 [info] > git for-each-ref --format=%(refname)%00%(upstream:short)%00%(objectname)%00%(upstream:track)%00%(upstream:remotename)%00%(upstream:remoteref) refs/heads/develop refs/remotes/develop [1ms]
2023-04-08 16:18:00.716 [info] > git status -z -uall [19ms]
2023-04-08 16:18:02.166 [info] > git log --format=%H%n%aN%n%aE%n%at%n%ct%n%P%n%D%n%B -z -n527 -- /home/ascenderuser/Dockerfile [2ms]
2023-04-08 16:18:02.367 [info] > git show --textconv :Dockerfile [7ms]
2023-04-08 16:18:02.367 [info] > git ls-files --stage -- /home/ascenderuser/Dockerfile [1ms]
2023-04-08 16:18:05.780 [info] > git config --get commit.template [7ms]
2023-04-08 16:18:05.780 [info] > git for-each-ref --format=%(refname)%00%(upstream:short)%00%(objectname)%00%(upstream:track)%00%(upstream:remotename)%00%(upstream:remoteref) refs/heads/develop refs/remotes/develop [1ms]
2023-04-08 16:18:05.803 [info] > git status -z -uall [18ms]
