2023-04-08 23:51:17.791 [info] Log level: Info
2023-04-08 23:51:17.791 [info] Validating found git in: "git"
2023-04-08 23:51:17.791 [info] Using git "2.25.1" from "git"
2023-04-08 23:51:17.791 [info] > git rev-parse --show-toplevel [40ms]
2023-04-08 23:51:17.808 [info] > git rev-parse --git-dir --git-common-dir [13ms]
2023-04-08 23:51:17.812 [info] Open repository: /home/ascenderuser
2023-04-08 23:51:17.829 [info] > git rev-parse --show-toplevel [12ms]
2023-04-08 23:51:17.838 [info] > git rev-parse --show-toplevel [5ms]
2023-04-08 23:51:17.843 [info] > git config --get commit.template [16ms]
2023-04-08 23:51:17.846 [info] > git rev-parse --show-toplevel [3ms]
2023-04-08 23:51:17.856 [info] > git for-each-ref --format=%(refname)%00%(upstream:short)%00%(objectname)%00%(upstream:track)%00%(upstream:remotename)%00%(upstream:remoteref) refs/heads/develop refs/remotes/develop [2ms]
2023-04-08 23:51:17.861 [info] > git rev-parse --show-toplevel [11ms]
2023-04-08 23:51:17.873 [info] > git rev-parse --show-toplevel [9ms]
2023-04-08 23:51:17.877 [info] > git rev-parse --show-toplevel [0ms]
2023-04-08 23:51:17.881 [info] > git log --format=%H%n%aN%n%aE%n%at%n%ct%n%P%n%D%n%B -z -n527 -- /home/ascenderuser/.vscode/settings.json [8ms]
2023-04-08 23:51:17.890 [info] > git rev-parse --show-toplevel [9ms]
2023-04-08 23:51:17.898 [info] > git rev-parse --show-toplevel [3ms]
2023-04-08 23:51:17.904 [info] > git rev-parse --show-toplevel [3ms]
2023-04-08 23:51:17.910 [info] > git status -z -uall [49ms]
2023-04-08 23:51:17.910 [info] > git rev-parse --show-toplevel [2ms]
2023-04-08 23:51:18.008 [info] > git rev-parse --show-toplevel [94ms]
2023-04-08 23:51:18.020 [info] > git config --get commit.template [33ms]
2023-04-08 23:51:18.021 [info] > git rev-parse --show-toplevel [9ms]
2023-04-08 23:51:18.034 [info] > git rev-parse --show-toplevel [8ms]
2023-04-08 23:51:18.456 [info] > git rev-parse --show-toplevel [419ms]
2023-04-08 23:51:18.464 [info] > git for-each-ref --format=%(refname)%00%(upstream:short)%00%(objectname)%00%(upstream:track)%00%(upstream:remotename)%00%(upstream:remoteref) refs/heads/develop refs/remotes/develop [435ms]
2023-04-08 23:51:18.491 [info] > git rev-parse --show-toplevel [30ms]
2023-04-08 23:51:18.504 [info] > git check-ignore -v -z --stdin [31ms]
2023-04-08 23:51:18.505 [info] > git rev-parse --show-toplevel [5ms]
2023-04-08 23:51:18.515 [info] > git rev-parse --show-toplevel [4ms]
2023-04-08 23:51:18.525 [info] > git status -z -uall [57ms]
2023-04-08 23:51:19.310 [info] > git show --textconv :.vscode/settings.json [44ms]
2023-04-08 23:51:19.310 [info] > git ls-files --stage -- /home/ascenderuser/.vscode/settings.json [38ms]
2023-04-08 23:51:19.312 [info] > git log --format=%H%n%aN%n%aE%n%at%n%ct%n%P%n%D%n%B -z -n527 -- /home/ascenderuser/.vscode/settings.json [52ms]
2023-04-08 23:51:21.563 [info] > git config --get commit.template [5ms]
2023-04-08 23:51:21.564 [info] > git for-each-ref --format=%(refname)%00%(upstream:short)%00%(objectname)%00%(upstream:track)%00%(upstream:remotename)%00%(upstream:remoteref) refs/heads/develop refs/remotes/develop [1ms]
2023-04-08 23:51:21.589 [info] > git status -z -uall [21ms]
2023-04-08 23:51:22.346 [info] > git log --format=%H%n%aN%n%aE%n%at%n%ct%n%P%n%D%n%B -z -n527 -- /home/ascenderuser/src/ch03/nn-mnist.py [147ms]
2023-04-08 23:51:22.849 [info] > git show --textconv :src/ch03/nn-mnist.py [257ms]
2023-04-08 23:51:22.849 [info] > git check-ignore -v -z --stdin [21ms]
2023-04-08 23:51:22.850 [info] > git ls-files --stage -- /home/ascenderuser/src/ch03/nn-mnist.py [253ms]
2023-04-08 23:51:26.664 [info] > git config --get commit.template [5ms]
2023-04-08 23:51:26.664 [info] > git for-each-ref --format=%(refname)%00%(upstream:short)%00%(objectname)%00%(upstream:track)%00%(upstream:remotename)%00%(upstream:remoteref) refs/heads/develop refs/remotes/develop [0ms]
2023-04-08 23:51:26.688 [info] > git status -z -uall [20ms]
2023-04-08 23:51:31.754 [info] > git config --get commit.template [6ms]
2023-04-08 23:51:31.755 [info] > git for-each-ref --format=%(refname)%00%(upstream:short)%00%(objectname)%00%(upstream:track)%00%(upstream:remotename)%00%(upstream:remoteref) refs/heads/develop refs/remotes/develop [1ms]
2023-04-08 23:51:31.777 [info] > git status -z -uall [18ms]
2023-04-08 23:51:40.049 [info] > git config --get commit.template [0ms]
2023-04-08 23:51:40.056 [info] > git for-each-ref --format=%(refname)%00%(upstream:short)%00%(objectname)%00%(upstream:track)%00%(upstream:remotename)%00%(upstream:remoteref) refs/heads/develop refs/remotes/develop [1ms]
2023-04-08 23:51:40.082 [info] > git status -z -uall [19ms]
2023-04-08 23:51:45.141 [info] > git config --get commit.template [6ms]
2023-04-08 23:51:45.141 [info] > git for-each-ref --format=%(refname)%00%(upstream:short)%00%(objectname)%00%(upstream:track)%00%(upstream:remotename)%00%(upstream:remoteref) refs/heads/develop refs/remotes/develop [1ms]
2023-04-08 23:51:45.165 [info] > git status -z -uall [19ms]
2023-04-08 23:51:50.229 [info] > git config --get commit.template [6ms]
2023-04-08 23:51:50.229 [info] > git for-each-ref --format=%(refname)%00%(upstream:short)%00%(objectname)%00%(upstream:track)%00%(upstream:remotename)%00%(upstream:remoteref) refs/heads/develop refs/remotes/develop [1ms]
2023-04-08 23:51:50.252 [info] > git status -z -uall [19ms]
2023-04-08 23:51:55.320 [info] > git config --get commit.template [5ms]
2023-04-08 23:51:55.320 [info] > git for-each-ref --format=%(refname)%00%(upstream:short)%00%(objectname)%00%(upstream:track)%00%(upstream:remotename)%00%(upstream:remoteref) refs/heads/develop refs/remotes/develop [1ms]
2023-04-08 23:51:55.342 [info] > git status -z -uall [18ms]
2023-04-08 23:52:17.517 [info] > git config --get commit.template [5ms]
2023-04-08 23:52:17.517 [info] > git for-each-ref --format=%(refname)%00%(upstream:short)%00%(objectname)%00%(upstream:track)%00%(upstream:remotename)%00%(upstream:remoteref) refs/heads/develop refs/remotes/develop [1ms]
2023-04-08 23:52:17.545 [info] > git status -z -uall [23ms]
2023-04-08 23:53:29.958 [info] > git config --get commit.template [1ms]
2023-04-08 23:53:29.968 [info] > git for-each-ref --format=%(refname)%00%(upstream:short)%00%(objectname)%00%(upstream:track)%00%(upstream:remotename)%00%(upstream:remoteref) refs/heads/develop refs/remotes/develop [0ms]
2023-04-08 23:53:30.001 [info] > git status -z -uall [25ms]
2023-04-08 23:54:06.996 [info] > git config --get commit.template [1ms]
2023-04-08 23:54:07.002 [info] > git for-each-ref --format=%(refname)%00%(upstream:short)%00%(objectname)%00%(upstream:track)%00%(upstream:remotename)%00%(upstream:remoteref) refs/heads/develop refs/remotes/develop [1ms]
2023-04-08 23:54:07.031 [info] > git status -z -uall [23ms]
2023-04-08 23:54:23.076 [info] > git config --get commit.template [0ms]
2023-04-08 23:54:23.082 [info] > git for-each-ref --format=%(refname)%00%(upstream:short)%00%(objectname)%00%(upstream:track)%00%(upstream:remotename)%00%(upstream:remoteref) refs/heads/develop refs/remotes/develop [0ms]
2023-04-08 23:54:23.107 [info] > git status -z -uall [21ms]
2023-04-08 23:54:28.173 [info] > git config --get commit.template [5ms]
2023-04-08 23:54:28.173 [info] > git for-each-ref --format=%(refname)%00%(upstream:short)%00%(objectname)%00%(upstream:track)%00%(upstream:remotename)%00%(upstream:remoteref) refs/heads/develop refs/remotes/develop [1ms]
2023-04-08 23:54:28.195 [info] > git status -z -uall [18ms]
2023-04-08 23:54:33.255 [info] > git config --get commit.template [5ms]
2023-04-08 23:54:33.255 [info] > git for-each-ref --format=%(refname)%00%(upstream:short)%00%(objectname)%00%(upstream:track)%00%(upstream:remotename)%00%(upstream:remoteref) refs/heads/develop refs/remotes/develop [1ms]
2023-04-08 23:54:33.278 [info] > git status -z -uall [19ms]
2023-04-08 23:54:38.344 [info] > git config --get commit.template [5ms]
2023-04-08 23:54:38.345 [info] > git for-each-ref --format=%(refname)%00%(upstream:short)%00%(objectname)%00%(upstream:track)%00%(upstream:remotename)%00%(upstream:remoteref) refs/heads/develop refs/remotes/develop [1ms]
2023-04-08 23:54:38.368 [info] > git status -z -uall [20ms]
2023-04-08 23:54:43.943 [info] > git config --get commit.template [1ms]
2023-04-08 23:54:43.952 [info] > git for-each-ref --format=%(refname)%00%(upstream:short)%00%(objectname)%00%(upstream:track)%00%(upstream:remotename)%00%(upstream:remoteref) refs/heads/develop refs/remotes/develop [1ms]
2023-04-08 23:54:43.980 [info] > git status -z -uall [21ms]
2023-04-08 23:56:22.440 [info] > git config --get commit.template [0ms]
2023-04-08 23:56:22.446 [info] > git for-each-ref --format=%(refname)%00%(upstream:short)%00%(objectname)%00%(upstream:track)%00%(upstream:remotename)%00%(upstream:remoteref) refs/heads/develop refs/remotes/develop [1ms]
2023-04-08 23:56:22.475 [info] > git status -z -uall [24ms]
2023-04-08 23:56:27.536 [info] > git config --get commit.template [5ms]
2023-04-08 23:56:27.536 [info] > git for-each-ref --format=%(refname)%00%(upstream:short)%00%(objectname)%00%(upstream:track)%00%(upstream:remotename)%00%(upstream:remoteref) refs/heads/develop refs/remotes/develop [0ms]
2023-04-08 23:56:27.558 [info] > git status -z -uall [18ms]
2023-04-08 23:56:52.248 [info] > git config --get commit.template [1ms]
2023-04-08 23:56:52.254 [info] > git for-each-ref --format=%(refname)%00%(upstream:short)%00%(objectname)%00%(upstream:track)%00%(upstream:remotename)%00%(upstream:remoteref) refs/heads/develop refs/remotes/develop [0ms]
2023-04-08 23:56:52.281 [info] > git status -z -uall [23ms]
2023-04-08 23:56:59.751 [info] > git config --get commit.template [0ms]
2023-04-08 23:56:59.758 [info] > git for-each-ref --format=%(refname)%00%(upstream:short)%00%(objectname)%00%(upstream:track)%00%(upstream:remotename)%00%(upstream:remoteref) refs/heads/develop refs/remotes/develop [1ms]
2023-04-08 23:56:59.784 [info] > git status -z -uall [18ms]
2023-04-08 23:57:04.844 [info] > git config --get commit.template [1ms]
2023-04-08 23:57:04.849 [info] > git for-each-ref --format=%(refname)%00%(upstream:short)%00%(objectname)%00%(upstream:track)%00%(upstream:remotename)%00%(upstream:remoteref) refs/heads/develop refs/remotes/develop [1ms]
2023-04-08 23:57:04.873 [info] > git status -z -uall [20ms]
2023-04-08 23:57:09.928 [info] > git config --get commit.template [1ms]
2023-04-08 23:57:09.934 [info] > git for-each-ref --format=%(refname)%00%(upstream:short)%00%(objectname)%00%(upstream:track)%00%(upstream:remotename)%00%(upstream:remoteref) refs/heads/develop refs/remotes/develop [0ms]
2023-04-08 23:57:09.958 [info] > git status -z -uall [18ms]
2023-04-08 23:57:15.013 [info] > git config --get commit.template [1ms]
2023-04-08 23:57:15.020 [info] > git for-each-ref --format=%(refname)%00%(upstream:short)%00%(objectname)%00%(upstream:track)%00%(upstream:remotename)%00%(upstream:remoteref) refs/heads/develop refs/remotes/develop [1ms]
2023-04-08 23:57:15.048 [info] > git status -z -uall [23ms]
2023-04-08 23:58:43.386 [info] > git config --get commit.template [5ms]
2023-04-08 23:58:43.386 [info] > git for-each-ref --format=%(refname)%00%(upstream:short)%00%(objectname)%00%(upstream:track)%00%(upstream:remotename)%00%(upstream:remoteref) refs/heads/develop refs/remotes/develop [1ms]
2023-04-08 23:58:43.414 [info] > git status -z -uall [23ms]
2023-04-08 23:59:01.230 [info] > git config --get commit.template [0ms]
2023-04-08 23:59:01.235 [info] > git for-each-ref --format=%(refname)%00%(upstream:short)%00%(objectname)%00%(upstream:track)%00%(upstream:remotename)%00%(upstream:remoteref) refs/heads/develop refs/remotes/develop [1ms]
2023-04-08 23:59:01.263 [info] > git status -z -uall [23ms]
2023-04-08 23:59:06.328 [info] > git config --get commit.template [5ms]
2023-04-08 23:59:06.328 [info] > git for-each-ref --format=%(refname)%00%(upstream:short)%00%(objectname)%00%(upstream:track)%00%(upstream:remotename)%00%(upstream:remoteref) refs/heads/develop refs/remotes/develop [0ms]
2023-04-08 23:59:06.351 [info] > git status -z -uall [18ms]
2023-04-08 23:59:20.501 [info] > git config --get commit.template [1ms]
2023-04-08 23:59:20.507 [info] > git for-each-ref --format=%(refname)%00%(upstream:short)%00%(objectname)%00%(upstream:track)%00%(upstream:remotename)%00%(upstream:remoteref) refs/heads/develop refs/remotes/develop [1ms]
2023-04-08 23:59:20.536 [info] > git status -z -uall [24ms]
2023-04-08 23:59:25.605 [info] > git config --get commit.template [5ms]
2023-04-08 23:59:25.606 [info] > git for-each-ref --format=%(refname)%00%(upstream:short)%00%(objectname)%00%(upstream:track)%00%(upstream:remotename)%00%(upstream:remoteref) refs/heads/develop refs/remotes/develop [0ms]
2023-04-08 23:59:25.628 [info] > git status -z -uall [18ms]
2023-04-08 23:59:30.689 [info] > git config --get commit.template [1ms]
2023-04-08 23:59:30.695 [info] > git for-each-ref --format=%(refname)%00%(upstream:short)%00%(objectname)%00%(upstream:track)%00%(upstream:remotename)%00%(upstream:remoteref) refs/heads/develop refs/remotes/develop [1ms]
2023-04-08 23:59:30.718 [info] > git status -z -uall [18ms]
2023-04-08 23:59:35.782 [info] > git config --get commit.template [6ms]
2023-04-08 23:59:35.783 [info] > git for-each-ref --format=%(refname)%00%(upstream:short)%00%(objectname)%00%(upstream:track)%00%(upstream:remotename)%00%(upstream:remoteref) refs/heads/develop refs/remotes/develop [0ms]
2023-04-08 23:59:35.805 [info] > git status -z -uall [18ms]
2023-04-08 23:59:40.868 [info] > git config --get commit.template [6ms]
2023-04-08 23:59:40.868 [info] > git for-each-ref --format=%(refname)%00%(upstream:short)%00%(objectname)%00%(upstream:track)%00%(upstream:remotename)%00%(upstream:remoteref) refs/heads/develop refs/remotes/develop [1ms]
2023-04-08 23:59:40.893 [info] > git status -z -uall [19ms]
2023-04-08 23:59:45.955 [info] > git config --get commit.template [5ms]
2023-04-08 23:59:45.955 [info] > git for-each-ref --format=%(refname)%00%(upstream:short)%00%(objectname)%00%(upstream:track)%00%(upstream:remotename)%00%(upstream:remoteref) refs/heads/develop refs/remotes/develop [1ms]
2023-04-08 23:59:45.978 [info] > git status -z -uall [19ms]
2023-04-09 00:01:01.118 [info] > git config --get commit.template [4ms]
2023-04-09 00:01:01.118 [info] > git for-each-ref --format=%(refname)%00%(upstream:short)%00%(objectname)%00%(upstream:track)%00%(upstream:remotename)%00%(upstream:remoteref) refs/heads/develop refs/remotes/develop [1ms]
2023-04-09 00:01:01.147 [info] > git status -z -uall [24ms]
2023-04-09 00:01:06.237 [info] > git config --get commit.template [8ms]
2023-04-09 00:01:06.238 [info] > git for-each-ref --format=%(refname)%00%(upstream:short)%00%(objectname)%00%(upstream:track)%00%(upstream:remotename)%00%(upstream:remoteref) refs/heads/develop refs/remotes/develop [0ms]
2023-04-09 00:01:06.261 [info] > git status -z -uall [18ms]
2023-04-09 00:01:11.318 [info] > git config --get commit.template [5ms]
2023-04-09 00:01:11.318 [info] > git for-each-ref --format=%(refname)%00%(upstream:short)%00%(objectname)%00%(upstream:track)%00%(upstream:remotename)%00%(upstream:remoteref) refs/heads/develop refs/remotes/develop [1ms]
2023-04-09 00:01:11.342 [info] > git status -z -uall [20ms]
2023-04-09 00:01:16.402 [info] > git config --get commit.template [4ms]
2023-04-09 00:01:16.402 [info] > git for-each-ref --format=%(refname)%00%(upstream:short)%00%(objectname)%00%(upstream:track)%00%(upstream:remotename)%00%(upstream:remoteref) refs/heads/develop refs/remotes/develop [1ms]
2023-04-09 00:01:16.425 [info] > git status -z -uall [19ms]
2023-04-09 00:01:23.505 [info] > git config --get commit.template [0ms]
2023-04-09 00:01:23.511 [info] > git for-each-ref --format=%(refname)%00%(upstream:short)%00%(objectname)%00%(upstream:track)%00%(upstream:remotename)%00%(upstream:remoteref) refs/heads/develop refs/remotes/develop [0ms]
2023-04-09 00:01:23.536 [info] > git status -z -uall [20ms]
2023-04-09 00:01:28.600 [info] > git config --get commit.template [5ms]
2023-04-09 00:01:28.601 [info] > git for-each-ref --format=%(refname)%00%(upstream:short)%00%(objectname)%00%(upstream:track)%00%(upstream:remotename)%00%(upstream:remoteref) refs/heads/develop refs/remotes/develop [0ms]
2023-04-09 00:01:28.623 [info] > git status -z -uall [18ms]
2023-04-09 00:01:33.689 [info] > git config --get commit.template [5ms]
2023-04-09 00:01:33.689 [info] > git for-each-ref --format=%(refname)%00%(upstream:short)%00%(objectname)%00%(upstream:track)%00%(upstream:remotename)%00%(upstream:remoteref) refs/heads/develop refs/remotes/develop [1ms]
2023-04-09 00:01:33.712 [info] > git status -z -uall [18ms]
2023-04-09 00:01:38.774 [info] > git config --get commit.template [6ms]
2023-04-09 00:01:38.775 [info] > git for-each-ref --format=%(refname)%00%(upstream:short)%00%(objectname)%00%(upstream:track)%00%(upstream:remotename)%00%(upstream:remoteref) refs/heads/develop refs/remotes/develop [1ms]
2023-04-09 00:01:38.798 [info] > git status -z -uall [19ms]
2023-04-09 00:01:43.863 [info] > git config --get commit.template [7ms]
2023-04-09 00:01:43.863 [info] > git for-each-ref --format=%(refname)%00%(upstream:short)%00%(objectname)%00%(upstream:track)%00%(upstream:remotename)%00%(upstream:remoteref) refs/heads/develop refs/remotes/develop [1ms]
2023-04-09 00:01:43.888 [info] > git status -z -uall [19ms]
2023-04-09 00:01:48.947 [info] > git config --get commit.template [0ms]
2023-04-09 00:01:48.952 [info] > git for-each-ref --format=%(refname)%00%(upstream:short)%00%(objectname)%00%(upstream:track)%00%(upstream:remotename)%00%(upstream:remoteref) refs/heads/develop refs/remotes/develop [0ms]
2023-04-09 00:01:48.976 [info] > git status -z -uall [20ms]
2023-04-09 00:05:09.292 [info] > git config --get commit.template [0ms]
2023-04-09 00:05:09.297 [info] > git for-each-ref --format=%(refname)%00%(upstream:short)%00%(objectname)%00%(upstream:track)%00%(upstream:remotename)%00%(upstream:remoteref) refs/heads/develop refs/remotes/develop [1ms]
2023-04-09 00:05:09.325 [info] > git status -z -uall [24ms]
2023-04-09 00:05:14.391 [info] > git config --get commit.template [4ms]
2023-04-09 00:05:14.391 [info] > git for-each-ref --format=%(refname)%00%(upstream:short)%00%(objectname)%00%(upstream:track)%00%(upstream:remotename)%00%(upstream:remoteref) refs/heads/develop refs/remotes/develop [1ms]
2023-04-09 00:05:14.413 [info] > git status -z -uall [18ms]
2023-04-09 00:05:42.325 [info] > git config --get commit.template [8ms]
2023-04-09 00:05:42.328 [info] > git for-each-ref --format=%(refname)%00%(upstream:short)%00%(objectname)%00%(upstream:track)%00%(upstream:remotename)%00%(upstream:remoteref) refs/heads/develop refs/remotes/develop [4ms]
2023-04-09 00:05:42.358 [info] > git status -z -uall [24ms]
2023-04-09 00:21:13.229 [info] > git config --get commit.template [0ms]
2023-04-09 00:21:13.236 [info] > git for-each-ref --format=%(refname)%00%(upstream:short)%00%(objectname)%00%(upstream:track)%00%(upstream:remotename)%00%(upstream:remoteref) refs/heads/develop refs/remotes/develop [1ms]
2023-04-09 00:21:13.265 [info] > git status -z -uall [25ms]
2023-04-09 00:21:18.326 [info] > git config --get commit.template [6ms]
2023-04-09 00:21:18.326 [info] > git for-each-ref --format=%(refname)%00%(upstream:short)%00%(objectname)%00%(upstream:track)%00%(upstream:remotename)%00%(upstream:remoteref) refs/heads/develop refs/remotes/develop [0ms]
2023-04-09 00:21:18.352 [info] > git status -z -uall [20ms]
2023-04-09 00:28:07.091 [info] > git config --get commit.template [5ms]
2023-04-09 00:28:07.091 [info] > git for-each-ref --format=%(refname)%00%(upstream:short)%00%(objectname)%00%(upstream:track)%00%(upstream:remotename)%00%(upstream:remoteref) refs/heads/develop refs/remotes/develop [1ms]
2023-04-09 00:28:07.120 [info] > git status -z -uall [24ms]
2023-04-09 00:28:12.185 [info] > git config --get commit.template [1ms]
2023-04-09 00:28:12.190 [info] > git for-each-ref --format=%(refname)%00%(upstream:short)%00%(objectname)%00%(upstream:track)%00%(upstream:remotename)%00%(upstream:remoteref) refs/heads/develop refs/remotes/develop [0ms]
2023-04-09 00:28:12.213 [info] > git status -z -uall [19ms]
2023-04-09 00:28:17.273 [info] > git config --get commit.template [5ms]
2023-04-09 00:28:17.273 [info] > git for-each-ref --format=%(refname)%00%(upstream:short)%00%(objectname)%00%(upstream:track)%00%(upstream:remotename)%00%(upstream:remoteref) refs/heads/develop refs/remotes/develop [1ms]
2023-04-09 00:28:17.295 [info] > git status -z -uall [18ms]
2023-04-09 00:28:22.356 [info] > git config --get commit.template [1ms]
2023-04-09 00:28:22.362 [info] > git for-each-ref --format=%(refname)%00%(upstream:short)%00%(objectname)%00%(upstream:track)%00%(upstream:remotename)%00%(upstream:remoteref) refs/heads/develop refs/remotes/develop [0ms]
2023-04-09 00:28:22.387 [info] > git status -z -uall [19ms]
2023-04-09 00:28:27.452 [info] > git config --get commit.template [6ms]
2023-04-09 00:28:27.452 [info] > git for-each-ref --format=%(refname)%00%(upstream:short)%00%(objectname)%00%(upstream:track)%00%(upstream:remotename)%00%(upstream:remoteref) refs/heads/develop refs/remotes/develop [0ms]
2023-04-09 00:28:27.476 [info] > git status -z -uall [18ms]
2023-04-09 00:28:48.832 [info] > git config --get commit.template [0ms]
2023-04-09 00:28:48.837 [info] > git for-each-ref --format=%(refname)%00%(upstream:short)%00%(objectname)%00%(upstream:track)%00%(upstream:remotename)%00%(upstream:remoteref) refs/heads/develop refs/remotes/develop [1ms]
2023-04-09 00:28:48.863 [info] > git status -z -uall [23ms]
2023-04-09 01:29:53.926 [info] > git config --get commit.template [8ms]
2023-04-09 01:29:53.927 [info] > git for-each-ref --format=%(refname)%00%(upstream:short)%00%(objectname)%00%(upstream:track)%00%(upstream:remotename)%00%(upstream:remoteref) refs/heads/develop refs/remotes/develop [0ms]
2023-04-09 01:29:53.958 [info] > git status -z -uall [25ms]
