2023-04-08 16:22:45.470 [info] Log level: Info
2023-04-08 16:22:45.470 [info] Validating found git in: "git"
2023-04-08 16:22:45.470 [info] Using git "2.25.1" from "git"
2023-04-08 16:22:45.470 [info] > git rev-parse --show-toplevel [38ms]
2023-04-08 16:22:45.470 [info] > git rev-parse --git-dir --git-common-dir [9ms]
2023-04-08 16:22:45.470 [info] Open repository: /home/ascenderuser
2023-04-08 16:22:45.490 [info] > git rev-parse --show-toplevel [21ms]
2023-04-08 16:22:45.506 [info] > git rev-parse --show-toplevel [12ms]
2023-04-08 16:22:45.511 [info] > git config --get commit.template [37ms]
2023-04-08 16:22:45.519 [info] > git rev-parse --show-toplevel [9ms]
2023-04-08 16:22:45.527 [info] > git for-each-ref --format=%(refname)%00%(upstream:short)%00%(objectname)%00%(upstream:track)%00%(upstream:remotename)%00%(upstream:remoteref) refs/heads/develop refs/remotes/develop [1ms]
2023-04-08 16:22:45.531 [info] > git rev-parse --show-toplevel [8ms]
2023-04-08 16:22:45.683 [info] > git rev-parse --show-toplevel [150ms]
2023-04-08 16:22:45.694 [info] > git rev-parse --show-toplevel [7ms]
2023-04-08 16:22:45.698 [info] > git log --format=%H%n%aN%n%aE%n%at%n%ct%n%P%n%D%n%B -z -n527 -- /home/ascenderuser/Dockerfile [159ms]
2023-04-08 16:22:45.710 [info] > git rev-parse --show-toplevel [12ms]
2023-04-08 16:22:45.716 [info] > git rev-parse --show-toplevel [1ms]
2023-04-08 16:22:45.722 [info] > git status -z -uall [191ms]
2023-04-08 16:22:45.722 [info] > git rev-parse --show-toplevel [2ms]
2023-04-08 16:22:45.799 [info] > git rev-parse --show-toplevel [70ms]
2023-04-08 16:22:45.803 [info] > git config --get commit.template [7ms]
2023-04-08 16:22:45.804 [info] > git rev-parse --show-toplevel [2ms]
2023-04-08 16:22:45.846 [info] > git for-each-ref --format=%(refname)%00%(upstream:short)%00%(objectname)%00%(upstream:track)%00%(upstream:remotename)%00%(upstream:remoteref) refs/heads/develop refs/remotes/develop [33ms]
2023-04-08 16:22:45.851 [info] > git rev-parse --show-toplevel [43ms]
2023-04-08 16:22:46.275 [info] > git rev-parse --show-toplevel [421ms]
2023-04-08 16:22:46.317 [info] > git rev-parse --show-toplevel [37ms]
2023-04-08 16:22:46.330 [info] > git check-ignore -v -z --stdin [18ms]
2023-04-08 16:22:46.331 [info] > git rev-parse --show-toplevel [3ms]
2023-04-08 16:22:46.339 [info] > git rev-parse --show-toplevel [1ms]
2023-04-08 16:22:46.341 [info] > git status -z -uall [490ms]
2023-04-08 16:22:46.458 [info] > git show --textconv :Dockerfile [15ms]
2023-04-08 16:22:46.458 [info] > git ls-files --stage -- /home/ascenderuser/Dockerfile [8ms]
2023-04-08 16:22:47.007 [info] > git log --format=%H%n%aN%n%aE%n%at%n%ct%n%P%n%D%n%B -z -n527 -- /home/ascenderuser/Dockerfile [549ms]
2023-04-08 16:22:49.218 [info] > git config --get commit.template [0ms]
2023-04-08 16:22:49.225 [info] > git for-each-ref --format=%(refname)%00%(upstream:short)%00%(objectname)%00%(upstream:track)%00%(upstream:remotename)%00%(upstream:remoteref) refs/heads/develop refs/remotes/develop [0ms]
2023-04-08 16:22:49.249 [info] > git status -z -uall [18ms]
2023-04-08 16:22:54.310 [info] > git config --get commit.template [1ms]
2023-04-08 16:22:54.315 [info] > git for-each-ref --format=%(refname)%00%(upstream:short)%00%(objectname)%00%(upstream:track)%00%(upstream:remotename)%00%(upstream:remoteref) refs/heads/develop refs/remotes/develop [1ms]
2023-04-08 16:22:54.339 [info] > git status -z -uall [20ms]
2023-04-08 16:23:52.079 [info] > git config --get commit.template [1ms]
2023-04-08 16:23:52.084 [info] > git for-each-ref --format=%(refname)%00%(upstream:short)%00%(objectname)%00%(upstream:track)%00%(upstream:remotename)%00%(upstream:remoteref) refs/heads/develop refs/remotes/develop [0ms]
2023-04-08 16:23:52.109 [info] > git status -z -uall [22ms]
2023-04-08 16:23:57.167 [info] > git config --get commit.template [5ms]
2023-04-08 16:23:57.167 [info] > git for-each-ref --format=%(refname)%00%(upstream:short)%00%(objectname)%00%(upstream:track)%00%(upstream:remotename)%00%(upstream:remoteref) refs/heads/develop refs/remotes/develop [0ms]
2023-04-08 16:23:57.191 [info] > git status -z -uall [20ms]
2023-04-08 16:24:02.256 [info] > git config --get commit.template [5ms]
2023-04-08 16:24:02.257 [info] > git for-each-ref --format=%(refname)%00%(upstream:short)%00%(objectname)%00%(upstream:track)%00%(upstream:remotename)%00%(upstream:remoteref) refs/heads/develop refs/remotes/develop [2ms]
2023-04-08 16:24:02.279 [info] > git status -z -uall [18ms]
2023-04-08 16:24:03.328 [info] > git check-ignore -v -z --stdin [1ms]
2023-04-08 16:24:03.860 [info] > git log --format=%H%n%aN%n%aE%n%at%n%ct%n%P%n%D%n%B -z -n527 -- /home/ascenderuser/src/common/__init__.py [133ms]
2023-04-08 16:24:04.162 [info] > git show --textconv :src/common/__init__.py [23ms]
2023-04-08 16:24:04.162 [info] > git ls-files --stage -- /home/ascenderuser/src/common/__init__.py [14ms]
2023-04-08 16:24:04.716 [info] > git check-ignore -v -z --stdin [0ms]
2023-04-08 16:24:04.949 [info] > git log --format=%H%n%aN%n%aE%n%at%n%ct%n%P%n%D%n%B -z -n527 -- /home/ascenderuser/src/ch03/nn-mnist.py [3ms]
2023-04-08 16:24:05.164 [info] > git show --textconv :src/ch03/nn-mnist.py [9ms]
2023-04-08 16:24:05.165 [info] > git ls-files --stage -- /home/ascenderuser/src/ch03/nn-mnist.py [1ms]
2023-04-08 16:24:07.327 [info] > git config --get commit.template [0ms]
2023-04-08 16:24:07.334 [info] > git for-each-ref --format=%(refname)%00%(upstream:short)%00%(objectname)%00%(upstream:track)%00%(upstream:remotename)%00%(upstream:remoteref) refs/heads/develop refs/remotes/develop [1ms]
2023-04-08 16:24:07.360 [info] > git status -z -uall [21ms]
2023-04-08 16:25:11.821 [info] > git config --get commit.template [1ms]
2023-04-08 16:25:11.828 [info] > git for-each-ref --format=%(refname)%00%(upstream:short)%00%(objectname)%00%(upstream:track)%00%(upstream:remotename)%00%(upstream:remoteref) refs/heads/develop refs/remotes/develop [0ms]
2023-04-08 16:25:11.857 [info] > git status -z -uall [24ms]
2023-04-08 16:25:16.916 [info] > git config --get commit.template [0ms]
2023-04-08 16:25:16.920 [info] > git for-each-ref --format=%(refname)%00%(upstream:short)%00%(objectname)%00%(upstream:track)%00%(upstream:remotename)%00%(upstream:remoteref) refs/heads/develop refs/remotes/develop [0ms]
2023-04-08 16:25:16.946 [info] > git status -z -uall [22ms]
2023-04-08 16:25:22.010 [info] > git config --get commit.template [0ms]
2023-04-08 16:25:22.016 [info] > git for-each-ref --format=%(refname)%00%(upstream:short)%00%(objectname)%00%(upstream:track)%00%(upstream:remotename)%00%(upstream:remoteref) refs/heads/develop refs/remotes/develop [1ms]
2023-04-08 16:25:22.038 [info] > git status -z -uall [18ms]
2023-04-08 16:25:27.094 [info] > git config --get commit.template [6ms]
2023-04-08 16:25:27.095 [info] > git for-each-ref --format=%(refname)%00%(upstream:short)%00%(objectname)%00%(upstream:track)%00%(upstream:remotename)%00%(upstream:remoteref) refs/heads/develop refs/remotes/develop [1ms]
2023-04-08 16:25:27.119 [info] > git status -z -uall [20ms]
2023-04-08 16:25:32.172 [info] > git config --get commit.template [5ms]
2023-04-08 16:25:32.173 [info] > git for-each-ref --format=%(refname)%00%(upstream:short)%00%(objectname)%00%(upstream:track)%00%(upstream:remotename)%00%(upstream:remoteref) refs/heads/develop refs/remotes/develop [0ms]
2023-04-08 16:25:32.194 [info] > git status -z -uall [18ms]
2023-04-08 16:25:37.249 [info] > git config --get commit.template [6ms]
2023-04-08 16:25:37.249 [info] > git for-each-ref --format=%(refname)%00%(upstream:short)%00%(objectname)%00%(upstream:track)%00%(upstream:remotename)%00%(upstream:remoteref) refs/heads/develop refs/remotes/develop [1ms]
2023-04-08 16:25:37.273 [info] > git status -z -uall [20ms]
2023-04-08 16:25:42.328 [info] > git config --get commit.template [5ms]
2023-04-08 16:25:42.328 [info] > git for-each-ref --format=%(refname)%00%(upstream:short)%00%(objectname)%00%(upstream:track)%00%(upstream:remotename)%00%(upstream:remoteref) refs/heads/develop refs/remotes/develop [1ms]
2023-04-08 16:25:42.350 [info] > git status -z -uall [19ms]
2023-04-08 16:25:47.399 [info] > git config --get commit.template [1ms]
2023-04-08 16:25:47.404 [info] > git for-each-ref --format=%(refname)%00%(upstream:short)%00%(objectname)%00%(upstream:track)%00%(upstream:remotename)%00%(upstream:remoteref) refs/heads/develop refs/remotes/develop [0ms]
2023-04-08 16:25:47.426 [info] > git status -z -uall [18ms]
2023-04-08 16:25:52.483 [info] > git config --get commit.template [5ms]
2023-04-08 16:25:52.483 [info] > git for-each-ref --format=%(refname)%00%(upstream:short)%00%(objectname)%00%(upstream:track)%00%(upstream:remotename)%00%(upstream:remoteref) refs/heads/develop refs/remotes/develop [1ms]
2023-04-08 16:25:52.505 [info] > git status -z -uall [18ms]
2023-04-08 16:25:57.564 [info] > git config --get commit.template [5ms]
2023-04-08 16:25:57.564 [info] > git for-each-ref --format=%(refname)%00%(upstream:short)%00%(objectname)%00%(upstream:track)%00%(upstream:remotename)%00%(upstream:remoteref) refs/heads/develop refs/remotes/develop [1ms]
2023-04-08 16:25:57.587 [info] > git status -z -uall [19ms]
2023-04-08 16:26:02.647 [info] > git config --get commit.template [7ms]
2023-04-08 16:26:02.648 [info] > git for-each-ref --format=%(refname)%00%(upstream:short)%00%(objectname)%00%(upstream:track)%00%(upstream:remotename)%00%(upstream:remoteref) refs/heads/develop refs/remotes/develop [1ms]
2023-04-08 16:26:02.672 [info] > git status -z -uall [19ms]
2023-04-08 16:26:07.721 [info] > git config --get commit.template [1ms]
2023-04-08 16:26:07.730 [info] > git for-each-ref --format=%(refname)%00%(upstream:short)%00%(objectname)%00%(upstream:track)%00%(upstream:remotename)%00%(upstream:remoteref) refs/heads/develop refs/remotes/develop [1ms]
2023-04-08 16:26:07.754 [info] > git status -z -uall [18ms]
2023-04-08 16:26:12.808 [info] > git config --get commit.template [5ms]
2023-04-08 16:26:12.808 [info] > git for-each-ref --format=%(refname)%00%(upstream:short)%00%(objectname)%00%(upstream:track)%00%(upstream:remotename)%00%(upstream:remoteref) refs/heads/develop refs/remotes/develop [1ms]
2023-04-08 16:26:12.832 [info] > git status -z -uall [19ms]
2023-04-08 16:26:17.401 [info] > git log --format=%H%n%aN%n%aE%n%at%n%ct%n%P%n%D%n%B -z -n505 -- /home/ascenderuser/src/ch03/nn-mnist.py [2ms]
2023-04-08 16:26:17.891 [info] > git config --get commit.template [7ms]
2023-04-08 16:26:17.893 [info] > git for-each-ref --format=%(refname)%00%(upstream:short)%00%(objectname)%00%(upstream:track)%00%(upstream:remotename)%00%(upstream:remoteref) refs/heads/develop refs/remotes/develop [2ms]
2023-04-08 16:26:17.919 [info] > git status -z -uall [20ms]
2023-04-08 16:26:22.971 [info] > git config --get commit.template [6ms]
2023-04-08 16:26:22.971 [info] > git for-each-ref --format=%(refname)%00%(upstream:short)%00%(objectname)%00%(upstream:track)%00%(upstream:remotename)%00%(upstream:remoteref) refs/heads/develop refs/remotes/develop [1ms]
2023-04-08 16:26:22.995 [info] > git status -z -uall [19ms]
2023-04-08 16:26:25.323 [info] > git log --format=%H%n%aN%n%aE%n%at%n%ct%n%P%n%D%n%B -z -n505 -- /home/ascenderuser/.devcontainer/devcontainer.json [1ms]
2023-04-08 16:26:25.419 [info] > git check-ignore -v -z --stdin [5ms]
2023-04-08 16:26:25.580 [info] > git show --textconv :.devcontainer/devcontainer.json [9ms]
2023-04-08 16:26:25.580 [info] > git ls-files --stage -- /home/ascenderuser/.devcontainer/devcontainer.json [1ms]
2023-04-08 16:26:28.057 [info] > git config --get commit.template [7ms]
2023-04-08 16:26:28.058 [info] > git for-each-ref --format=%(refname)%00%(upstream:short)%00%(objectname)%00%(upstream:track)%00%(upstream:remotename)%00%(upstream:remoteref) refs/heads/develop refs/remotes/develop [1ms]
2023-04-08 16:26:28.085 [info] > git status -z -uall [20ms]
2023-04-08 16:26:33.143 [info] > git config --get commit.template [5ms]
2023-04-08 16:26:33.144 [info] > git for-each-ref --format=%(refname)%00%(upstream:short)%00%(objectname)%00%(upstream:track)%00%(upstream:remotename)%00%(upstream:remoteref) refs/heads/develop refs/remotes/develop [1ms]
2023-04-08 16:26:33.167 [info] > git status -z -uall [19ms]
2023-04-08 16:26:38.225 [info] > git config --get commit.template [7ms]
2023-04-08 16:26:38.226 [info] > git for-each-ref --format=%(refname)%00%(upstream:short)%00%(objectname)%00%(upstream:track)%00%(upstream:remotename)%00%(upstream:remoteref) refs/heads/develop refs/remotes/develop [1ms]
2023-04-08 16:26:38.250 [info] > git status -z -uall [18ms]
2023-04-08 16:26:43.307 [info] > git config --get commit.template [6ms]
2023-04-08 16:26:43.308 [info] > git for-each-ref --format=%(refname)%00%(upstream:short)%00%(objectname)%00%(upstream:track)%00%(upstream:remotename)%00%(upstream:remoteref) refs/heads/develop refs/remotes/develop [1ms]
2023-04-08 16:26:43.331 [info] > git status -z -uall [18ms]
2023-04-08 16:26:48.385 [info] > git config --get commit.template [6ms]
2023-04-08 16:26:48.385 [info] > git for-each-ref --format=%(refname)%00%(upstream:short)%00%(objectname)%00%(upstream:track)%00%(upstream:remotename)%00%(upstream:remoteref) refs/heads/develop refs/remotes/develop [0ms]
2023-04-08 16:26:48.410 [info] > git status -z -uall [19ms]
2023-04-08 16:26:53.461 [info] > git config --get commit.template [0ms]
2023-04-08 16:26:53.468 [info] > git for-each-ref --format=%(refname)%00%(upstream:short)%00%(objectname)%00%(upstream:track)%00%(upstream:remotename)%00%(upstream:remoteref) refs/heads/develop refs/remotes/develop [1ms]
2023-04-08 16:26:53.492 [info] > git status -z -uall [19ms]
2023-04-08 16:26:58.542 [info] > git config --get commit.template [0ms]
2023-04-08 16:26:58.548 [info] > git for-each-ref --format=%(refname)%00%(upstream:short)%00%(objectname)%00%(upstream:track)%00%(upstream:remotename)%00%(upstream:remoteref) refs/heads/develop refs/remotes/develop [1ms]
2023-04-08 16:26:58.571 [info] > git status -z -uall [19ms]
2023-04-08 16:27:03.629 [info] > git config --get commit.template [6ms]
2023-04-08 16:27:03.629 [info] > git for-each-ref --format=%(refname)%00%(upstream:short)%00%(objectname)%00%(upstream:track)%00%(upstream:remotename)%00%(upstream:remoteref) refs/heads/develop refs/remotes/develop [1ms]
2023-04-08 16:27:03.652 [info] > git status -z -uall [19ms]
2023-04-08 16:27:08.714 [info] > git config --get commit.template [7ms]
2023-04-08 16:27:08.715 [info] > git for-each-ref --format=%(refname)%00%(upstream:short)%00%(objectname)%00%(upstream:track)%00%(upstream:remotename)%00%(upstream:remoteref) refs/heads/develop refs/remotes/develop [1ms]
2023-04-08 16:27:08.739 [info] > git status -z -uall [19ms]
2023-04-08 16:27:13.792 [info] > git config --get commit.template [7ms]
2023-04-08 16:27:13.793 [info] > git for-each-ref --format=%(refname)%00%(upstream:short)%00%(objectname)%00%(upstream:track)%00%(upstream:remotename)%00%(upstream:remoteref) refs/heads/develop refs/remotes/develop [0ms]
2023-04-08 16:27:13.816 [info] > git status -z -uall [19ms]
2023-04-08 16:27:18.878 [info] > git config --get commit.template [9ms]
2023-04-08 16:27:18.879 [info] > git for-each-ref --format=%(refname)%00%(upstream:short)%00%(objectname)%00%(upstream:track)%00%(upstream:remotename)%00%(upstream:remoteref) refs/heads/develop refs/remotes/develop [1ms]
2023-04-08 16:27:18.903 [info] > git status -z -uall [18ms]
2023-04-08 16:27:23.957 [info] > git config --get commit.template [7ms]
2023-04-08 16:27:23.958 [info] > git for-each-ref --format=%(refname)%00%(upstream:short)%00%(objectname)%00%(upstream:track)%00%(upstream:remotename)%00%(upstream:remoteref) refs/heads/develop refs/remotes/develop [2ms]
2023-04-08 16:27:23.982 [info] > git status -z -uall [18ms]
2023-04-08 16:27:29.037 [info] > git config --get commit.template [7ms]
2023-04-08 16:27:29.037 [info] > git for-each-ref --format=%(refname)%00%(upstream:short)%00%(objectname)%00%(upstream:track)%00%(upstream:remotename)%00%(upstream:remoteref) refs/heads/develop refs/remotes/develop [1ms]
2023-04-08 16:27:29.063 [info] > git status -z -uall [20ms]
2023-04-08 16:27:34.119 [info] > git config --get commit.template [6ms]
2023-04-08 16:27:34.119 [info] > git for-each-ref --format=%(refname)%00%(upstream:short)%00%(objectname)%00%(upstream:track)%00%(upstream:remotename)%00%(upstream:remoteref) refs/heads/develop refs/remotes/develop [0ms]
2023-04-08 16:27:34.145 [info] > git status -z -uall [21ms]
2023-04-08 16:27:39.197 [info] > git config --get commit.template [0ms]
2023-04-08 16:27:39.202 [info] > git for-each-ref --format=%(refname)%00%(upstream:short)%00%(objectname)%00%(upstream:track)%00%(upstream:remotename)%00%(upstream:remoteref) refs/heads/develop refs/remotes/develop [0ms]
2023-04-08 16:27:39.225 [info] > git status -z -uall [18ms]
2023-04-08 16:27:44.281 [info] > git config --get commit.template [1ms]
2023-04-08 16:27:44.287 [info] > git for-each-ref --format=%(refname)%00%(upstream:short)%00%(objectname)%00%(upstream:track)%00%(upstream:remotename)%00%(upstream:remoteref) refs/heads/develop refs/remotes/develop [1ms]
2023-04-08 16:27:44.311 [info] > git status -z -uall [19ms]
2023-04-08 16:27:49.016 [info] > git check-ignore -v -z --stdin [1ms]
2023-04-08 16:27:49.369 [info] > git config --get commit.template [6ms]
2023-04-08 16:27:49.369 [info] > git for-each-ref --format=%(refname)%00%(upstream:short)%00%(objectname)%00%(upstream:track)%00%(upstream:remotename)%00%(upstream:remoteref) refs/heads/develop refs/remotes/develop [0ms]
2023-04-08 16:27:49.393 [info] > git status -z -uall [19ms]
2023-04-08 16:27:51.500 [info] > git check-ignore -v -z --stdin [1ms]
2023-04-08 16:27:52.297 [info] > git check-ignore -v -z --stdin [1ms]
2023-04-08 16:27:54.449 [info] > git config --get commit.template [6ms]
2023-04-08 16:27:54.450 [info] > git for-each-ref --format=%(refname)%00%(upstream:short)%00%(objectname)%00%(upstream:track)%00%(upstream:remotename)%00%(upstream:remoteref) refs/heads/develop refs/remotes/develop [1ms]
2023-04-08 16:27:54.474 [info] > git status -z -uall [20ms]
2023-04-08 16:27:56.929 [info] > git check-ignore -v -z --stdin [0ms]
2023-04-08 16:27:58.183 [info] > git check-ignore -v -z --stdin [1ms]
2023-04-08 16:27:59.529 [info] > git config --get commit.template [7ms]
2023-04-08 16:27:59.530 [info] > git for-each-ref --format=%(refname)%00%(upstream:short)%00%(objectname)%00%(upstream:track)%00%(upstream:remotename)%00%(upstream:remoteref) refs/heads/develop refs/remotes/develop [1ms]
2023-04-08 16:27:59.554 [info] > git status -z -uall [18ms]
2023-04-08 16:28:01.514 [info] > git check-ignore -v -z --stdin [1ms]
2023-04-08 16:28:02.548 [info] > git log --format=%H%n%aN%n%aE%n%at%n%ct%n%P%n%D%n%B -z -n505 -- /home/ascenderuser/.vscode/settings.json [2ms]
2023-04-08 16:28:02.747 [info] > git show --textconv :.vscode/settings.json [7ms]
2023-04-08 16:28:02.747 [info] > git ls-files --stage -- /home/ascenderuser/.vscode/settings.json [1ms]
2023-04-08 16:28:04.607 [info] > git config --get commit.template [7ms]
2023-04-08 16:28:04.608 [info] > git for-each-ref --format=%(refname)%00%(upstream:short)%00%(objectname)%00%(upstream:track)%00%(upstream:remotename)%00%(upstream:remoteref) refs/heads/develop refs/remotes/develop [1ms]
2023-04-08 16:28:04.632 [info] > git status -z -uall [19ms]
2023-04-08 16:28:09.689 [info] > git config --get commit.template [7ms]
2023-04-08 16:28:09.689 [info] > git for-each-ref --format=%(refname)%00%(upstream:short)%00%(objectname)%00%(upstream:track)%00%(upstream:remotename)%00%(upstream:remoteref) refs/heads/develop refs/remotes/develop [0ms]
2023-04-08 16:28:09.714 [info] > git status -z -uall [19ms]
2023-04-08 16:28:14.769 [info] > git config --get commit.template [7ms]
2023-04-08 16:28:14.769 [info] > git for-each-ref --format=%(refname)%00%(upstream:short)%00%(objectname)%00%(upstream:track)%00%(upstream:remotename)%00%(upstream:remoteref) refs/heads/develop refs/remotes/develop [0ms]
2023-04-08 16:28:14.795 [info] > git status -z -uall [19ms]
2023-04-08 16:28:19.845 [info] > git config --get commit.template [1ms]
2023-04-08 16:28:19.852 [info] > git for-each-ref --format=%(refname)%00%(upstream:short)%00%(objectname)%00%(upstream:track)%00%(upstream:remotename)%00%(upstream:remoteref) refs/heads/develop refs/remotes/develop [0ms]
2023-04-08 16:28:19.875 [info] > git status -z -uall [18ms]
2023-04-08 16:28:22.455 [info] > git log --format=%H%n%aN%n%aE%n%at%n%ct%n%P%n%D%n%B -z -n505 -- /home/ascenderuser/src/ch03/nn-mnist.py [4ms]
2023-04-08 16:28:22.657 [info] > git show --textconv :src/ch03/nn-mnist.py [8ms]
2023-04-08 16:28:22.658 [info] > git ls-files --stage -- /home/ascenderuser/src/ch03/nn-mnist.py [1ms]
2023-04-08 16:28:24.933 [info] > git config --get commit.template [6ms]
2023-04-08 16:28:24.934 [info] > git for-each-ref --format=%(refname)%00%(upstream:short)%00%(objectname)%00%(upstream:track)%00%(upstream:remotename)%00%(upstream:remoteref) refs/heads/develop refs/remotes/develop [1ms]
2023-04-08 16:28:24.957 [info] > git status -z -uall [18ms]
2023-04-08 16:28:27.087 [info] > git log --format=%H%n%aN%n%aE%n%at%n%ct%n%P%n%D%n%B -z -n483 -- /home/ascenderuser/.vscode/settings.json [2ms]
2023-04-08 16:28:30.015 [info] > git config --get commit.template [7ms]
2023-04-08 16:28:30.015 [info] > git for-each-ref --format=%(refname)%00%(upstream:short)%00%(objectname)%00%(upstream:track)%00%(upstream:remotename)%00%(upstream:remoteref) refs/heads/develop refs/remotes/develop [0ms]
2023-04-08 16:28:30.041 [info] > git status -z -uall [18ms]
2023-04-08 16:28:36.331 [info] > git config --get commit.template [0ms]
2023-04-08 16:28:36.340 [info] > git for-each-ref --format=%(refname)%00%(upstream:short)%00%(objectname)%00%(upstream:track)%00%(upstream:remotename)%00%(upstream:remoteref) refs/heads/develop refs/remotes/develop [1ms]
2023-04-08 16:28:36.368 [info] > git status -z -uall [20ms]
