[Info  - 4:00:19 AM] (415) Pylance language server 2023.4.10 (pyright d7616109) starting
[Info  - 4:00:19 AM] (415) Server root directory: /home/ascenderuser/.vscode-server/extensions/ms-python.vscode-pylance-2023.4.10/dist
[Info  - 4:00:19 AM] (415) Starting service instance "ascenderuser"
[Info  - 4:00:19 AM] (415) Auto-indent enabled
[Info  - 4:00:19 AM] (415) Setting pythonPath for service "ascenderuser": "/bin/python"
[Info  - 4:00:19 AM] (415) Loading pyproject.toml file at /home/ascenderuser/pyproject.toml
[Error - 4:00:19 AM] (415) Pyproject file "/home/ascenderuser/pyproject.toml" is missing "[tool.pyright]" section.
[Warn  - 4:00:19 AM] (415) stubPath /home/ascenderuser/typings is not a valid directory.
[Info  - 4:00:19 AM] (415) Assuming Python version 3.8
[Info  - 4:00:19 AM] (415) Found 9 source files
[Info  - 4:00:19 AM] (415) Background analysis(1) root directory: /home/ascenderuser/.vscode-server/extensions/ms-python.vscode-pylance-2023.4.10/dist
[Info  - 4:00:19 AM] (415) Background analysis(1) started
[Info  - 4:00:19 AM] (415) Indexer background runner(2) root directory: /home/ascenderuser/.vscode-server/extensions/ms-python.vscode-pylance-2023.4.10/dist (index)
[Info  - 4:00:19 AM] (415) Indexing(2) started
[Info  - 4:00:20 AM] (415) scanned(2) 66 files over 1 exec env
[Info  - 4:00:20 AM] (415) indexed(2) 43 files over 1 exec env
[Info  - 4:00:20 AM] (415) Indexing finished(2).
[Info  - 4:01:24 AM] (415) Setting pythonPath for service "ascenderuser": "/bin/python"
[Info  - 4:01:24 AM] (415) Loading pyproject.toml file at /home/ascenderuser/pyproject.toml
[Error - 4:01:24 AM] (415) Pyproject file "/home/ascenderuser/pyproject.toml" is missing "[tool.pyright]" section.
[Warn  - 4:01:24 AM] (415) stubPath /home/ascenderuser/typings is not a valid directory.
[Info  - 4:01:24 AM] (415) Assuming Python version 3.8
[Info  - 4:01:24 AM] (415) Found 9 source files
[Info  - 4:01:24 AM] (415) Indexer background runner(3) root directory: /home/ascenderuser/.vscode-server/extensions/ms-python.vscode-pylance-2023.4.10/dist (index)
[Info  - 4:01:24 AM] (415) Indexing(3) started
[Info  - 4:01:24 AM] (415) scanned(3) 94 files over 1 exec env
[Info  - 4:01:25 AM] (415) indexed(3) 60 files over 1 exec env
[Info  - 4:01:25 AM] (415) Indexing finished(3).
