2023-04-09 01:30:18.510 [info] Log level: Info
2023-04-09 01:30:18.510 [info] Validating found git in: "git"
2023-04-09 01:30:18.510 [info] Using git "2.25.1" from "git"
2023-04-09 01:30:18.510 [info] > git rev-parse --show-toplevel [20ms]
2023-04-09 01:30:18.539 [info] > git rev-parse --git-dir --git-common-dir [20ms]
2023-04-09 01:30:18.545 [info] Open repository: /home/ascenderuser
2023-04-09 01:30:18.562 [info] > git rev-parse --show-toplevel [10ms]
2023-04-09 01:30:18.573 [info] > git config --get commit.template [12ms]
2023-04-09 01:30:18.574 [info] > git rev-parse --show-toplevel [4ms]
2023-04-09 01:30:18.591 [info] > git for-each-ref --format=%(refname)%00%(upstream:short)%00%(objectname)%00%(upstream:track)%00%(upstream:remotename)%00%(upstream:remoteref) refs/heads/develop refs/remotes/develop [2ms]
2023-04-09 01:30:18.599 [info] > git rev-parse --show-toplevel [18ms]
2023-04-09 01:30:18.621 [info] > git log --format=%H%n%aN%n%aE%n%at%n%ct%n%P%n%D%n%B -z -n527 -- /home/ascenderuser/src/ch03/nn-mnist.py [2ms]
2023-04-09 01:30:18.630 [info] > git rev-parse --show-toplevel [21ms]
2023-04-09 01:30:18.638 [info] > git rev-parse --show-toplevel [2ms]
2023-04-09 01:30:18.646 [info] > git rev-parse --show-toplevel [1ms]
2023-04-09 01:30:18.653 [info] > git rev-parse --show-toplevel [2ms]
2023-04-09 01:30:18.667 [info] > git status -z -uall [69ms]
2023-04-09 01:30:18.667 [info] > git rev-parse --show-toplevel [7ms]
2023-04-09 01:30:18.758 [info] > git rev-parse --show-toplevel [85ms]
2023-04-09 01:30:18.766 [info] > git config --get commit.template [11ms]
2023-04-09 01:30:18.766 [info] > git rev-parse --show-toplevel [1ms]
2023-04-09 01:30:18.781 [info] > git for-each-ref --format=%(refname)%00%(upstream:short)%00%(objectname)%00%(upstream:track)%00%(upstream:remotename)%00%(upstream:remoteref) refs/heads/develop refs/remotes/develop [3ms]
2023-04-09 01:30:18.788 [info] > git rev-parse --show-toplevel [15ms]
2023-04-09 01:30:18.796 [info] > git rev-parse --show-toplevel [2ms]
2023-04-09 01:30:19.247 [info] > git rev-parse --show-toplevel [443ms]
2023-04-09 01:30:19.290 [info] > git rev-parse --show-toplevel [34ms]
2023-04-09 01:30:19.305 [info] > git check-ignore -v -z --stdin [41ms]
2023-04-09 01:30:19.306 [info] > git rev-parse --show-toplevel [4ms]
2023-04-09 01:30:19.349 [info] > git rev-parse --show-toplevel [31ms]
2023-04-09 01:30:19.361 [info] > git rev-parse --show-toplevel [3ms]
2023-04-09 01:30:19.363 [info] > git status -z -uall [576ms]
2023-04-09 01:30:20.160 [info] > git show --textconv :src/ch03/nn-mnist.py [110ms]
2023-04-09 01:30:20.161 [info] > git ls-files --stage -- /home/ascenderuser/src/ch03/nn-mnist.py [101ms]
2023-04-09 01:30:20.162 [info] > git log --format=%H%n%aN%n%aE%n%at%n%ct%n%P%n%D%n%B -z -n527 -- /home/ascenderuser/src/ch03/nn-mnist.py [121ms]
2023-04-09 01:30:21.536 [info] > git config --get commit.template [1ms]
2023-04-09 01:30:21.542 [info] > git for-each-ref --format=%(refname)%00%(upstream:short)%00%(objectname)%00%(upstream:track)%00%(upstream:remotename)%00%(upstream:remoteref) refs/heads/develop refs/remotes/develop [1ms]
2023-04-09 01:30:21.568 [info] > git status -z -uall [20ms]
2023-04-09 01:30:26.648 [info] > git config --get commit.template [7ms]
2023-04-09 01:30:26.648 [info] > git for-each-ref --format=%(refname)%00%(upstream:short)%00%(objectname)%00%(upstream:track)%00%(upstream:remotename)%00%(upstream:remoteref) refs/heads/develop refs/remotes/develop [1ms]
2023-04-09 01:30:26.673 [info] > git status -z -uall [18ms]
2023-04-09 01:30:31.742 [info] > git config --get commit.template [8ms]
2023-04-09 01:30:31.743 [info] > git for-each-ref --format=%(refname)%00%(upstream:short)%00%(objectname)%00%(upstream:track)%00%(upstream:remotename)%00%(upstream:remoteref) refs/heads/develop refs/remotes/develop [1ms]
2023-04-09 01:30:31.768 [info] > git status -z -uall [19ms]
2023-04-09 01:30:36.828 [info] > git config --get commit.template [1ms]
2023-04-09 01:30:36.835 [info] > git for-each-ref --format=%(refname)%00%(upstream:short)%00%(objectname)%00%(upstream:track)%00%(upstream:remotename)%00%(upstream:remoteref) refs/heads/develop refs/remotes/develop [1ms]
2023-04-09 01:30:36.858 [info] > git status -z -uall [17ms]
2023-04-09 01:30:41.924 [info] > git config --get commit.template [7ms]
2023-04-09 01:30:41.925 [info] > git for-each-ref --format=%(refname)%00%(upstream:short)%00%(objectname)%00%(upstream:track)%00%(upstream:remotename)%00%(upstream:remoteref) refs/heads/develop refs/remotes/develop [2ms]
2023-04-09 01:30:41.948 [info] > git status -z -uall [18ms]
2023-04-09 01:30:42.755 [info] > git log --format=%H%n%aN%n%aE%n%at%n%ct%n%P%n%D%n%B -z -n527 -- /home/ascenderuser/.vscode/settings.json [69ms]
2023-04-09 01:30:43.147 [info] > git show --textconv :.vscode/settings.json [6ms]
2023-04-09 01:30:43.148 [info] > git ls-files --stage -- /home/ascenderuser/.vscode/settings.json [1ms]
2023-04-09 01:30:46.477 [info] > git check-ignore -v -z --stdin [0ms]
2023-04-09 01:30:47.016 [info] > git config --get commit.template [7ms]
2023-04-09 01:30:47.016 [info] > git for-each-ref --format=%(refname)%00%(upstream:short)%00%(objectname)%00%(upstream:track)%00%(upstream:remotename)%00%(upstream:remoteref) refs/heads/develop refs/remotes/develop [1ms]
2023-04-09 01:30:47.042 [info] > git status -z -uall [20ms]
2023-04-09 01:30:47.100 [info] > git check-ignore -v -z --stdin [1ms]
2023-04-09 01:30:52.102 [info] > git config --get commit.template [1ms]
2023-04-09 01:30:52.112 [info] > git for-each-ref --format=%(refname)%00%(upstream:short)%00%(objectname)%00%(upstream:track)%00%(upstream:remotename)%00%(upstream:remoteref) refs/heads/develop refs/remotes/develop [1ms]
2023-04-09 01:30:52.139 [info] > git status -z -uall [20ms]
2023-04-09 01:30:52.940 [info] > git log --format=%H%n%aN%n%aE%n%at%n%ct%n%P%n%D%n%B -z -n527 -- /home/ascenderuser/src/ch03/nn-mnist.py [3ms]
2023-04-09 01:30:53.447 [info] > git check-ignore -v -z --stdin [1ms]
2023-04-09 01:30:57.206 [info] > git config --get commit.template [1ms]
2023-04-09 01:30:57.213 [info] > git for-each-ref --format=%(refname)%00%(upstream:short)%00%(objectname)%00%(upstream:track)%00%(upstream:remotename)%00%(upstream:remoteref) refs/heads/develop refs/remotes/develop [0ms]
2023-04-09 01:30:57.237 [info] > git status -z -uall [18ms]
2023-04-09 01:30:57.823 [info] > git check-ignore -v -z --stdin [21ms]
2023-04-09 01:30:58.646 [info] > git check-ignore -v -z --stdin [1ms]
2023-04-09 01:30:58.847 [info] > git log --format=%H%n%aN%n%aE%n%at%n%ct%n%P%n%D%n%B -z -n527 -- /home/ascenderuser/environments/cpu/docker-compose.yaml [2ms]
2023-04-09 01:30:59.060 [info] > git show --textconv :environments/cpu/docker-compose.yaml [7ms]
2023-04-09 01:30:59.060 [info] > git ls-files --stage -- /home/ascenderuser/environments/cpu/docker-compose.yaml [0ms]
2023-04-09 01:30:59.066 [info] > git cat-file -s 5a4e9423eb88b47ebfdf7b16aca8ac590fc3915c [0ms]
2023-04-09 01:31:02.304 [info] > git config --get commit.template [7ms]
2023-04-09 01:31:02.304 [info] > git for-each-ref --format=%(refname)%00%(upstream:short)%00%(objectname)%00%(upstream:track)%00%(upstream:remotename)%00%(upstream:remoteref) refs/heads/develop refs/remotes/develop [1ms]
2023-04-09 01:31:02.329 [info] > git status -z -uall [18ms]
2023-04-09 01:31:02.938 [info] > git log --format=%H%n%aN%n%aE%n%at%n%ct%n%P%n%D%n%B -z -n527 -- /home/ascenderuser/.vscode/settings.json [28ms]
2023-04-09 01:31:07.400 [info] > git config --get commit.template [7ms]
2023-04-09 01:31:07.401 [info] > git for-each-ref --format=%(refname)%00%(upstream:short)%00%(objectname)%00%(upstream:track)%00%(upstream:remotename)%00%(upstream:remoteref) refs/heads/develop refs/remotes/develop [1ms]
2023-04-09 01:31:07.426 [info] > git status -z -uall [19ms]
2023-04-09 01:31:12.493 [info] > git config --get commit.template [6ms]
2023-04-09 01:31:12.493 [info] > git for-each-ref --format=%(refname)%00%(upstream:short)%00%(objectname)%00%(upstream:track)%00%(upstream:remotename)%00%(upstream:remoteref) refs/heads/develop refs/remotes/develop [0ms]
2023-04-09 01:31:12.516 [info] > git status -z -uall [18ms]
2023-04-09 01:31:17.587 [info] > git config --get commit.template [8ms]
2023-04-09 01:31:17.587 [info] > git for-each-ref --format=%(refname)%00%(upstream:short)%00%(objectname)%00%(upstream:track)%00%(upstream:remotename)%00%(upstream:remoteref) refs/heads/develop refs/remotes/develop [1ms]
2023-04-09 01:31:17.612 [info] > git status -z -uall [19ms]
2023-04-09 01:31:22.674 [info] > git config --get commit.template [1ms]
2023-04-09 01:31:22.682 [info] > git for-each-ref --format=%(refname)%00%(upstream:short)%00%(objectname)%00%(upstream:track)%00%(upstream:remotename)%00%(upstream:remoteref) refs/heads/develop refs/remotes/develop [1ms]
2023-04-09 01:31:22.707 [info] > git status -z -uall [19ms]
