2023-04-08 15:12:24.272 [info] Log level: Info
2023-04-08 15:12:24.272 [info] Validating found git in: "git"
2023-04-08 15:12:24.272 [info] Using git "2.25.1" from "git"
2023-04-08 15:12:24.272 [info] > git rev-parse --show-toplevel [3ms]
2023-04-08 15:12:24.272 [info] > git rev-parse --git-dir --git-common-dir [43ms]
2023-04-08 15:12:24.272 [info] Open repository: /home/ascenderuser
2023-04-08 15:12:24.272 [info] > git rev-parse --show-toplevel [29ms]
2023-04-08 15:12:24.279 [info] > git rev-parse --show-toplevel [8ms]
2023-04-08 15:12:24.283 [info] > git config --get commit.template [40ms]
2023-04-08 15:12:24.285 [info] > git rev-parse --show-toplevel [2ms]
2023-04-08 15:12:24.444 [info] > git for-each-ref --format=%(refname)%00%(upstream:short)%00%(objectname)%00%(upstream:track)%00%(upstream:remotename)%00%(upstream:remoteref) refs/heads/develop refs/remotes/develop [151ms]
2023-04-08 15:12:24.447 [info] > git rev-parse --show-toplevel [159ms]
2023-04-08 15:12:24.453 [info] > git log --format=%H%n%aN%n%aE%n%at%n%ct%n%P%n%D%n%B -z -n528 -- /home/ascenderuser/Dockerfile [9ms]
2023-04-08 15:12:24.461 [info] > git rev-parse --show-toplevel [11ms]
2023-04-08 15:12:24.467 [info] > git rev-parse --show-toplevel [2ms]
2023-04-08 15:12:24.472 [info] > git rev-parse --show-toplevel [2ms]
2023-04-08 15:12:24.476 [info] > git status -z -uall [29ms]
2023-04-08 15:12:24.476 [info] > git rev-parse --show-toplevel [1ms]
2023-04-08 15:12:24.545 [info] > git rev-parse --show-toplevel [67ms]
2023-04-08 15:12:24.549 [info] > git config --get commit.template [7ms]
2023-04-08 15:12:24.549 [info] > git rev-parse --show-toplevel [1ms]
2023-04-08 15:12:24.584 [info] > git for-each-ref --format=%(refname)%00%(upstream:short)%00%(objectname)%00%(upstream:track)%00%(upstream:remotename)%00%(upstream:remoteref) refs/heads/develop refs/remotes/develop [27ms]
2023-04-08 15:12:24.588 [info] > git rev-parse --show-toplevel [34ms]
2023-04-08 15:12:24.600 [info] > git rev-parse --show-toplevel [9ms]
2023-04-08 15:12:24.994 [info] > git rev-parse --show-toplevel [390ms]
2023-04-08 15:12:25.030 [info] > git check-ignore -v -z --stdin [7ms]
2023-04-08 15:12:25.033 [info] > git rev-parse --show-toplevel [34ms]
2023-04-08 15:12:25.040 [info] > git rev-parse --show-toplevel [1ms]
2023-04-08 15:12:25.060 [info] > git rev-parse --show-toplevel [13ms]
2023-04-08 15:12:25.075 [info] > git status -z -uall [487ms]
2023-04-08 15:12:25.075 [info] > git show --textconv :Dockerfile [7ms]
2023-04-08 15:12:25.075 [info] > git ls-files --stage -- /home/ascenderuser/Dockerfile [2ms]
2023-04-08 15:12:25.154 [info] > git log --format=%H%n%aN%n%aE%n%at%n%ct%n%P%n%D%n%B -z -n528 -- /home/ascenderuser/Dockerfile [3ms]
2023-04-08 15:12:28.110 [info] > git config --get commit.template [5ms]
2023-04-08 15:12:28.110 [info] > git for-each-ref --format=%(refname)%00%(upstream:short)%00%(objectname)%00%(upstream:track)%00%(upstream:remotename)%00%(upstream:remoteref) refs/heads/develop refs/remotes/develop [0ms]
2023-04-08 15:12:28.131 [info] > git status -z -uall [17ms]
2023-04-08 15:12:33.195 [info] > git config --get commit.template [4ms]
2023-04-08 15:12:33.196 [info] > git for-each-ref --format=%(refname)%00%(upstream:short)%00%(objectname)%00%(upstream:track)%00%(upstream:remotename)%00%(upstream:remoteref) refs/heads/develop refs/remotes/develop [1ms]
2023-04-08 15:12:33.218 [info] > git status -z -uall [19ms]
2023-04-08 15:12:59.079 [info] > git config --get commit.template [1ms]
2023-04-08 15:12:59.084 [info] > git for-each-ref --format=%(refname)%00%(upstream:short)%00%(objectname)%00%(upstream:track)%00%(upstream:remotename)%00%(upstream:remoteref) refs/heads/develop refs/remotes/develop [1ms]
2023-04-08 15:12:59.111 [info] > git status -z -uall [22ms]
2023-04-08 15:13:04.185 [info] > git config --get commit.template [5ms]
2023-04-08 15:13:04.185 [info] > git for-each-ref --format=%(refname)%00%(upstream:short)%00%(objectname)%00%(upstream:track)%00%(upstream:remotename)%00%(upstream:remoteref) refs/heads/develop refs/remotes/develop [0ms]
2023-04-08 15:13:04.209 [info] > git status -z -uall [20ms]
2023-04-08 15:13:09.262 [info] > git config --get commit.template [4ms]
2023-04-08 15:13:09.263 [info] > git for-each-ref --format=%(refname)%00%(upstream:short)%00%(objectname)%00%(upstream:track)%00%(upstream:remotename)%00%(upstream:remoteref) refs/heads/develop refs/remotes/develop [1ms]
2023-04-08 15:13:09.284 [info] > git status -z -uall [18ms]
2023-04-08 15:13:14.338 [info] > git config --get commit.template [5ms]
2023-04-08 15:13:14.338 [info] > git for-each-ref --format=%(refname)%00%(upstream:short)%00%(objectname)%00%(upstream:track)%00%(upstream:remotename)%00%(upstream:remoteref) refs/heads/develop refs/remotes/develop [0ms]
2023-04-08 15:13:14.360 [info] > git status -z -uall [18ms]
2023-04-08 15:13:19.418 [info] > git config --get commit.template [5ms]
2023-04-08 15:13:19.419 [info] > git for-each-ref --format=%(refname)%00%(upstream:short)%00%(objectname)%00%(upstream:track)%00%(upstream:remotename)%00%(upstream:remoteref) refs/heads/develop refs/remotes/develop [1ms]
2023-04-08 15:13:19.440 [info] > git status -z -uall [18ms]
2023-04-08 15:13:24.491 [info] > git config --get commit.template [5ms]
2023-04-08 15:13:24.492 [info] > git for-each-ref --format=%(refname)%00%(upstream:short)%00%(objectname)%00%(upstream:track)%00%(upstream:remotename)%00%(upstream:remoteref) refs/heads/develop refs/remotes/develop [0ms]
2023-04-08 15:13:24.513 [info] > git status -z -uall [18ms]
2023-04-08 15:13:29.564 [info] > git config --get commit.template [1ms]
2023-04-08 15:13:29.570 [info] > git for-each-ref --format=%(refname)%00%(upstream:short)%00%(objectname)%00%(upstream:track)%00%(upstream:remotename)%00%(upstream:remoteref) refs/heads/develop refs/remotes/develop [0ms]
2023-04-08 15:13:29.593 [info] > git status -z -uall [19ms]
2023-04-08 15:13:34.648 [info] > git config --get commit.template [1ms]
2023-04-08 15:13:34.652 [info] > git for-each-ref --format=%(refname)%00%(upstream:short)%00%(objectname)%00%(upstream:track)%00%(upstream:remotename)%00%(upstream:remoteref) refs/heads/develop refs/remotes/develop [0ms]
2023-04-08 15:13:34.675 [info] > git status -z -uall [19ms]
2023-04-08 15:13:39.726 [info] > git config --get commit.template [4ms]
2023-04-08 15:13:39.727 [info] > git for-each-ref --format=%(refname)%00%(upstream:short)%00%(objectname)%00%(upstream:track)%00%(upstream:remotename)%00%(upstream:remoteref) refs/heads/develop refs/remotes/develop [1ms]
2023-04-08 15:13:39.747 [info] > git status -z -uall [17ms]
2023-04-08 15:13:44.806 [info] > git config --get commit.template [6ms]
2023-04-08 15:13:44.806 [info] > git for-each-ref --format=%(refname)%00%(upstream:short)%00%(objectname)%00%(upstream:track)%00%(upstream:remotename)%00%(upstream:remoteref) refs/heads/develop refs/remotes/develop [1ms]
2023-04-08 15:13:44.829 [info] > git status -z -uall [19ms]
2023-04-08 15:13:49.884 [info] > git config --get commit.template [5ms]
2023-04-08 15:13:49.885 [info] > git for-each-ref --format=%(refname)%00%(upstream:short)%00%(objectname)%00%(upstream:track)%00%(upstream:remotename)%00%(upstream:remoteref) refs/heads/develop refs/remotes/develop [1ms]
2023-04-08 15:13:49.905 [info] > git status -z -uall [17ms]
2023-04-08 15:13:54.964 [info] > git config --get commit.template [5ms]
2023-04-08 15:13:54.964 [info] > git for-each-ref --format=%(refname)%00%(upstream:short)%00%(objectname)%00%(upstream:track)%00%(upstream:remotename)%00%(upstream:remoteref) refs/heads/develop refs/remotes/develop [0ms]
2023-04-08 15:13:54.987 [info] > git status -z -uall [19ms]
2023-04-08 15:14:00.039 [info] > git config --get commit.template [5ms]
2023-04-08 15:14:00.039 [info] > git for-each-ref --format=%(refname)%00%(upstream:short)%00%(objectname)%00%(upstream:track)%00%(upstream:remotename)%00%(upstream:remoteref) refs/heads/develop refs/remotes/develop [1ms]
2023-04-08 15:14:00.063 [info] > git status -z -uall [20ms]
2023-04-08 15:14:05.112 [info] > git config --get commit.template [5ms]
2023-04-08 15:14:05.113 [info] > git for-each-ref --format=%(refname)%00%(upstream:short)%00%(objectname)%00%(upstream:track)%00%(upstream:remotename)%00%(upstream:remoteref) refs/heads/develop refs/remotes/develop [1ms]
2023-04-08 15:14:05.138 [info] > git status -z -uall [20ms]
2023-04-08 15:14:10.184 [info] > git config --get commit.template [4ms]
2023-04-08 15:14:10.185 [info] > git for-each-ref --format=%(refname)%00%(upstream:short)%00%(objectname)%00%(upstream:track)%00%(upstream:remotename)%00%(upstream:remoteref) refs/heads/develop refs/remotes/develop [1ms]
2023-04-08 15:14:10.205 [info] > git status -z -uall [17ms]
2023-04-08 15:14:15.260 [info] > git config --get commit.template [5ms]
2023-04-08 15:14:15.260 [info] > git for-each-ref --format=%(refname)%00%(upstream:short)%00%(objectname)%00%(upstream:track)%00%(upstream:remotename)%00%(upstream:remoteref) refs/heads/develop refs/remotes/develop [1ms]
2023-04-08 15:14:15.281 [info] > git status -z -uall [17ms]
2023-04-08 15:14:20.338 [info] > git config --get commit.template [5ms]
2023-04-08 15:14:20.338 [info] > git for-each-ref --format=%(refname)%00%(upstream:short)%00%(objectname)%00%(upstream:track)%00%(upstream:remotename)%00%(upstream:remoteref) refs/heads/develop refs/remotes/develop [1ms]
2023-04-08 15:14:20.358 [info] > git status -z -uall [17ms]
2023-04-08 15:14:25.410 [info] > git config --get commit.template [0ms]
2023-04-08 15:14:25.417 [info] > git for-each-ref --format=%(refname)%00%(upstream:short)%00%(objectname)%00%(upstream:track)%00%(upstream:remotename)%00%(upstream:remoteref) refs/heads/develop refs/remotes/develop [1ms]
2023-04-08 15:14:25.440 [info] > git status -z -uall [20ms]
2023-04-08 15:14:30.493 [info] > git config --get commit.template [4ms]
2023-04-08 15:14:30.494 [info] > git for-each-ref --format=%(refname)%00%(upstream:short)%00%(objectname)%00%(upstream:track)%00%(upstream:remotename)%00%(upstream:remoteref) refs/heads/develop refs/remotes/develop [1ms]
2023-04-08 15:14:30.515 [info] > git status -z -uall [17ms]
2023-04-08 15:14:35.578 [info] > git config --get commit.template [5ms]
2023-04-08 15:14:35.579 [info] > git for-each-ref --format=%(refname)%00%(upstream:short)%00%(objectname)%00%(upstream:track)%00%(upstream:remotename)%00%(upstream:remoteref) refs/heads/develop refs/remotes/develop [1ms]
2023-04-08 15:14:35.599 [info] > git status -z -uall [17ms]
2023-04-08 15:14:40.652 [info] > git config --get commit.template [4ms]
2023-04-08 15:14:40.652 [info] > git for-each-ref --format=%(refname)%00%(upstream:short)%00%(objectname)%00%(upstream:track)%00%(upstream:remotename)%00%(upstream:remoteref) refs/heads/develop refs/remotes/develop [0ms]
2023-04-08 15:14:40.673 [info] > git status -z -uall [18ms]
2023-04-08 15:14:45.725 [info] > git config --get commit.template [5ms]
2023-04-08 15:14:45.725 [info] > git for-each-ref --format=%(refname)%00%(upstream:short)%00%(objectname)%00%(upstream:track)%00%(upstream:remotename)%00%(upstream:remoteref) refs/heads/develop refs/remotes/develop [0ms]
2023-04-08 15:14:45.748 [info] > git status -z -uall [19ms]
2023-04-08 15:14:50.807 [info] > git config --get commit.template [0ms]
2023-04-08 15:14:50.812 [info] > git for-each-ref --format=%(refname)%00%(upstream:short)%00%(objectname)%00%(upstream:track)%00%(upstream:remotename)%00%(upstream:remoteref) refs/heads/develop refs/remotes/develop [0ms]
2023-04-08 15:14:50.833 [info] > git status -z -uall [18ms]
2023-04-08 15:14:55.886 [info] > git config --get commit.template [1ms]
2023-04-08 15:14:55.891 [info] > git for-each-ref --format=%(refname)%00%(upstream:short)%00%(objectname)%00%(upstream:track)%00%(upstream:remotename)%00%(upstream:remoteref) refs/heads/develop refs/remotes/develop [1ms]
2023-04-08 15:14:55.914 [info] > git status -z -uall [20ms]
2023-04-08 15:15:00.961 [info] > git config --get commit.template [1ms]
2023-04-08 15:15:00.966 [info] > git for-each-ref --format=%(refname)%00%(upstream:short)%00%(objectname)%00%(upstream:track)%00%(upstream:remotename)%00%(upstream:remoteref) refs/heads/develop refs/remotes/develop [0ms]
2023-04-08 15:15:00.988 [info] > git status -z -uall [18ms]
2023-04-08 15:15:06.039 [info] > git config --get commit.template [0ms]
2023-04-08 15:15:06.044 [info] > git for-each-ref --format=%(refname)%00%(upstream:short)%00%(objectname)%00%(upstream:track)%00%(upstream:remotename)%00%(upstream:remoteref) refs/heads/develop refs/remotes/develop [0ms]
2023-04-08 15:15:06.066 [info] > git status -z -uall [19ms]
2023-04-08 15:15:11.125 [info] > git config --get commit.template [5ms]
2023-04-08 15:15:11.125 [info] > git for-each-ref --format=%(refname)%00%(upstream:short)%00%(objectname)%00%(upstream:track)%00%(upstream:remotename)%00%(upstream:remoteref) refs/heads/develop refs/remotes/develop [1ms]
2023-04-08 15:15:11.148 [info] > git status -z -uall [20ms]
2023-04-08 15:15:16.205 [info] > git config --get commit.template [1ms]
2023-04-08 15:15:16.212 [info] > git for-each-ref --format=%(refname)%00%(upstream:short)%00%(objectname)%00%(upstream:track)%00%(upstream:remotename)%00%(upstream:remoteref) refs/heads/develop refs/remotes/develop [1ms]
2023-04-08 15:15:16.235 [info] > git status -z -uall [18ms]
2023-04-08 15:15:21.289 [info] > git config --get commit.template [5ms]
2023-04-08 15:15:21.289 [info] > git for-each-ref --format=%(refname)%00%(upstream:short)%00%(objectname)%00%(upstream:track)%00%(upstream:remotename)%00%(upstream:remoteref) refs/heads/develop refs/remotes/develop [1ms]
2023-04-08 15:15:21.310 [info] > git status -z -uall [17ms]
2023-04-08 15:15:26.365 [info] > git config --get commit.template [5ms]
2023-04-08 15:15:26.365 [info] > git for-each-ref --format=%(refname)%00%(upstream:short)%00%(objectname)%00%(upstream:track)%00%(upstream:remotename)%00%(upstream:remoteref) refs/heads/develop refs/remotes/develop [1ms]
2023-04-08 15:15:26.387 [info] > git status -z -uall [19ms]
2023-04-08 15:15:31.445 [info] > git config --get commit.template [5ms]
2023-04-08 15:15:31.445 [info] > git for-each-ref --format=%(refname)%00%(upstream:short)%00%(objectname)%00%(upstream:track)%00%(upstream:remotename)%00%(upstream:remoteref) refs/heads/develop refs/remotes/develop [0ms]
2023-04-08 15:15:31.467 [info] > git status -z -uall [18ms]
2023-04-08 15:15:36.520 [info] > git config --get commit.template [5ms]
2023-04-08 15:15:36.520 [info] > git for-each-ref --format=%(refname)%00%(upstream:short)%00%(objectname)%00%(upstream:track)%00%(upstream:remotename)%00%(upstream:remoteref) refs/heads/develop refs/remotes/develop [1ms]
2023-04-08 15:15:36.542 [info] > git status -z -uall [18ms]
2023-04-08 15:15:41.596 [info] > git config --get commit.template [6ms]
2023-04-08 15:15:41.596 [info] > git for-each-ref --format=%(refname)%00%(upstream:short)%00%(objectname)%00%(upstream:track)%00%(upstream:remotename)%00%(upstream:remoteref) refs/heads/develop refs/remotes/develop [1ms]
2023-04-08 15:15:41.620 [info] > git status -z -uall [20ms]
2023-04-08 15:15:46.674 [info] > git config --get commit.template [5ms]
2023-04-08 15:15:46.675 [info] > git for-each-ref --format=%(refname)%00%(upstream:short)%00%(objectname)%00%(upstream:track)%00%(upstream:remotename)%00%(upstream:remoteref) refs/heads/develop refs/remotes/develop [1ms]
2023-04-08 15:15:46.699 [info] > git status -z -uall [20ms]
2023-04-08 15:16:31.322 [info] > git config --get commit.template [1ms]
2023-04-08 15:16:31.326 [info] > git for-each-ref --format=%(refname)%00%(upstream:short)%00%(objectname)%00%(upstream:track)%00%(upstream:remotename)%00%(upstream:remoteref) refs/heads/develop refs/remotes/develop [1ms]
2023-04-08 15:16:31.352 [info] > git status -z -uall [23ms]
