[Info  - 4:22:47 PM] (351) Pylance language server 2023.4.10 (pyright d7616109) starting
[Info  - 4:22:47 PM] (351) Server root directory: /home/ascenderuser/.vscode-server/extensions/ms-python.vscode-pylance-2023.4.10/dist
[Info  - 4:22:47 PM] (351) Starting service instance "ascenderuser"
[Info  - 4:22:47 PM] (351) Auto-indent enabled
[Info  - 4:22:47 PM] (351) Background analysis(1) root directory: /home/ascenderuser/.vscode-server/extensions/ms-python.vscode-pylance-2023.4.10/dist
[Info  - 4:22:47 PM] (351) Background analysis(1) started
[Info  - 4:22:47 PM] (351) Setting pythonPath for service "ascenderuser": "/bin/python3.8"
[Info  - 4:22:47 PM] (351) Loading pyproject.toml file at /home/ascenderuser/pyproject.toml
[Error - 4:22:47 PM] (351) Pyproject file "/home/ascenderuser/pyproject.toml" is missing "[tool.pyright]" section.
[Warn  - 4:22:47 PM] (351) stubPath /home/ascenderuser/typings is not a valid directory.
[Info  - 4:22:47 PM] (351) Assuming Python version 3.8
[Info  - 4:22:47 PM] (351) Found 9 source files
[Info  - 4:24:04 PM] (351) Indexer background runner(2) root directory: /home/ascenderuser/.vscode-server/extensions/ms-python.vscode-pylance-2023.4.10/dist (index)
[Info  - 4:24:04 PM] (351) Indexing(2) started
[Info  - 4:24:04 PM] (351) scanned(2) 66 files over 1 exec env
[Info  - 4:24:04 PM] (351) indexed(2) 43 files over 1 exec env
[Info  - 4:24:04 PM] (351) Indexing finished(2).
[Info  - 4:26:13 PM] (351) Setting pythonPath for service "ascenderuser": "/bin/python3.8"
[Info  - 4:26:13 PM] (351) Loading pyproject.toml file at /home/ascenderuser/pyproject.toml
[Error - 4:26:13 PM] (351) Pyproject file "/home/ascenderuser/pyproject.toml" is missing "[tool.pyright]" section.
[Warn  - 4:26:13 PM] (351) stubPath /home/ascenderuser/typings is not a valid directory.
[Info  - 4:26:13 PM] (351) Assuming Python version 3.8
[Info  - 4:26:14 PM] (351) Found 9 source files
[Info  - 4:26:14 PM] (351) Indexer background runner(3) root directory: /home/ascenderuser/.vscode-server/extensions/ms-python.vscode-pylance-2023.4.10/dist (index)
[Info  - 4:26:14 PM] (351) Indexing(3) started
[Info  - 4:26:14 PM] (351) scanned(3) 66 files over 1 exec env
[Info  - 4:26:14 PM] (351) indexed(3) 43 files over 1 exec env
[Info  - 4:26:14 PM] (351) Indexing finished(3).
[Info  - 4:28:17 PM] (351) Setting pythonPath for service "ascenderuser": "/bin/python3.8"
[Info  - 4:28:17 PM] (351) Loading pyproject.toml file at /home/ascenderuser/pyproject.toml
[Error - 4:28:17 PM] (351) Pyproject file "/home/ascenderuser/pyproject.toml" is missing "[tool.pyright]" section.
[Warn  - 4:28:17 PM] (351) stubPath /home/ascenderuser/typings is not a valid directory.
[Info  - 4:28:17 PM] (351) Assuming Python version 3.8
[Info  - 4:28:17 PM] (351) Found 9 source files
[Info  - 4:28:22 PM] (351) Indexer background runner(4) root directory: /home/ascenderuser/.vscode-server/extensions/ms-python.vscode-pylance-2023.4.10/dist (index)
[Info  - 4:28:22 PM] (351) Indexing(4) started
[Info  - 4:28:22 PM] (351) scanned(4) 94 files over 1 exec env
[Info  - 4:28:23 PM] (351) indexed(4) 60 files over 1 exec env
[Info  - 4:28:23 PM] (351) Indexing finished(4).
