2023-04-09 01:54:40.849 [info] Log level: Info
2023-04-09 01:54:40.849 [info] Validating found git in: "git"
2023-04-09 01:54:40.849 [info] Using git "2.25.1" from "git"
2023-04-09 01:54:40.849 [info] > git rev-parse --show-toplevel [41ms]
2023-04-09 01:54:40.850 [info] > git rev-parse --git-dir --git-common-dir [6ms]
2023-04-09 01:54:40.856 [info] Open repository: /home/ascenderuser
2023-04-09 01:54:40.877 [info] > git rev-parse --show-toplevel [18ms]
2023-04-09 01:54:40.890 [info] > git rev-parse --show-toplevel [10ms]
2023-04-09 01:54:40.896 [info] > git config --get commit.template [32ms]
2023-04-09 01:54:40.897 [info] > git rev-parse --show-toplevel [2ms]
2023-04-09 01:54:40.906 [info] > git rev-parse --show-toplevel [5ms]
2023-04-09 01:54:40.915 [info] > git for-each-ref --format=%(refname)%00%(upstream:short)%00%(objectname)%00%(upstream:track)%00%(upstream:remotename)%00%(upstream:remoteref) refs/heads/develop refs/remotes/develop [10ms]
2023-04-09 01:54:40.931 [info] > git rev-parse --show-toplevel [18ms]
2023-04-09 01:54:40.938 [info] > git log --format=%H%n%aN%n%aE%n%at%n%ct%n%P%n%D%n%B -z -n527 -- /home/ascenderuser/.vscode/settings.json [10ms]
2023-04-09 01:54:40.952 [info] > git rev-parse --show-toplevel [18ms]
2023-04-09 01:54:40.961 [info] > git rev-parse --show-toplevel [3ms]
2023-04-09 01:54:40.966 [info] > git rev-parse --show-toplevel [1ms]
2023-04-09 01:54:40.970 [info] > git rev-parse --show-toplevel [2ms]
2023-04-09 01:54:40.979 [info] > git status -z -uall [59ms]
2023-04-09 01:54:40.979 [info] > git rev-parse --show-toplevel [6ms]
2023-04-09 01:54:41.084 [info] > git rev-parse --show-toplevel [102ms]
2023-04-09 01:54:41.090 [info] > git config --get commit.template [32ms]
2023-04-09 01:54:41.091 [info] > git rev-parse --show-toplevel [4ms]
2023-04-09 01:54:41.097 [info] > git rev-parse --show-toplevel [3ms]
2023-04-09 01:54:41.100 [info] > git for-each-ref --format=%(refname)%00%(upstream:short)%00%(objectname)%00%(upstream:track)%00%(upstream:remotename)%00%(upstream:remoteref) refs/heads/develop refs/remotes/develop [4ms]
2023-04-09 01:54:41.104 [info] > git rev-parse --show-toplevel [5ms]
2023-04-09 01:54:41.510 [info] > git rev-parse --show-toplevel [403ms]
2023-04-09 01:54:41.545 [info] > git rev-parse --show-toplevel [31ms]
2023-04-09 01:54:41.557 [info] > git check-ignore -v -z --stdin [38ms]
2023-04-09 01:54:41.559 [info] > git rev-parse --show-toplevel [6ms]
2023-04-09 01:54:41.588 [info] > git status -z -uall [486ms]
2023-04-09 01:54:42.421 [info] > git show --textconv :.vscode/settings.json [34ms]
2023-04-09 01:54:42.421 [info] > git ls-files --stage -- /home/ascenderuser/.vscode/settings.json [30ms]
2023-04-09 01:54:42.423 [info] > git log --format=%H%n%aN%n%aE%n%at%n%ct%n%P%n%D%n%B -z -n527 -- /home/ascenderuser/.vscode/settings.json [40ms]
2023-04-09 01:54:45.605 [info] > git config --get commit.template [1ms]
2023-04-09 01:54:45.610 [info] > git for-each-ref --format=%(refname)%00%(upstream:short)%00%(objectname)%00%(upstream:track)%00%(upstream:remotename)%00%(upstream:remoteref) refs/heads/develop refs/remotes/develop [1ms]
2023-04-09 01:54:45.634 [info] > git status -z -uall [20ms]
2023-04-09 01:54:50.716 [info] > git config --get commit.template [4ms]
2023-04-09 01:54:50.716 [info] > git for-each-ref --format=%(refname)%00%(upstream:short)%00%(objectname)%00%(upstream:track)%00%(upstream:remotename)%00%(upstream:remoteref) refs/heads/develop refs/remotes/develop [0ms]
2023-04-09 01:54:50.739 [info] > git status -z -uall [19ms]
2023-04-09 01:54:55.805 [info] > git config --get commit.template [5ms]
2023-04-09 01:54:55.806 [info] > git for-each-ref --format=%(refname)%00%(upstream:short)%00%(objectname)%00%(upstream:track)%00%(upstream:remotename)%00%(upstream:remoteref) refs/heads/develop refs/remotes/develop [1ms]
2023-04-09 01:54:55.829 [info] > git status -z -uall [19ms]
2023-04-09 01:55:00.888 [info] > git config --get commit.template [4ms]
2023-04-09 01:55:00.888 [info] > git for-each-ref --format=%(refname)%00%(upstream:short)%00%(objectname)%00%(upstream:track)%00%(upstream:remotename)%00%(upstream:remoteref) refs/heads/develop refs/remotes/develop [1ms]
2023-04-09 01:55:00.912 [info] > git status -z -uall [20ms]
2023-04-09 01:55:05.970 [info] > git config --get commit.template [1ms]
2023-04-09 01:55:05.975 [info] > git for-each-ref --format=%(refname)%00%(upstream:short)%00%(objectname)%00%(upstream:track)%00%(upstream:remotename)%00%(upstream:remoteref) refs/heads/develop refs/remotes/develop [1ms]
2023-04-09 01:55:05.997 [info] > git status -z -uall [18ms]
2023-04-09 01:55:11.060 [info] > git config --get commit.template [4ms]
2023-04-09 01:55:11.060 [info] > git for-each-ref --format=%(refname)%00%(upstream:short)%00%(objectname)%00%(upstream:track)%00%(upstream:remotename)%00%(upstream:remoteref) refs/heads/develop refs/remotes/develop [1ms]
2023-04-09 01:55:11.083 [info] > git status -z -uall [19ms]
2023-04-09 01:55:16.145 [info] > git config --get commit.template [5ms]
2023-04-09 01:55:16.146 [info] > git for-each-ref --format=%(refname)%00%(upstream:short)%00%(objectname)%00%(upstream:track)%00%(upstream:remotename)%00%(upstream:remoteref) refs/heads/develop refs/remotes/develop [1ms]
2023-04-09 01:55:16.167 [info] > git status -z -uall [18ms]
2023-04-09 01:55:21.224 [info] > git config --get commit.template [1ms]
2023-04-09 01:55:21.229 [info] > git for-each-ref --format=%(refname)%00%(upstream:short)%00%(objectname)%00%(upstream:track)%00%(upstream:remotename)%00%(upstream:remoteref) refs/heads/develop refs/remotes/develop [1ms]
2023-04-09 01:55:21.253 [info] > git status -z -uall [21ms]
2023-04-09 01:55:26.311 [info] > git config --get commit.template [5ms]
2023-04-09 01:55:26.311 [info] > git for-each-ref --format=%(refname)%00%(upstream:short)%00%(objectname)%00%(upstream:track)%00%(upstream:remotename)%00%(upstream:remoteref) refs/heads/develop refs/remotes/develop [1ms]
2023-04-09 01:55:26.333 [info] > git status -z -uall [19ms]
2023-04-09 01:55:31.399 [info] > git config --get commit.template [5ms]
2023-04-09 01:55:31.400 [info] > git for-each-ref --format=%(refname)%00%(upstream:short)%00%(objectname)%00%(upstream:track)%00%(upstream:remotename)%00%(upstream:remoteref) refs/heads/develop refs/remotes/develop [1ms]
2023-04-09 01:55:31.423 [info] > git status -z -uall [20ms]
2023-04-09 01:55:36.481 [info] > git config --get commit.template [4ms]
2023-04-09 01:55:36.482 [info] > git for-each-ref --format=%(refname)%00%(upstream:short)%00%(objectname)%00%(upstream:track)%00%(upstream:remotename)%00%(upstream:remoteref) refs/heads/develop refs/remotes/develop [1ms]
2023-04-09 01:55:36.503 [info] > git status -z -uall [18ms]
2023-04-09 01:55:41.562 [info] > git config --get commit.template [0ms]
2023-04-09 01:55:41.567 [info] > git for-each-ref --format=%(refname)%00%(upstream:short)%00%(objectname)%00%(upstream:track)%00%(upstream:remotename)%00%(upstream:remoteref) refs/heads/develop refs/remotes/develop [0ms]
2023-04-09 01:55:41.590 [info] > git status -z -uall [20ms]
2023-04-09 01:55:46.650 [info] > git config --get commit.template [5ms]
2023-04-09 01:55:46.650 [info] > git for-each-ref --format=%(refname)%00%(upstream:short)%00%(objectname)%00%(upstream:track)%00%(upstream:remotename)%00%(upstream:remoteref) refs/heads/develop refs/remotes/develop [1ms]
2023-04-09 01:55:46.673 [info] > git status -z -uall [20ms]
2023-04-09 01:55:51.733 [info] > git config --get commit.template [4ms]
2023-04-09 01:55:51.733 [info] > git for-each-ref --format=%(refname)%00%(upstream:short)%00%(objectname)%00%(upstream:track)%00%(upstream:remotename)%00%(upstream:remoteref) refs/heads/develop refs/remotes/develop [1ms]
2023-04-09 01:55:51.754 [info] > git status -z -uall [18ms]
2023-04-09 01:55:56.822 [info] > git config --get commit.template [5ms]
2023-04-09 01:55:56.823 [info] > git for-each-ref --format=%(refname)%00%(upstream:short)%00%(objectname)%00%(upstream:track)%00%(upstream:remotename)%00%(upstream:remoteref) refs/heads/develop refs/remotes/develop [1ms]
2023-04-09 01:55:56.846 [info] > git status -z -uall [19ms]
2023-04-09 01:56:01.909 [info] > git config --get commit.template [7ms]
2023-04-09 01:56:01.909 [info] > git for-each-ref --format=%(refname)%00%(upstream:short)%00%(objectname)%00%(upstream:track)%00%(upstream:remotename)%00%(upstream:remoteref) refs/heads/develop refs/remotes/develop [0ms]
2023-04-09 01:56:01.931 [info] > git status -z -uall [18ms]
2023-04-09 01:56:06.992 [info] > git config --get commit.template [3ms]
2023-04-09 01:56:06.993 [info] > git for-each-ref --format=%(refname)%00%(upstream:short)%00%(objectname)%00%(upstream:track)%00%(upstream:remotename)%00%(upstream:remoteref) refs/heads/develop refs/remotes/develop [1ms]
2023-04-09 01:56:07.014 [info] > git status -z -uall [18ms]
2023-04-09 01:56:12.080 [info] > git config --get commit.template [5ms]
2023-04-09 01:56:12.080 [info] > git for-each-ref --format=%(refname)%00%(upstream:short)%00%(objectname)%00%(upstream:track)%00%(upstream:remotename)%00%(upstream:remoteref) refs/heads/develop refs/remotes/develop [1ms]
2023-04-09 01:56:12.103 [info] > git status -z -uall [19ms]
2023-04-09 01:56:17.165 [info] > git config --get commit.template [4ms]
2023-04-09 01:56:17.165 [info] > git for-each-ref --format=%(refname)%00%(upstream:short)%00%(objectname)%00%(upstream:track)%00%(upstream:remotename)%00%(upstream:remoteref) refs/heads/develop refs/remotes/develop [0ms]
2023-04-09 01:56:17.188 [info] > git status -z -uall [20ms]
2023-04-09 01:56:22.248 [info] > git config --get commit.template [5ms]
2023-04-09 01:56:22.248 [info] > git for-each-ref --format=%(refname)%00%(upstream:short)%00%(objectname)%00%(upstream:track)%00%(upstream:remotename)%00%(upstream:remoteref) refs/heads/develop refs/remotes/develop [0ms]
2023-04-09 01:56:22.272 [info] > git status -z -uall [20ms]
2023-04-09 01:56:27.326 [info] > git config --get commit.template [4ms]
2023-04-09 01:56:27.327 [info] > git for-each-ref --format=%(refname)%00%(upstream:short)%00%(objectname)%00%(upstream:track)%00%(upstream:remotename)%00%(upstream:remoteref) refs/heads/develop refs/remotes/develop [0ms]
2023-04-09 01:56:27.347 [info] > git status -z -uall [18ms]
2023-04-09 01:56:32.410 [info] > git config --get commit.template [6ms]
2023-04-09 01:56:32.410 [info] > git for-each-ref --format=%(refname)%00%(upstream:short)%00%(objectname)%00%(upstream:track)%00%(upstream:remotename)%00%(upstream:remoteref) refs/heads/develop refs/remotes/develop [1ms]
2023-04-09 01:56:32.433 [info] > git status -z -uall [19ms]
2023-04-09 01:56:37.497 [info] > git config --get commit.template [4ms]
2023-04-09 01:56:37.497 [info] > git for-each-ref --format=%(refname)%00%(upstream:short)%00%(objectname)%00%(upstream:track)%00%(upstream:remotename)%00%(upstream:remoteref) refs/heads/develop refs/remotes/develop [1ms]
2023-04-09 01:56:37.519 [info] > git status -z -uall [19ms]
2023-04-09 01:56:42.578 [info] > git config --get commit.template [0ms]
2023-04-09 01:56:42.583 [info] > git for-each-ref --format=%(refname)%00%(upstream:short)%00%(objectname)%00%(upstream:track)%00%(upstream:remotename)%00%(upstream:remoteref) refs/heads/develop refs/remotes/develop [0ms]
2023-04-09 01:56:42.605 [info] > git status -z -uall [18ms]
2023-04-09 01:56:47.669 [info] > git config --get commit.template [5ms]
2023-04-09 01:56:47.669 [info] > git for-each-ref --format=%(refname)%00%(upstream:short)%00%(objectname)%00%(upstream:track)%00%(upstream:remotename)%00%(upstream:remoteref) refs/heads/develop refs/remotes/develop [1ms]
2023-04-09 01:56:47.691 [info] > git status -z -uall [18ms]
2023-04-09 01:56:52.746 [info] > git config --get commit.template [1ms]
2023-04-09 01:56:52.750 [info] > git for-each-ref --format=%(refname)%00%(upstream:short)%00%(objectname)%00%(upstream:track)%00%(upstream:remotename)%00%(upstream:remoteref) refs/heads/develop refs/remotes/develop [1ms]
2023-04-09 01:56:52.772 [info] > git status -z -uall [18ms]
2023-04-09 01:56:57.834 [info] > git config --get commit.template [5ms]
2023-04-09 01:56:57.834 [info] > git for-each-ref --format=%(refname)%00%(upstream:short)%00%(objectname)%00%(upstream:track)%00%(upstream:remotename)%00%(upstream:remoteref) refs/heads/develop refs/remotes/develop [0ms]
2023-04-09 01:56:57.857 [info] > git status -z -uall [19ms]
2023-04-09 01:57:02.918 [info] > git config --get commit.template [5ms]
2023-04-09 01:57:02.919 [info] > git for-each-ref --format=%(refname)%00%(upstream:short)%00%(objectname)%00%(upstream:track)%00%(upstream:remotename)%00%(upstream:remoteref) refs/heads/develop refs/remotes/develop [1ms]
2023-04-09 01:57:02.942 [info] > git status -z -uall [20ms]
2023-04-09 01:57:07.998 [info] > git config --get commit.template [0ms]
2023-04-09 01:57:08.008 [info] > git for-each-ref --format=%(refname)%00%(upstream:short)%00%(objectname)%00%(upstream:track)%00%(upstream:remotename)%00%(upstream:remoteref) refs/heads/develop refs/remotes/develop [0ms]
2023-04-09 01:57:08.035 [info] > git status -z -uall [19ms]
2023-04-09 01:57:13.094 [info] > git config --get commit.template [5ms]
2023-04-09 01:57:13.094 [info] > git for-each-ref --format=%(refname)%00%(upstream:short)%00%(objectname)%00%(upstream:track)%00%(upstream:remotename)%00%(upstream:remoteref) refs/heads/develop refs/remotes/develop [0ms]
2023-04-09 01:57:13.116 [info] > git status -z -uall [18ms]
2023-04-09 01:57:18.184 [info] > git config --get commit.template [6ms]
2023-04-09 01:57:18.184 [info] > git for-each-ref --format=%(refname)%00%(upstream:short)%00%(objectname)%00%(upstream:track)%00%(upstream:remotename)%00%(upstream:remoteref) refs/heads/develop refs/remotes/develop [1ms]
2023-04-09 01:57:18.206 [info] > git status -z -uall [18ms]
2023-04-09 01:57:23.265 [info] > git config --get commit.template [1ms]
2023-04-09 01:57:23.272 [info] > git for-each-ref --format=%(refname)%00%(upstream:short)%00%(objectname)%00%(upstream:track)%00%(upstream:remotename)%00%(upstream:remoteref) refs/heads/develop refs/remotes/develop [0ms]
2023-04-09 01:57:23.296 [info] > git status -z -uall [20ms]
2023-04-09 01:57:28.365 [info] > git config --get commit.template [4ms]
2023-04-09 01:57:28.365 [info] > git for-each-ref --format=%(refname)%00%(upstream:short)%00%(objectname)%00%(upstream:track)%00%(upstream:remotename)%00%(upstream:remoteref) refs/heads/develop refs/remotes/develop [1ms]
2023-04-09 01:57:28.386 [info] > git status -z -uall [18ms]
2023-04-09 01:57:33.447 [info] > git config --get commit.template [4ms]
2023-04-09 01:57:33.447 [info] > git for-each-ref --format=%(refname)%00%(upstream:short)%00%(objectname)%00%(upstream:track)%00%(upstream:remotename)%00%(upstream:remoteref) refs/heads/develop refs/remotes/develop [1ms]
2023-04-09 01:57:33.471 [info] > git status -z -uall [20ms]
2023-04-09 01:57:38.528 [info] > git config --get commit.template [0ms]
2023-04-09 01:57:38.532 [info] > git for-each-ref --format=%(refname)%00%(upstream:short)%00%(objectname)%00%(upstream:track)%00%(upstream:remotename)%00%(upstream:remoteref) refs/heads/develop refs/remotes/develop [0ms]
2023-04-09 01:57:38.556 [info] > git status -z -uall [20ms]
2023-04-09 01:57:43.611 [info] > git config --get commit.template [1ms]
2023-04-09 01:57:43.616 [info] > git for-each-ref --format=%(refname)%00%(upstream:short)%00%(objectname)%00%(upstream:track)%00%(upstream:remotename)%00%(upstream:remoteref) refs/heads/develop refs/remotes/develop [1ms]
2023-04-09 01:57:43.637 [info] > git status -z -uall [18ms]
2023-04-09 01:57:48.702 [info] > git config --get commit.template [6ms]
2023-04-09 01:57:48.702 [info] > git for-each-ref --format=%(refname)%00%(upstream:short)%00%(objectname)%00%(upstream:track)%00%(upstream:remotename)%00%(upstream:remoteref) refs/heads/develop refs/remotes/develop [0ms]
2023-04-09 01:57:48.725 [info] > git status -z -uall [19ms]
2023-04-09 01:57:53.784 [info] > git config --get commit.template [4ms]
2023-04-09 01:57:53.785 [info] > git for-each-ref --format=%(refname)%00%(upstream:short)%00%(objectname)%00%(upstream:track)%00%(upstream:remotename)%00%(upstream:remoteref) refs/heads/develop refs/remotes/develop [2ms]
2023-04-09 01:57:53.807 [info] > git status -z -uall [18ms]
2023-04-09 01:57:58.867 [info] > git config --get commit.template [4ms]
2023-04-09 01:57:58.867 [info] > git for-each-ref --format=%(refname)%00%(upstream:short)%00%(objectname)%00%(upstream:track)%00%(upstream:remotename)%00%(upstream:remoteref) refs/heads/develop refs/remotes/develop [0ms]
2023-04-09 01:57:58.890 [info] > git status -z -uall [20ms]
2023-04-09 01:58:03.951 [info] > git config --get commit.template [1ms]
2023-04-09 01:58:03.956 [info] > git for-each-ref --format=%(refname)%00%(upstream:short)%00%(objectname)%00%(upstream:track)%00%(upstream:remotename)%00%(upstream:remoteref) refs/heads/develop refs/remotes/develop [1ms]
2023-04-09 01:58:03.977 [info] > git status -z -uall [18ms]
2023-04-09 01:58:09.040 [info] > git config --get commit.template [5ms]
2023-04-09 01:58:09.041 [info] > git for-each-ref --format=%(refname)%00%(upstream:short)%00%(objectname)%00%(upstream:track)%00%(upstream:remotename)%00%(upstream:remoteref) refs/heads/develop refs/remotes/develop [1ms]
2023-04-09 01:58:09.062 [info] > git status -z -uall [18ms]
2023-04-09 01:58:14.129 [info] > git config --get commit.template [5ms]
2023-04-09 01:58:14.130 [info] > git for-each-ref --format=%(refname)%00%(upstream:short)%00%(objectname)%00%(upstream:track)%00%(upstream:remotename)%00%(upstream:remoteref) refs/heads/develop refs/remotes/develop [1ms]
2023-04-09 01:58:14.152 [info] > git status -z -uall [19ms]
2023-04-09 01:58:19.222 [info] > git config --get commit.template [4ms]
2023-04-09 01:58:19.222 [info] > git for-each-ref --format=%(refname)%00%(upstream:short)%00%(objectname)%00%(upstream:track)%00%(upstream:remotename)%00%(upstream:remoteref) refs/heads/develop refs/remotes/develop [0ms]
2023-04-09 01:58:19.244 [info] > git status -z -uall [18ms]
2023-04-09 01:58:24.305 [info] > git config --get commit.template [5ms]
2023-04-09 01:58:24.306 [info] > git for-each-ref --format=%(refname)%00%(upstream:short)%00%(objectname)%00%(upstream:track)%00%(upstream:remotename)%00%(upstream:remoteref) refs/heads/develop refs/remotes/develop [0ms]
2023-04-09 01:58:24.329 [info] > git status -z -uall [20ms]
2023-04-09 01:58:29.386 [info] > git config --get commit.template [1ms]
2023-04-09 01:58:29.391 [info] > git for-each-ref --format=%(refname)%00%(upstream:short)%00%(objectname)%00%(upstream:track)%00%(upstream:remotename)%00%(upstream:remoteref) refs/heads/develop refs/remotes/develop [1ms]
2023-04-09 01:58:29.412 [info] > git status -z -uall [18ms]
2023-04-09 01:58:34.476 [info] > git config --get commit.template [5ms]
2023-04-09 01:58:34.476 [info] > git for-each-ref --format=%(refname)%00%(upstream:short)%00%(objectname)%00%(upstream:track)%00%(upstream:remotename)%00%(upstream:remoteref) refs/heads/develop refs/remotes/develop [0ms]
2023-04-09 01:58:34.499 [info] > git status -z -uall [19ms]
2023-04-09 01:58:39.559 [info] > git config --get commit.template [4ms]
2023-04-09 01:58:39.559 [info] > git for-each-ref --format=%(refname)%00%(upstream:short)%00%(objectname)%00%(upstream:track)%00%(upstream:remotename)%00%(upstream:remoteref) refs/heads/develop refs/remotes/develop [0ms]
2023-04-09 01:58:39.583 [info] > git status -z -uall [20ms]
2023-04-09 01:58:44.645 [info] > git config --get commit.template [5ms]
2023-04-09 01:58:44.645 [info] > git for-each-ref --format=%(refname)%00%(upstream:short)%00%(objectname)%00%(upstream:track)%00%(upstream:remotename)%00%(upstream:remoteref) refs/heads/develop refs/remotes/develop [0ms]
2023-04-09 01:58:44.666 [info] > git status -z -uall [18ms]
2023-04-09 01:58:49.729 [info] > git config --get commit.template [5ms]
2023-04-09 01:58:49.729 [info] > git for-each-ref --format=%(refname)%00%(upstream:short)%00%(objectname)%00%(upstream:track)%00%(upstream:remotename)%00%(upstream:remoteref) refs/heads/develop refs/remotes/develop [1ms]
2023-04-09 01:58:49.750 [info] > git status -z -uall [18ms]
2023-04-09 01:58:54.818 [info] > git config --get commit.template [6ms]
2023-04-09 01:58:54.818 [info] > git for-each-ref --format=%(refname)%00%(upstream:short)%00%(objectname)%00%(upstream:track)%00%(upstream:remotename)%00%(upstream:remoteref) refs/heads/develop refs/remotes/develop [0ms]
2023-04-09 01:58:54.842 [info] > git status -z -uall [19ms]
2023-04-09 01:58:59.905 [info] > git config --get commit.template [6ms]
2023-04-09 01:58:59.905 [info] > git for-each-ref --format=%(refname)%00%(upstream:short)%00%(objectname)%00%(upstream:track)%00%(upstream:remotename)%00%(upstream:remoteref) refs/heads/develop refs/remotes/develop [1ms]
2023-04-09 01:58:59.928 [info] > git status -z -uall [18ms]
2023-04-09 01:59:04.990 [info] > git config --get commit.template [6ms]
2023-04-09 01:59:04.990 [info] > git for-each-ref --format=%(refname)%00%(upstream:short)%00%(objectname)%00%(upstream:track)%00%(upstream:remotename)%00%(upstream:remoteref) refs/heads/develop refs/remotes/develop [1ms]
2023-04-09 01:59:05.014 [info] > git status -z -uall [20ms]
2023-04-09 01:59:10.069 [info] > git config --get commit.template [0ms]
2023-04-09 01:59:10.076 [info] > git for-each-ref --format=%(refname)%00%(upstream:short)%00%(objectname)%00%(upstream:track)%00%(upstream:remotename)%00%(upstream:remoteref) refs/heads/develop refs/remotes/develop [1ms]
2023-04-09 01:59:10.100 [info] > git status -z -uall [18ms]
2023-04-09 01:59:15.155 [info] > git config --get commit.template [1ms]
2023-04-09 01:59:15.161 [info] > git for-each-ref --format=%(refname)%00%(upstream:short)%00%(objectname)%00%(upstream:track)%00%(upstream:remotename)%00%(upstream:remoteref) refs/heads/develop refs/remotes/develop [0ms]
2023-04-09 01:59:15.186 [info] > git status -z -uall [19ms]
2023-04-09 01:59:20.248 [info] > git config --get commit.template [6ms]
2023-04-09 01:59:20.248 [info] > git for-each-ref --format=%(refname)%00%(upstream:short)%00%(objectname)%00%(upstream:track)%00%(upstream:remotename)%00%(upstream:remoteref) refs/heads/develop refs/remotes/develop [0ms]
2023-04-09 01:59:20.271 [info] > git status -z -uall [19ms]
2023-04-09 01:59:25.334 [info] > git config --get commit.template [5ms]
2023-04-09 01:59:25.335 [info] > git for-each-ref --format=%(refname)%00%(upstream:short)%00%(objectname)%00%(upstream:track)%00%(upstream:remotename)%00%(upstream:remoteref) refs/heads/develop refs/remotes/develop [0ms]
2023-04-09 01:59:25.356 [info] > git status -z -uall [18ms]
2023-04-09 01:59:30.417 [info] > git config --get commit.template [4ms]
2023-04-09 01:59:30.417 [info] > git for-each-ref --format=%(refname)%00%(upstream:short)%00%(objectname)%00%(upstream:track)%00%(upstream:remotename)%00%(upstream:remoteref) refs/heads/develop refs/remotes/develop [1ms]
2023-04-09 01:59:30.439 [info] > git status -z -uall [18ms]
2023-04-09 01:59:35.500 [info] > git config --get commit.template [3ms]
2023-04-09 01:59:35.500 [info] > git for-each-ref --format=%(refname)%00%(upstream:short)%00%(objectname)%00%(upstream:track)%00%(upstream:remotename)%00%(upstream:remoteref) refs/heads/develop refs/remotes/develop [1ms]
2023-04-09 01:59:35.521 [info] > git status -z -uall [18ms]
2023-04-09 01:59:40.578 [info] > git config --get commit.template [4ms]
2023-04-09 01:59:40.579 [info] > git for-each-ref --format=%(refname)%00%(upstream:short)%00%(objectname)%00%(upstream:track)%00%(upstream:remotename)%00%(upstream:remoteref) refs/heads/develop refs/remotes/develop [1ms]
2023-04-09 01:59:40.599 [info] > git status -z -uall [17ms]
2023-04-09 01:59:45.667 [info] > git config --get commit.template [5ms]
2023-04-09 01:59:45.668 [info] > git for-each-ref --format=%(refname)%00%(upstream:short)%00%(objectname)%00%(upstream:track)%00%(upstream:remotename)%00%(upstream:remoteref) refs/heads/develop refs/remotes/develop [0ms]
2023-04-09 01:59:45.690 [info] > git status -z -uall [18ms]
2023-04-09 01:59:50.749 [info] > git config --get commit.template [4ms]
2023-04-09 01:59:50.749 [info] > git for-each-ref --format=%(refname)%00%(upstream:short)%00%(objectname)%00%(upstream:track)%00%(upstream:remotename)%00%(upstream:remoteref) refs/heads/develop refs/remotes/develop [1ms]
2023-04-09 01:59:50.771 [info] > git status -z -uall [19ms]
2023-04-09 01:59:55.836 [info] > git config --get commit.template [5ms]
2023-04-09 01:59:55.836 [info] > git for-each-ref --format=%(refname)%00%(upstream:short)%00%(objectname)%00%(upstream:track)%00%(upstream:remotename)%00%(upstream:remoteref) refs/heads/develop refs/remotes/develop [1ms]
2023-04-09 01:59:55.860 [info] > git status -z -uall [19ms]
2023-04-09 02:00:00.924 [info] > git config --get commit.template [5ms]
2023-04-09 02:00:00.925 [info] > git for-each-ref --format=%(refname)%00%(upstream:short)%00%(objectname)%00%(upstream:track)%00%(upstream:remotename)%00%(upstream:remoteref) refs/heads/develop refs/remotes/develop [1ms]
2023-04-09 02:00:00.948 [info] > git status -z -uall [19ms]
2023-04-09 02:44:14.979 [info] > git config --get commit.template [5ms]
2023-04-09 02:44:14.979 [info] > git for-each-ref --format=%(refname)%00%(upstream:short)%00%(objectname)%00%(upstream:track)%00%(upstream:remotename)%00%(upstream:remoteref) refs/heads/develop refs/remotes/develop [1ms]
2023-04-09 02:44:15.023 [info] > git status -z -uall [40ms]
2023-04-09 02:44:20.491 [info] > git config --get commit.template [1ms]
2023-04-09 02:44:20.497 [info] > git for-each-ref --format=%(refname)%00%(upstream:short)%00%(objectname)%00%(upstream:track)%00%(upstream:remotename)%00%(upstream:remoteref) refs/heads/develop refs/remotes/develop [0ms]
2023-04-09 02:44:20.523 [info] > git status -z -uall [20ms]
2023-04-09 02:46:31.267 [info] > git config --get commit.template [1ms]
2023-04-09 02:46:31.272 [info] > git for-each-ref --format=%(refname)%00%(upstream:short)%00%(objectname)%00%(upstream:track)%00%(upstream:remotename)%00%(upstream:remoteref) refs/heads/develop refs/remotes/develop [1ms]
2023-04-09 02:46:31.300 [info] > git status -z -uall [24ms]
2023-04-09 02:46:36.383 [info] > git config --get commit.template [5ms]
2023-04-09 02:46:36.383 [info] > git for-each-ref --format=%(refname)%00%(upstream:short)%00%(objectname)%00%(upstream:track)%00%(upstream:remotename)%00%(upstream:remoteref) refs/heads/develop refs/remotes/develop [1ms]
2023-04-09 02:46:36.407 [info] > git status -z -uall [19ms]
2023-04-09 02:46:41.470 [info] > git config --get commit.template [4ms]
2023-04-09 02:46:41.470 [info] > git for-each-ref --format=%(refname)%00%(upstream:short)%00%(objectname)%00%(upstream:track)%00%(upstream:remotename)%00%(upstream:remoteref) refs/heads/develop refs/remotes/develop [0ms]
2023-04-09 02:46:41.492 [info] > git status -z -uall [18ms]
2023-04-09 02:46:46.557 [info] > git config --get commit.template [6ms]
2023-04-09 02:46:46.557 [info] > git for-each-ref --format=%(refname)%00%(upstream:short)%00%(objectname)%00%(upstream:track)%00%(upstream:remotename)%00%(upstream:remoteref) refs/heads/develop refs/remotes/develop [1ms]
2023-04-09 02:46:46.585 [info] > git status -z -uall [23ms]
2023-04-09 02:46:51.651 [info] > git config --get commit.template [7ms]
2023-04-09 02:46:51.652 [info] > git for-each-ref --format=%(refname)%00%(upstream:short)%00%(objectname)%00%(upstream:track)%00%(upstream:remotename)%00%(upstream:remoteref) refs/heads/develop refs/remotes/develop [2ms]
2023-04-09 02:46:51.678 [info] > git status -z -uall [20ms]
2023-04-09 02:47:04.977 [info] > git config --get commit.template [4ms]
2023-04-09 02:47:04.977 [info] > git for-each-ref --format=%(refname)%00%(upstream:short)%00%(objectname)%00%(upstream:track)%00%(upstream:remotename)%00%(upstream:remoteref) refs/heads/develop refs/remotes/develop [1ms]
2023-04-09 02:47:05.005 [info] > git status -z -uall [25ms]
2023-04-09 02:47:10.067 [info] > git config --get commit.template [6ms]
2023-04-09 02:47:10.067 [info] > git for-each-ref --format=%(refname)%00%(upstream:short)%00%(objectname)%00%(upstream:track)%00%(upstream:remotename)%00%(upstream:remoteref) refs/heads/develop refs/remotes/develop [0ms]
2023-04-09 02:47:10.092 [info] > git status -z -uall [20ms]
2023-04-09 02:47:15.172 [info] > git config --get commit.template [5ms]
2023-04-09 02:47:15.172 [info] > git for-each-ref --format=%(refname)%00%(upstream:short)%00%(objectname)%00%(upstream:track)%00%(upstream:remotename)%00%(upstream:remoteref) refs/heads/develop refs/remotes/develop [0ms]
2023-04-09 02:47:15.195 [info] > git status -z -uall [19ms]
2023-04-09 02:47:20.253 [info] > git config --get commit.template [5ms]
2023-04-09 02:47:20.253 [info] > git for-each-ref --format=%(refname)%00%(upstream:short)%00%(objectname)%00%(upstream:track)%00%(upstream:remotename)%00%(upstream:remoteref) refs/heads/develop refs/remotes/develop [0ms]
2023-04-09 02:47:20.276 [info] > git status -z -uall [18ms]
2023-04-09 02:49:02.528 [info] > git config --get commit.template [3ms]
2023-04-09 02:49:02.528 [info] > git for-each-ref --format=%(refname)%00%(upstream:short)%00%(objectname)%00%(upstream:track)%00%(upstream:remotename)%00%(upstream:remoteref) refs/heads/develop refs/remotes/develop [1ms]
2023-04-09 02:49:02.556 [info] > git status -z -uall [24ms]
2023-04-09 02:49:07.617 [info] > git config --get commit.template [4ms]
2023-04-09 02:49:07.617 [info] > git for-each-ref --format=%(refname)%00%(upstream:short)%00%(objectname)%00%(upstream:track)%00%(upstream:remotename)%00%(upstream:remoteref) refs/heads/develop refs/remotes/develop [1ms]
2023-04-09 02:49:07.641 [info] > git status -z -uall [21ms]
2023-04-09 02:49:09.605 [info] > git log --format=%H%n%aN%n%aE%n%at%n%ct%n%P%n%D%n%B -z -n527 -- /home/ascenderuser/Dockerfile [1ms]
2023-04-09 02:49:09.802 [info] > git show --textconv :Dockerfile [4ms]
2023-04-09 02:49:09.803 [info] > git ls-files --stage -- /home/ascenderuser/Dockerfile [1ms]
2023-04-09 02:49:12.705 [info] > git config --get commit.template [5ms]
2023-04-09 02:49:12.705 [info] > git for-each-ref --format=%(refname)%00%(upstream:short)%00%(objectname)%00%(upstream:track)%00%(upstream:remotename)%00%(upstream:remoteref) refs/heads/develop refs/remotes/develop [1ms]
2023-04-09 02:49:12.729 [info] > git status -z -uall [19ms]
2023-04-09 02:49:17.784 [info] > git config --get commit.template [0ms]
2023-04-09 02:49:17.790 [info] > git for-each-ref --format=%(refname)%00%(upstream:short)%00%(objectname)%00%(upstream:track)%00%(upstream:remotename)%00%(upstream:remoteref) refs/heads/develop refs/remotes/develop [1ms]
2023-04-09 02:49:17.813 [info] > git status -z -uall [19ms]
2023-04-09 02:49:19.644 [info] > git check-ignore -v -z --stdin [0ms]
2023-04-09 02:49:20.689 [info] > git check-ignore -v -z --stdin [1ms]
2023-04-09 02:49:20.903 [info] > git log --format=%H%n%aN%n%aE%n%at%n%ct%n%P%n%D%n%B -z -n527 -- /home/ascenderuser/src/ch03/nn-mnist.py [114ms]
2023-04-09 02:49:21.192 [info] > git show --textconv :src/ch03/nn-mnist.py [32ms]
2023-04-09 02:49:21.192 [info] > git ls-files --stage -- /home/ascenderuser/src/ch03/nn-mnist.py [24ms]
2023-04-09 02:49:22.874 [info] > git config --get commit.template [5ms]
2023-04-09 02:49:22.874 [info] > git for-each-ref --format=%(refname)%00%(upstream:short)%00%(objectname)%00%(upstream:track)%00%(upstream:remotename)%00%(upstream:remoteref) refs/heads/develop refs/remotes/develop [0ms]
2023-04-09 02:49:22.896 [info] > git status -z -uall [18ms]
2023-04-09 02:49:27.955 [info] > git config --get commit.template [1ms]
2023-04-09 02:49:27.961 [info] > git for-each-ref --format=%(refname)%00%(upstream:short)%00%(objectname)%00%(upstream:track)%00%(upstream:remotename)%00%(upstream:remoteref) refs/heads/develop refs/remotes/develop [1ms]
2023-04-09 02:49:27.983 [info] > git status -z -uall [18ms]
2023-04-09 02:49:33.046 [info] > git config --get commit.template [1ms]
2023-04-09 02:49:33.052 [info] > git for-each-ref --format=%(refname)%00%(upstream:short)%00%(objectname)%00%(upstream:track)%00%(upstream:remotename)%00%(upstream:remoteref) refs/heads/develop refs/remotes/develop [1ms]
2023-04-09 02:49:33.073 [info] > git status -z -uall [17ms]
2023-04-09 02:49:38.135 [info] > git config --get commit.template [6ms]
2023-04-09 02:49:38.135 [info] > git for-each-ref --format=%(refname)%00%(upstream:short)%00%(objectname)%00%(upstream:track)%00%(upstream:remotename)%00%(upstream:remoteref) refs/heads/develop refs/remotes/develop [1ms]
2023-04-09 02:49:38.158 [info] > git status -z -uall [19ms]
2023-04-09 02:49:43.222 [info] > git config --get commit.template [6ms]
2023-04-09 02:49:43.222 [info] > git for-each-ref --format=%(refname)%00%(upstream:short)%00%(objectname)%00%(upstream:track)%00%(upstream:remotename)%00%(upstream:remoteref) refs/heads/develop refs/remotes/develop [0ms]
2023-04-09 02:49:43.244 [info] > git status -z -uall [18ms]
2023-04-09 02:49:48.307 [info] > git config --get commit.template [5ms]
2023-04-09 02:49:48.307 [info] > git for-each-ref --format=%(refname)%00%(upstream:short)%00%(objectname)%00%(upstream:track)%00%(upstream:remotename)%00%(upstream:remoteref) refs/heads/develop refs/remotes/develop [0ms]
2023-04-09 02:49:48.330 [info] > git status -z -uall [19ms]
2023-04-09 02:49:53.395 [info] > git config --get commit.template [6ms]
2023-04-09 02:49:53.395 [info] > git for-each-ref --format=%(refname)%00%(upstream:short)%00%(objectname)%00%(upstream:track)%00%(upstream:remotename)%00%(upstream:remoteref) refs/heads/develop refs/remotes/develop [1ms]
2023-04-09 02:49:53.418 [info] > git status -z -uall [18ms]
2023-04-09 02:49:58.481 [info] > git config --get commit.template [5ms]
2023-04-09 02:49:58.482 [info] > git for-each-ref --format=%(refname)%00%(upstream:short)%00%(objectname)%00%(upstream:track)%00%(upstream:remotename)%00%(upstream:remoteref) refs/heads/develop refs/remotes/develop [1ms]
2023-04-09 02:49:58.505 [info] > git status -z -uall [19ms]
2023-04-09 02:50:03.565 [info] > git config --get commit.template [1ms]
2023-04-09 02:50:03.571 [info] > git for-each-ref --format=%(refname)%00%(upstream:short)%00%(objectname)%00%(upstream:track)%00%(upstream:remotename)%00%(upstream:remoteref) refs/heads/develop refs/remotes/develop [0ms]
2023-04-09 02:50:03.594 [info] > git status -z -uall [18ms]
2023-04-09 02:50:08.658 [info] > git config --get commit.template [6ms]
2023-04-09 02:50:08.658 [info] > git for-each-ref --format=%(refname)%00%(upstream:short)%00%(objectname)%00%(upstream:track)%00%(upstream:remotename)%00%(upstream:remoteref) refs/heads/develop refs/remotes/develop [1ms]
2023-04-09 02:50:08.681 [info] > git status -z -uall [19ms]
2023-04-09 02:50:40.557 [info] > git config --get commit.template [1ms]
2023-04-09 02:50:40.564 [info] > git for-each-ref --format=%(refname)%00%(upstream:short)%00%(objectname)%00%(upstream:track)%00%(upstream:remotename)%00%(upstream:remoteref) refs/heads/develop refs/remotes/develop [1ms]
2023-04-09 02:50:40.596 [info] > git status -z -uall [28ms]
2023-04-09 02:50:45.675 [info] > git config --get commit.template [5ms]
2023-04-09 02:50:45.675 [info] > git for-each-ref --format=%(refname)%00%(upstream:short)%00%(objectname)%00%(upstream:track)%00%(upstream:remotename)%00%(upstream:remoteref) refs/heads/develop refs/remotes/develop [0ms]
2023-04-09 02:50:45.697 [info] > git status -z -uall [18ms]
2023-04-09 02:50:50.759 [info] > git config --get commit.template [5ms]
2023-04-09 02:50:50.759 [info] > git for-each-ref --format=%(refname)%00%(upstream:short)%00%(objectname)%00%(upstream:track)%00%(upstream:remotename)%00%(upstream:remoteref) refs/heads/develop refs/remotes/develop [1ms]
2023-04-09 02:50:50.783 [info] > git status -z -uall [20ms]
2023-04-09 02:50:55.841 [info] > git config --get commit.template [5ms]
2023-04-09 02:50:55.841 [info] > git for-each-ref --format=%(refname)%00%(upstream:short)%00%(objectname)%00%(upstream:track)%00%(upstream:remotename)%00%(upstream:remoteref) refs/heads/develop refs/remotes/develop [0ms]
2023-04-09 02:50:55.865 [info] > git status -z -uall [20ms]
2023-04-09 02:51:00.922 [info] > git config --get commit.template [5ms]
2023-04-09 02:51:00.922 [info] > git for-each-ref --format=%(refname)%00%(upstream:short)%00%(objectname)%00%(upstream:track)%00%(upstream:remotename)%00%(upstream:remoteref) refs/heads/develop refs/remotes/develop [1ms]
2023-04-09 02:51:00.949 [info] > git status -z -uall [23ms]
2023-04-09 02:51:06.011 [info] > git config --get commit.template [5ms]
2023-04-09 02:51:06.011 [info] > git for-each-ref --format=%(refname)%00%(upstream:short)%00%(objectname)%00%(upstream:track)%00%(upstream:remotename)%00%(upstream:remoteref) refs/heads/develop refs/remotes/develop [0ms]
2023-04-09 02:51:06.036 [info] > git status -z -uall [21ms]
2023-04-09 02:51:11.094 [info] > git config --get commit.template [6ms]
2023-04-09 02:51:11.094 [info] > git for-each-ref --format=%(refname)%00%(upstream:short)%00%(objectname)%00%(upstream:track)%00%(upstream:remotename)%00%(upstream:remoteref) refs/heads/develop refs/remotes/develop [0ms]
2023-04-09 02:51:11.117 [info] > git status -z -uall [19ms]
2023-04-09 02:51:16.185 [info] > git config --get commit.template [5ms]
2023-04-09 02:51:16.185 [info] > git for-each-ref --format=%(refname)%00%(upstream:short)%00%(objectname)%00%(upstream:track)%00%(upstream:remotename)%00%(upstream:remoteref) refs/heads/develop refs/remotes/develop [1ms]
2023-04-09 02:51:16.208 [info] > git status -z -uall [19ms]
2023-04-09 02:51:21.271 [info] > git config --get commit.template [5ms]
2023-04-09 02:51:21.271 [info] > git for-each-ref --format=%(refname)%00%(upstream:short)%00%(objectname)%00%(upstream:track)%00%(upstream:remotename)%00%(upstream:remoteref) refs/heads/develop refs/remotes/develop [0ms]
2023-04-09 02:51:21.295 [info] > git status -z -uall [19ms]
2023-04-09 02:51:26.356 [info] > git config --get commit.template [5ms]
2023-04-09 02:51:26.356 [info] > git for-each-ref --format=%(refname)%00%(upstream:short)%00%(objectname)%00%(upstream:track)%00%(upstream:remotename)%00%(upstream:remoteref) refs/heads/develop refs/remotes/develop [0ms]
2023-04-09 02:51:26.379 [info] > git status -z -uall [19ms]
2023-04-09 02:51:31.443 [info] > git config --get commit.template [5ms]
2023-04-09 02:51:31.443 [info] > git for-each-ref --format=%(refname)%00%(upstream:short)%00%(objectname)%00%(upstream:track)%00%(upstream:remotename)%00%(upstream:remoteref) refs/heads/develop refs/remotes/develop [1ms]
2023-04-09 02:51:31.466 [info] > git status -z -uall [19ms]
2023-04-09 02:51:36.304 [info] > git check-ignore -v -z --stdin [1ms]
2023-04-09 02:51:36.527 [info] > git config --get commit.template [1ms]
2023-04-09 02:51:36.534 [info] > git for-each-ref --format=%(refname)%00%(upstream:short)%00%(objectname)%00%(upstream:track)%00%(upstream:remotename)%00%(upstream:remoteref) refs/heads/develop refs/remotes/develop [2ms]
2023-04-09 02:51:36.559 [info] > git status -z -uall [20ms]
2023-04-09 02:51:39.659 [info] > git log --format=%H%n%aN%n%aE%n%at%n%ct%n%P%n%D%n%B -z -n505 -- /home/ascenderuser/.vscode/settings.json [1ms]
2023-04-09 02:51:41.623 [info] > git config --get commit.template [6ms]
2023-04-09 02:51:41.623 [info] > git for-each-ref --format=%(refname)%00%(upstream:short)%00%(objectname)%00%(upstream:track)%00%(upstream:remotename)%00%(upstream:remoteref) refs/heads/develop refs/remotes/develop [0ms]
2023-04-09 02:51:41.647 [info] > git status -z -uall [18ms]
2023-04-09 02:52:11.498 [info] > git config --get commit.template [4ms]
2023-04-09 02:52:11.498 [info] > git for-each-ref --format=%(refname)%00%(upstream:short)%00%(objectname)%00%(upstream:track)%00%(upstream:remotename)%00%(upstream:remoteref) refs/heads/develop refs/remotes/develop [0ms]
2023-04-09 02:52:11.525 [info] > git status -z -uall [23ms]
2023-04-09 02:52:16.588 [info] > git config --get commit.template [7ms]
2023-04-09 02:52:16.588 [info] > git for-each-ref --format=%(refname)%00%(upstream:short)%00%(objectname)%00%(upstream:track)%00%(upstream:remotename)%00%(upstream:remoteref) refs/heads/develop refs/remotes/develop [0ms]
2023-04-09 02:52:16.611 [info] > git status -z -uall [19ms]
2023-04-09 02:52:20.811 [info] > git log --format=%H%n%aN%n%aE%n%at%n%ct%n%P%n%D%n%B -z -n505 -- /home/ascenderuser/Dockerfile [2ms]
2023-04-09 02:52:21.672 [info] > git config --get commit.template [6ms]
2023-04-09 02:52:21.672 [info] > git for-each-ref --format=%(refname)%00%(upstream:short)%00%(objectname)%00%(upstream:track)%00%(upstream:remotename)%00%(upstream:remoteref) refs/heads/develop refs/remotes/develop [0ms]
2023-04-09 02:52:21.696 [info] > git status -z -uall [19ms]
2023-04-09 02:52:26.758 [info] > git config --get commit.template [5ms]
2023-04-09 02:52:26.758 [info] > git for-each-ref --format=%(refname)%00%(upstream:short)%00%(objectname)%00%(upstream:track)%00%(upstream:remotename)%00%(upstream:remoteref) refs/heads/develop refs/remotes/develop [1ms]
2023-04-09 02:52:26.782 [info] > git status -z -uall [20ms]
2023-04-09 02:52:43.163 [info] > git config --get commit.template [1ms]
2023-04-09 02:52:43.169 [info] > git for-each-ref --format=%(refname)%00%(upstream:short)%00%(objectname)%00%(upstream:track)%00%(upstream:remotename)%00%(upstream:remoteref) refs/heads/develop refs/remotes/develop [0ms]
2023-04-09 02:52:43.199 [info] > git status -z -uall [24ms]
2023-04-09 02:54:38.086 [info] > git config --get commit.template [2ms]
2023-04-09 02:54:38.093 [info] > git for-each-ref --format=%(refname)%00%(upstream:short)%00%(objectname)%00%(upstream:track)%00%(upstream:remotename)%00%(upstream:remoteref) refs/heads/develop refs/remotes/develop [1ms]
2023-04-09 02:54:38.121 [info] > git status -z -uall [23ms]
2023-04-09 02:54:43.181 [info] > git config --get commit.template [5ms]
2023-04-09 02:54:43.181 [info] > git for-each-ref --format=%(refname)%00%(upstream:short)%00%(objectname)%00%(upstream:track)%00%(upstream:remotename)%00%(upstream:remoteref) refs/heads/develop refs/remotes/develop [0ms]
2023-04-09 02:54:43.203 [info] > git status -z -uall [18ms]
2023-04-09 02:54:43.806 [info] > git log --format=%H%n%aN%n%aE%n%at%n%ct%n%P%n%D%n%B -z -n505 -- /home/ascenderuser/.vscode/settings.json [30ms]
2023-04-09 02:54:47.355 [info] > git check-ignore -v -z --stdin [1ms]
2023-04-09 02:54:48.261 [info] > git config --get commit.template [6ms]
2023-04-09 02:54:48.261 [info] > git for-each-ref --format=%(refname)%00%(upstream:short)%00%(objectname)%00%(upstream:track)%00%(upstream:remotename)%00%(upstream:remoteref) refs/heads/develop refs/remotes/develop [0ms]
2023-04-09 02:54:48.285 [info] > git status -z -uall [20ms]
2023-04-09 02:54:49.354 [info] > git check-ignore -v -z --stdin [0ms]
2023-04-09 02:54:53.346 [info] > git config --get commit.template [5ms]
2023-04-09 02:54:53.346 [info] > git for-each-ref --format=%(refname)%00%(upstream:short)%00%(objectname)%00%(upstream:track)%00%(upstream:remotename)%00%(upstream:remoteref) refs/heads/develop refs/remotes/develop [1ms]
2023-04-09 02:54:53.370 [info] > git status -z -uall [20ms]
2023-04-09 02:55:19.647 [info] > git config --get commit.template [4ms]
2023-04-09 02:55:19.647 [info] > git for-each-ref --format=%(refname)%00%(upstream:short)%00%(objectname)%00%(upstream:track)%00%(upstream:remotename)%00%(upstream:remoteref) refs/heads/develop refs/remotes/develop [1ms]
2023-04-09 02:55:19.674 [info] > git status -z -uall [23ms]
